{"C:\\--iskola\\vizsgaremek\\app\\Backend\\app.js": {"path":"C:\\--iskola\\vizsgaremek\\app\\Backend\\app.js","statementMap":{"0":{"start":{"line":1,"column":13},"end":{"line":1,"column":28}},"1":{"start":{"line":2,"column":16},"end":{"line":2,"column":34}},"2":{"start":{"line":3,"column":21},"end":{"line":3,"column":45}},"3":{"start":{"line":6,"column":12},"end":{"line":6,"column":21}},"4":{"start":{"line":8,"column":12},"end":{"line":8,"column":21}},"5":{"start":{"line":10,"column":0},"end":{"line":10,"column":24}},"6":{"start":{"line":12,"column":0},"end":{"line":12,"column":48}},"7":{"start":{"line":16,"column":0},"end":{"line":29,"column":1}},"8":{"start":{"line":17,"column":4},"end":{"line":17,"column":46}},"9":{"start":{"line":18,"column":4},"end":{"line":21,"column":8}},"10":{"start":{"line":24,"column":4},"end":{"line":24,"column":50}},"11":{"start":{"line":25,"column":4},"end":{"line":28,"column":8}},"12":{"start":{"line":32,"column":0},"end":{"line":32,"column":24}},"13":{"start":{"line":34,"column":20},"end":{"line":34,"column":55}},"14":{"start":{"line":35,"column":19},"end":{"line":35,"column":53}},"15":{"start":{"line":36,"column":19},"end":{"line":36,"column":53}},"16":{"start":{"line":37,"column":27},"end":{"line":37,"column":69}},"17":{"start":{"line":38,"column":24},"end":{"line":38,"column":63}},"18":{"start":{"line":39,"column":33},"end":{"line":39,"column":81}},"19":{"start":{"line":40,"column":32},"end":{"line":40,"column":79}},"20":{"start":{"line":41,"column":25},"end":{"line":41,"column":65}},"21":{"start":{"line":42,"column":26},"end":{"line":42,"column":67}},"22":{"start":{"line":43,"column":28},"end":{"line":43,"column":71}},"23":{"start":{"line":44,"column":19},"end":{"line":44,"column":53}},"24":{"start":{"line":45,"column":27},"end":{"line":45,"column":69}},"25":{"start":{"line":47,"column":21},"end":{"line":47,"column":62}},"26":{"start":{"line":51,"column":0},"end":{"line":53,"column":1}},"27":{"start":{"line":52,"column":2},"end":{"line":52,"column":23}},"28":{"start":{"line":55,"column":0},"end":{"line":55,"column":21}},"29":{"start":{"line":57,"column":0},"end":{"line":57,"column":29}},"30":{"start":{"line":58,"column":0},"end":{"line":58,"column":42}},"31":{"start":{"line":59,"column":0},"end":{"line":59,"column":46}},"32":{"start":{"line":60,"column":0},"end":{"line":60,"column":48}},"33":{"start":{"line":61,"column":0},"end":{"line":61,"column":35}},"34":{"start":{"line":62,"column":0},"end":{"line":62,"column":41}},"35":{"start":{"line":63,"column":0},"end":{"line":63,"column":30}},"36":{"start":{"line":64,"column":0},"end":{"line":64,"column":38}},"37":{"start":{"line":65,"column":0},"end":{"line":65,"column":42}},"38":{"start":{"line":66,"column":0},"end":{"line":66,"column":30}},"39":{"start":{"line":67,"column":0},"end":{"line":67,"column":46}},"40":{"start":{"line":69,"column":0},"end":{"line":69,"column":31}},"41":{"start":{"line":70,"column":0},"end":{"line":70,"column":50}},"42":{"start":{"line":72,"column":0},"end":{"line":72,"column":31}},"43":{"start":{"line":73,"column":0},"end":{"line":73,"column":32}},"44":{"start":{"line":76,"column":0},"end":{"line":76,"column":21}}},"fnMap":{},"branchMap":{"0":{"loc":{"start":{"line":16,"column":0},"end":{"line":29,"column":1}},"type":"if","locations":[{"start":{"line":16,"column":0},"end":{"line":29,"column":1}},{"start":{"line":23,"column":5},"end":{"line":29,"column":1}}],"line":16},"1":{"loc":{"start":{"line":51,"column":0},"end":{"line":53,"column":1}},"type":"if","locations":[{"start":{"line":51,"column":0},"end":{"line":53,"column":1}},{"start":{},"end":{}}],"line":51}},"s":{"0":5,"1":5,"2":5,"3":5,"4":5,"5":5,"6":5,"7":5,"8":1,"9":1,"10":4,"11":4,"12":5,"13":5,"14":5,"15":5,"16":5,"17":5,"18":5,"19":5,"20":5,"21":5,"22":5,"23":5,"24":5,"25":5,"26":5,"27":0,"28":5,"29":5,"30":5,"31":5,"32":5,"33":5,"34":5,"35":5,"36":5,"37":5,"38":5,"39":5,"40":5,"41":5,"42":5,"43":5,"44":5},"f":{},"b":{"0":[1,4],"1":[0,5]},"_coverageSchema":"1a1c01bbd47fc00a2c39e90264f33305004495a9","hash":"ae4aee38b81adef5b6729e3e649abc30bbd9c6ec"}
,"C:\\--iskola\\vizsgaremek\\app\\Backend\\api\\controllers\\advertisementController.js": {"path":"C:\\--iskola\\vizsgaremek\\app\\Backend\\api\\controllers\\advertisementController.js","statementMap":{"0":{"start":{"line":1,"column":11},"end":{"line":1,"column":27}},"1":{"start":{"line":2,"column":33},"end":{"line":2,"column":59}},"2":{"start":{"line":4,"column":0},"end":{"line":10,"column":2}},"3":{"start":{"line":5,"column":4},"end":{"line":9,"column":5}},"4":{"start":{"line":6,"column":8},"end":{"line":6,"column":77}},"5":{"start":{"line":8,"column":8},"end":{"line":8,"column":20}},"6":{"start":{"line":12,"column":0},"end":{"line":18,"column":2}},"7":{"start":{"line":13,"column":4},"end":{"line":17,"column":5}},"8":{"start":{"line":14,"column":8},"end":{"line":14,"column":86}},"9":{"start":{"line":16,"column":8},"end":{"line":16,"column":20}},"10":{"start":{"line":20,"column":0},"end":{"line":27,"column":2}},"11":{"start":{"line":21,"column":4},"end":{"line":21,"column":23}},"12":{"start":{"line":22,"column":4},"end":{"line":26,"column":5}},"13":{"start":{"line":23,"column":8},"end":{"line":23,"column":82}},"14":{"start":{"line":25,"column":8},"end":{"line":25,"column":20}},"15":{"start":{"line":31,"column":0},"end":{"line":37,"column":2}},"16":{"start":{"line":32,"column":4},"end":{"line":36,"column":5}},"17":{"start":{"line":33,"column":8},"end":{"line":33,"column":89}},"18":{"start":{"line":35,"column":8},"end":{"line":35,"column":20}},"19":{"start":{"line":39,"column":0},"end":{"line":54,"column":2}},"20":{"start":{"line":40,"column":31},"end":{"line":40,"column":45}},"21":{"start":{"line":41,"column":22},"end":{"line":41,"column":51}},"22":{"start":{"line":43,"column":4},"end":{"line":53,"column":5}},"23":{"start":{"line":44,"column":33},"end":{"line":48,"column":10}},"24":{"start":{"line":50,"column":8},"end":{"line":50,"column":47}},"25":{"start":{"line":52,"column":8},"end":{"line":52,"column":20}}},"fnMap":{"0":{"name":"(anonymous_0)","decl":{"start":{"line":4,"column":28},"end":{"line":4,"column":29}},"loc":{"start":{"line":4,"column":54},"end":{"line":10,"column":1}},"line":4},"1":{"name":"(anonymous_1)","decl":{"start":{"line":12,"column":27},"end":{"line":12,"column":28}},"loc":{"start":{"line":12,"column":53},"end":{"line":18,"column":1}},"line":12},"2":{"name":"(anonymous_2)","decl":{"start":{"line":20,"column":33},"end":{"line":20,"column":34}},"loc":{"start":{"line":20,"column":59},"end":{"line":27,"column":1}},"line":20},"3":{"name":"(anonymous_3)","decl":{"start":{"line":31,"column":30},"end":{"line":31,"column":31}},"loc":{"start":{"line":31,"column":56},"end":{"line":37,"column":1}},"line":31},"4":{"name":"(anonymous_4)","decl":{"start":{"line":39,"column":30},"end":{"line":39,"column":31}},"loc":{"start":{"line":39,"column":56},"end":{"line":54,"column":1}},"line":39}},"branchMap":{"0":{"loc":{"start":{"line":40,"column":31},"end":{"line":40,"column":45}},"type":"binary-expr","locations":[{"start":{"line":40,"column":31},"end":{"line":40,"column":39}},{"start":{"line":40,"column":43},"end":{"line":40,"column":45}}],"line":40}},"s":{"0":5,"1":5,"2":5,"3":0,"4":0,"5":0,"6":5,"7":0,"8":0,"9":0,"10":5,"11":0,"12":0,"13":0,"14":0,"15":5,"16":0,"17":0,"18":0,"19":5,"20":0,"21":0,"22":0,"23":0,"24":0,"25":0},"f":{"0":0,"1":0,"2":0,"3":0,"4":0},"b":{"0":[0,0]},"_coverageSchema":"1a1c01bbd47fc00a2c39e90264f33305004495a9","hash":"31f97eb87db875570892cda3f61e3a23440a19b8"}
,"C:\\--iskola\\vizsgaremek\\app\\Backend\\api\\controllers\\authController.js": {"path":"C:\\--iskola\\vizsgaremek\\app\\Backend\\api\\controllers\\authController.js","statementMap":{"0":{"start":{"line":1,"column":15},"end":{"line":1,"column":32}},"1":{"start":{"line":2,"column":11},"end":{"line":2,"column":27}},"2":{"start":{"line":3,"column":88},"end":{"line":3,"column":114}},"3":{"start":{"line":4,"column":18},"end":{"line":4,"column":51}},"4":{"start":{"line":5,"column":28},"end":{"line":5,"column":48}},"5":{"start":{"line":8,"column":0},"end":{"line":36,"column":1}},"6":{"start":{"line":9,"column":60},"end":{"line":9,"column":74}},"7":{"start":{"line":11,"column":4},"end":{"line":35,"column":5}},"8":{"start":{"line":13,"column":28},"end":{"line":18,"column":10}},"9":{"start":{"line":22,"column":34},"end":{"line":22,"column":82}},"10":{"start":{"line":25,"column":27},"end":{"line":25,"column":76}},"11":{"start":{"line":28,"column":8},"end":{"line":28,"column":83}},"12":{"start":{"line":31,"column":8},"end":{"line":31,"column":113}},"13":{"start":{"line":34,"column":8},"end":{"line":34,"column":20}},"14":{"start":{"line":39,"column":0},"end":{"line":102,"column":1}},"15":{"start":{"line":40,"column":22},"end":{"line":40,"column":32}},"16":{"start":{"line":41,"column":77},"end":{"line":41,"column":91}},"17":{"start":{"line":43,"column":4},"end":{"line":101,"column":5}},"18":{"start":{"line":44,"column":24},"end":{"line":44,"column":52}},"19":{"start":{"line":45,"column":8},"end":{"line":47,"column":9}},"20":{"start":{"line":46,"column":12},"end":{"line":46,"column":87}},"21":{"start":{"line":49,"column":23},"end":{"line":90,"column":10}},"22":{"start":{"line":51,"column":32},"end":{"line":59,"column":13}},"23":{"start":{"line":61,"column":29},"end":{"line":69,"column":13}},"24":{"start":{"line":71,"column":12},"end":{"line":74,"column":13}},"25":{"start":{"line":72,"column":16},"end":{"line":72,"column":80}},"26":{"start":{"line":73,"column":16},"end":{"line":73,"column":51}},"27":{"start":{"line":76,"column":40},"end":{"line":80,"column":13}},"28":{"start":{"line":82,"column":34},"end":{"line":82,"column":121}},"29":{"start":{"line":84,"column":12},"end":{"line":88,"column":14}},"30":{"start":{"line":92,"column":8},"end":{"line":96,"column":11}},"31":{"start":{"line":99,"column":8},"end":{"line":99,"column":60}},"32":{"start":{"line":100,"column":8},"end":{"line":100,"column":20}},"33":{"start":{"line":104,"column":0},"end":{"line":145,"column":1}},"34":{"start":{"line":105,"column":35},"end":{"line":105,"column":43}},"35":{"start":{"line":107,"column":4},"end":{"line":144,"column":5}},"36":{"start":{"line":108,"column":8},"end":{"line":110,"column":9}},"37":{"start":{"line":109,"column":12},"end":{"line":109,"column":58}},"38":{"start":{"line":111,"column":8},"end":{"line":113,"column":9}},"39":{"start":{"line":112,"column":12},"end":{"line":112,"column":58}},"40":{"start":{"line":116,"column":8},"end":{"line":120,"column":9}},"41":{"start":{"line":117,"column":12},"end":{"line":119,"column":15}},"42":{"start":{"line":122,"column":21},"end":{"line":122,"column":66}},"43":{"start":{"line":123,"column":8},"end":{"line":125,"column":9}},"44":{"start":{"line":124,"column":12},"end":{"line":124,"column":80}},"45":{"start":{"line":128,"column":8},"end":{"line":130,"column":9}},"46":{"start":{"line":129,"column":12},"end":{"line":129,"column":69}},"47":{"start":{"line":132,"column":8},"end":{"line":132,"column":79}},"48":{"start":{"line":134,"column":22},"end":{"line":134,"column":55}},"49":{"start":{"line":135,"column":8},"end":{"line":135,"column":54}},"50":{"start":{"line":138,"column":8},"end":{"line":138,"column":72}},"51":{"start":{"line":140,"column":8},"end":{"line":140,"column":40}},"52":{"start":{"line":143,"column":8},"end":{"line":143,"column":20}},"53":{"start":{"line":147,"column":0},"end":{"line":149,"column":1}},"54":{"start":{"line":148,"column":4},"end":{"line":148,"column":35}},"55":{"start":{"line":151,"column":0},"end":{"line":154,"column":1}},"56":{"start":{"line":152,"column":4},"end":{"line":152,"column":34}},"57":{"start":{"line":153,"column":4},"end":{"line":153,"column":44}},"58":{"start":{"line":156,"column":0},"end":{"line":170,"column":1}},"59":{"start":{"line":157,"column":4},"end":{"line":169,"column":5}},"60":{"start":{"line":158,"column":23},"end":{"line":158,"column":62}},"61":{"start":{"line":160,"column":8},"end":{"line":165,"column":9}},"62":{"start":{"line":161,"column":12},"end":{"line":161,"column":80}},"63":{"start":{"line":164,"column":12},"end":{"line":164,"column":41}},"64":{"start":{"line":168,"column":8},"end":{"line":168,"column":20}},"65":{"start":{"line":173,"column":0},"end":{"line":181,"column":1}},"66":{"start":{"line":174,"column":22},"end":{"line":174,"column":36}},"67":{"start":{"line":176,"column":4},"end":{"line":180,"column":5}},"68":{"start":{"line":177,"column":8},"end":{"line":177,"column":78}},"69":{"start":{"line":179,"column":8},"end":{"line":179,"column":20}},"70":{"start":{"line":183,"column":0},"end":{"line":194,"column":1}},"71":{"start":{"line":184,"column":35},"end":{"line":184,"column":49}},"72":{"start":{"line":186,"column":4},"end":{"line":193,"column":5}},"73":{"start":{"line":187,"column":8},"end":{"line":190,"column":12}},"74":{"start":{"line":192,"column":8},"end":{"line":192,"column":20}},"75":{"start":{"line":197,"column":0},"end":{"line":208,"column":1}},"76":{"start":{"line":198,"column":33},"end":{"line":198,"column":47}},"77":{"start":{"line":200,"column":4},"end":{"line":207,"column":5}},"78":{"start":{"line":201,"column":8},"end":{"line":204,"column":12}},"79":{"start":{"line":206,"column":8},"end":{"line":206,"column":20}}},"fnMap":{"0":{"name":"(anonymous_0)","decl":{"start":{"line":8,"column":23},"end":{"line":8,"column":24}},"loc":{"start":{"line":8,"column":49},"end":{"line":36,"column":1}},"line":8},"1":{"name":"(anonymous_1)","decl":{"start":{"line":39,"column":30},"end":{"line":39,"column":31}},"loc":{"start":{"line":39,"column":56},"end":{"line":102,"column":1}},"line":39},"2":{"name":"(anonymous_2)","decl":{"start":{"line":49,"column":54},"end":{"line":49,"column":55}},"loc":{"start":{"line":49,"column":75},"end":{"line":90,"column":9}},"line":49},"3":{"name":"(anonymous_3)","decl":{"start":{"line":104,"column":16},"end":{"line":104,"column":17}},"loc":{"start":{"line":104,"column":42},"end":{"line":145,"column":1}},"line":104},"4":{"name":"(anonymous_4)","decl":{"start":{"line":147,"column":17},"end":{"line":147,"column":18}},"loc":{"start":{"line":147,"column":37},"end":{"line":149,"column":1}},"line":147},"5":{"name":"(anonymous_5)","decl":{"start":{"line":151,"column":17},"end":{"line":151,"column":18}},"loc":{"start":{"line":151,"column":37},"end":{"line":154,"column":1}},"line":151},"6":{"name":"(anonymous_6)","decl":{"start":{"line":156,"column":32},"end":{"line":156,"column":33}},"loc":{"start":{"line":156,"column":52},"end":{"line":170,"column":1}},"line":156},"7":{"name":"(anonymous_7)","decl":{"start":{"line":173,"column":25},"end":{"line":173,"column":26}},"loc":{"start":{"line":173,"column":51},"end":{"line":181,"column":1}},"line":173},"8":{"name":"(anonymous_8)","decl":{"start":{"line":183,"column":24},"end":{"line":183,"column":25}},"loc":{"start":{"line":183,"column":50},"end":{"line":194,"column":1}},"line":183},"9":{"name":"(anonymous_9)","decl":{"start":{"line":197,"column":25},"end":{"line":197,"column":26}},"loc":{"start":{"line":197,"column":51},"end":{"line":208,"column":1}},"line":197}},"branchMap":{"0":{"loc":{"start":{"line":9,"column":60},"end":{"line":9,"column":74}},"type":"binary-expr","locations":[{"start":{"line":9,"column":60},"end":{"line":9,"column":68}},{"start":{"line":9,"column":72},"end":{"line":9,"column":74}}],"line":9},"1":{"loc":{"start":{"line":41,"column":77},"end":{"line":41,"column":91}},"type":"binary-expr","locations":[{"start":{"line":41,"column":77},"end":{"line":41,"column":85}},{"start":{"line":41,"column":89},"end":{"line":41,"column":91}}],"line":41},"2":{"loc":{"start":{"line":45,"column":8},"end":{"line":47,"column":9}},"type":"if","locations":[{"start":{"line":45,"column":8},"end":{"line":47,"column":9}},{"start":{},"end":{}}],"line":45},"3":{"loc":{"start":{"line":71,"column":12},"end":{"line":74,"column":13}},"type":"if","locations":[{"start":{"line":71,"column":12},"end":{"line":74,"column":13}},{"start":{},"end":{}}],"line":71},"4":{"loc":{"start":{"line":108,"column":8},"end":{"line":110,"column":9}},"type":"if","locations":[{"start":{"line":108,"column":8},"end":{"line":110,"column":9}},{"start":{},"end":{}}],"line":108},"5":{"loc":{"start":{"line":111,"column":8},"end":{"line":113,"column":9}},"type":"if","locations":[{"start":{"line":111,"column":8},"end":{"line":113,"column":9}},{"start":{},"end":{}}],"line":111},"6":{"loc":{"start":{"line":116,"column":8},"end":{"line":120,"column":9}},"type":"if","locations":[{"start":{"line":116,"column":8},"end":{"line":120,"column":9}},{"start":{},"end":{}}],"line":116},"7":{"loc":{"start":{"line":123,"column":8},"end":{"line":125,"column":9}},"type":"if","locations":[{"start":{"line":123,"column":8},"end":{"line":125,"column":9}},{"start":{},"end":{}}],"line":123},"8":{"loc":{"start":{"line":128,"column":8},"end":{"line":130,"column":9}},"type":"if","locations":[{"start":{"line":128,"column":8},"end":{"line":130,"column":9}},{"start":{},"end":{}}],"line":128},"9":{"loc":{"start":{"line":160,"column":8},"end":{"line":165,"column":9}},"type":"if","locations":[{"start":{"line":160,"column":8},"end":{"line":165,"column":9}},{"start":{"line":163,"column":13},"end":{"line":165,"column":9}}],"line":160},"10":{"loc":{"start":{"line":174,"column":22},"end":{"line":174,"column":36}},"type":"binary-expr","locations":[{"start":{"line":174,"column":22},"end":{"line":174,"column":30}},{"start":{"line":174,"column":34},"end":{"line":174,"column":36}}],"line":174},"11":{"loc":{"start":{"line":184,"column":35},"end":{"line":184,"column":49}},"type":"binary-expr","locations":[{"start":{"line":184,"column":35},"end":{"line":184,"column":43}},{"start":{"line":184,"column":47},"end":{"line":184,"column":49}}],"line":184},"12":{"loc":{"start":{"line":198,"column":33},"end":{"line":198,"column":47}},"type":"binary-expr","locations":[{"start":{"line":198,"column":33},"end":{"line":198,"column":41}},{"start":{"line":198,"column":45},"end":{"line":198,"column":47}}],"line":198}},"s":{"0":5,"1":5,"2":5,"3":5,"4":5,"5":5,"6":11,"7":11,"8":11,"9":1,"10":1,"11":1,"12":1,"13":10,"14":5,"15":2,"16":2,"17":2,"18":2,"19":2,"20":1,"21":1,"22":1,"23":1,"24":1,"25":0,"26":0,"27":1,"28":1,"29":1,"30":1,"31":0,"32":0,"33":5,"34":6,"35":6,"36":6,"37":1,"38":5,"39":1,"40":4,"41":1,"42":3,"43":3,"44":1,"45":2,"46":1,"47":1,"48":1,"49":1,"50":1,"51":1,"52":2,"53":5,"54":1,"55":5,"56":1,"57":1,"58":5,"59":2,"60":2,"61":2,"62":1,"63":1,"64":0,"65":5,"66":5,"67":5,"68":5,"69":2,"70":5,"71":6,"72":6,"73":6,"74":5,"75":5,"76":5,"77":5,"78":5,"79":4},"f":{"0":11,"1":2,"2":1,"3":6,"4":1,"5":1,"6":2,"7":5,"8":6,"9":5},"b":{"0":[11,0],"1":[2,0],"2":[1,1],"3":[0,1],"4":[1,5],"5":[1,4],"6":[1,3],"7":[1,2],"8":[1,1],"9":[1,1],"10":[5,0],"11":[6,0],"12":[5,0]},"_coverageSchema":"1a1c01bbd47fc00a2c39e90264f33305004495a9","hash":"c5be266927a55d88e7f46e01c3f7fde969e2e7e4"}
,"C:\\--iskola\\vizsgaremek\\app\\Backend\\api\\controllers\\cloudController.js": {"path":"C:\\--iskola\\vizsgaremek\\app\\Backend\\api\\controllers\\cloudController.js","statementMap":{"0":{"start":{"line":1,"column":0},"end":{"line":8,"column":2}},"1":{"start":{"line":2,"column":4},"end":{"line":7,"column":7}}},"fnMap":{"0":{"name":"(anonymous_0)","decl":{"start":{"line":1,"column":24},"end":{"line":1,"column":25}},"loc":{"start":{"line":1,"column":44},"end":{"line":8,"column":1}},"line":1}},"branchMap":{},"s":{"0":5,"1":0},"f":{"0":0},"b":{},"_coverageSchema":"1a1c01bbd47fc00a2c39e90264f33305004495a9","hash":"a169722fd59acd2b6dcbd121f82bc95c38e869ca"}
,"C:\\--iskola\\vizsgaremek\\app\\Backend\\api\\controllers\\connectionsController.js": {"path":"C:\\--iskola\\vizsgaremek\\app\\Backend\\api\\controllers\\connectionsController.js","statementMap":{"0":{"start":{"line":1,"column":11},"end":{"line":1,"column":27}},"1":{"start":{"line":2,"column":31},"end":{"line":2,"column":57}},"2":{"start":{"line":4,"column":0},"end":{"line":10,"column":2}},"3":{"start":{"line":5,"column":4},"end":{"line":9,"column":5}},"4":{"start":{"line":6,"column":8},"end":{"line":6,"column":72}},"5":{"start":{"line":8,"column":8},"end":{"line":8,"column":20}},"6":{"start":{"line":12,"column":0},"end":{"line":20,"column":2}},"7":{"start":{"line":13,"column":18},"end":{"line":13,"column":43}},"8":{"start":{"line":15,"column":4},"end":{"line":19,"column":5}},"9":{"start":{"line":16,"column":8},"end":{"line":16,"column":91}},"10":{"start":{"line":18,"column":8},"end":{"line":18,"column":20}},"11":{"start":{"line":21,"column":0},"end":{"line":29,"column":2}},"12":{"start":{"line":22,"column":18},"end":{"line":22,"column":43}},"13":{"start":{"line":24,"column":4},"end":{"line":28,"column":5}},"14":{"start":{"line":25,"column":8},"end":{"line":25,"column":91}},"15":{"start":{"line":27,"column":8},"end":{"line":27,"column":20}},"16":{"start":{"line":31,"column":0},"end":{"line":39,"column":2}},"17":{"start":{"line":32,"column":18},"end":{"line":32,"column":43}},"18":{"start":{"line":34,"column":4},"end":{"line":38,"column":5}},"19":{"start":{"line":35,"column":8},"end":{"line":35,"column":96}},"20":{"start":{"line":37,"column":8},"end":{"line":37,"column":20}},"21":{"start":{"line":41,"column":0},"end":{"line":49,"column":2}},"22":{"start":{"line":42,"column":18},"end":{"line":42,"column":43}},"23":{"start":{"line":44,"column":4},"end":{"line":48,"column":5}},"24":{"start":{"line":45,"column":8},"end":{"line":45,"column":91}},"25":{"start":{"line":47,"column":8},"end":{"line":47,"column":20}},"26":{"start":{"line":51,"column":0},"end":{"line":59,"column":2}},"27":{"start":{"line":52,"column":18},"end":{"line":52,"column":43}},"28":{"start":{"line":54,"column":4},"end":{"line":58,"column":5}},"29":{"start":{"line":55,"column":8},"end":{"line":55,"column":87}},"30":{"start":{"line":57,"column":8},"end":{"line":57,"column":20}},"31":{"start":{"line":62,"column":0},"end":{"line":71,"column":2}},"32":{"start":{"line":63,"column":23},"end":{"line":63,"column":33}},"33":{"start":{"line":64,"column":18},"end":{"line":64,"column":43}},"34":{"start":{"line":66,"column":4},"end":{"line":70,"column":5}},"35":{"start":{"line":67,"column":8},"end":{"line":67,"column":91}},"36":{"start":{"line":69,"column":8},"end":{"line":69,"column":20}},"37":{"start":{"line":73,"column":0},"end":{"line":88,"column":2}},"38":{"start":{"line":74,"column":23},"end":{"line":74,"column":33}},"39":{"start":{"line":75,"column":19},"end":{"line":75,"column":42}},"40":{"start":{"line":76,"column":18},"end":{"line":76,"column":43}},"41":{"start":{"line":78,"column":4},"end":{"line":87,"column":5}},"42":{"start":{"line":79,"column":30},"end":{"line":79,"column":98}},"43":{"start":{"line":81,"column":8},"end":{"line":84,"column":11}},"44":{"start":{"line":86,"column":8},"end":{"line":86,"column":20}},"45":{"start":{"line":90,"column":0},"end":{"line":102,"column":2}},"46":{"start":{"line":91,"column":23},"end":{"line":91,"column":33}},"47":{"start":{"line":92,"column":19},"end":{"line":92,"column":29}},"48":{"start":{"line":93,"column":18},"end":{"line":93,"column":43}},"49":{"start":{"line":96,"column":4},"end":{"line":101,"column":5}},"50":{"start":{"line":97,"column":34},"end":{"line":97,"column":102}},"51":{"start":{"line":98,"column":8},"end":{"line":98,"column":48}},"52":{"start":{"line":100,"column":8},"end":{"line":100,"column":20}}},"fnMap":{"0":{"name":"(anonymous_0)","decl":{"start":{"line":4,"column":25},"end":{"line":4,"column":26}},"loc":{"start":{"line":4,"column":51},"end":{"line":10,"column":1}},"line":4},"1":{"name":"(anonymous_1)","decl":{"start":{"line":12,"column":39},"end":{"line":12,"column":40}},"loc":{"start":{"line":12,"column":65},"end":{"line":20,"column":1}},"line":12},"2":{"name":"(anonymous_2)","decl":{"start":{"line":21,"column":47},"end":{"line":21,"column":48}},"loc":{"start":{"line":21,"column":73},"end":{"line":29,"column":1}},"line":21},"3":{"name":"(anonymous_3)","decl":{"start":{"line":31,"column":36},"end":{"line":31,"column":37}},"loc":{"start":{"line":31,"column":70},"end":{"line":39,"column":1}},"line":31},"4":{"name":"(anonymous_4)","decl":{"start":{"line":41,"column":39},"end":{"line":41,"column":40}},"loc":{"start":{"line":41,"column":65},"end":{"line":49,"column":1}},"line":41},"5":{"name":"(anonymous_5)","decl":{"start":{"line":51,"column":35},"end":{"line":51,"column":36}},"loc":{"start":{"line":51,"column":61},"end":{"line":59,"column":1}},"line":51},"6":{"name":"(anonymous_6)","decl":{"start":{"line":62,"column":27},"end":{"line":62,"column":28}},"loc":{"start":{"line":62,"column":53},"end":{"line":71,"column":1}},"line":62},"7":{"name":"(anonymous_7)","decl":{"start":{"line":73,"column":27},"end":{"line":73,"column":28}},"loc":{"start":{"line":73,"column":53},"end":{"line":88,"column":1}},"line":73},"8":{"name":"(anonymous_8)","decl":{"start":{"line":90,"column":27},"end":{"line":90,"column":28}},"loc":{"start":{"line":90,"column":53},"end":{"line":102,"column":1}},"line":90}},"branchMap":{"0":{"loc":{"start":{"line":75,"column":19},"end":{"line":75,"column":42}},"type":"binary-expr","locations":[{"start":{"line":75,"column":19},"end":{"line":75,"column":29}},{"start":{"line":75,"column":33},"end":{"line":75,"column":42}}],"line":75}},"s":{"0":5,"1":5,"2":5,"3":0,"4":0,"5":0,"6":5,"7":0,"8":0,"9":0,"10":0,"11":5,"12":0,"13":0,"14":0,"15":0,"16":5,"17":0,"18":0,"19":0,"20":0,"21":5,"22":0,"23":0,"24":0,"25":0,"26":5,"27":0,"28":0,"29":0,"30":0,"31":5,"32":0,"33":0,"34":0,"35":0,"36":0,"37":5,"38":0,"39":0,"40":0,"41":0,"42":0,"43":0,"44":0,"45":5,"46":0,"47":0,"48":0,"49":0,"50":0,"51":0,"52":0},"f":{"0":0,"1":0,"2":0,"3":0,"4":0,"5":0,"6":0,"7":0,"8":0},"b":{"0":[0,0]},"_coverageSchema":"1a1c01bbd47fc00a2c39e90264f33305004495a9","hash":"a31fce292df3ccc49e48eeca2164eafed35e4adc"}
,"C:\\--iskola\\vizsgaremek\\app\\Backend\\api\\controllers\\kickController.js": {"path":"C:\\--iskola\\vizsgaremek\\app\\Backend\\api\\controllers\\kickController.js","statementMap":{"0":{"start":{"line":1,"column":11},"end":{"line":1,"column":27}},"1":{"start":{"line":2,"column":24},"end":{"line":2,"column":50}},"2":{"start":{"line":4,"column":0},"end":{"line":10,"column":2}},"3":{"start":{"line":5,"column":4},"end":{"line":9,"column":5}},"4":{"start":{"line":6,"column":8},"end":{"line":6,"column":59}},"5":{"start":{"line":8,"column":8},"end":{"line":8,"column":20}},"6":{"start":{"line":12,"column":0},"end":{"line":20,"column":2}},"7":{"start":{"line":13,"column":18},"end":{"line":13,"column":43}},"8":{"start":{"line":15,"column":4},"end":{"line":19,"column":5}},"9":{"start":{"line":16,"column":8},"end":{"line":16,"column":66}},"10":{"start":{"line":18,"column":8},"end":{"line":18,"column":20}},"11":{"start":{"line":22,"column":0},"end":{"line":31,"column":2}},"12":{"start":{"line":23,"column":19},"end":{"line":23,"column":29}},"13":{"start":{"line":24,"column":18},"end":{"line":24,"column":43}},"14":{"start":{"line":26,"column":4},"end":{"line":30,"column":5}},"15":{"start":{"line":27,"column":8},"end":{"line":27,"column":79}},"16":{"start":{"line":29,"column":8},"end":{"line":29,"column":20}},"17":{"start":{"line":33,"column":0},"end":{"line":41,"column":2}},"18":{"start":{"line":34,"column":18},"end":{"line":34,"column":43}},"19":{"start":{"line":36,"column":4},"end":{"line":40,"column":5}},"20":{"start":{"line":37,"column":8},"end":{"line":37,"column":74}},"21":{"start":{"line":39,"column":8},"end":{"line":39,"column":20}},"22":{"start":{"line":44,"column":0},"end":{"line":52,"column":2}},"23":{"start":{"line":45,"column":18},"end":{"line":45,"column":43}},"24":{"start":{"line":47,"column":4},"end":{"line":51,"column":5}},"25":{"start":{"line":48,"column":8},"end":{"line":48,"column":78}},"26":{"start":{"line":50,"column":8},"end":{"line":50,"column":20}},"27":{"start":{"line":55,"column":0},"end":{"line":61,"column":2}},"28":{"start":{"line":56,"column":4},"end":{"line":60,"column":5}},"29":{"start":{"line":57,"column":8},"end":{"line":57,"column":78}},"30":{"start":{"line":59,"column":8},"end":{"line":59,"column":20}},"31":{"start":{"line":63,"column":0},"end":{"line":70,"column":2}},"32":{"start":{"line":65,"column":4},"end":{"line":69,"column":5}},"33":{"start":{"line":66,"column":8},"end":{"line":66,"column":71}},"34":{"start":{"line":68,"column":8},"end":{"line":68,"column":20}},"35":{"start":{"line":72,"column":0},"end":{"line":83,"column":2}},"36":{"start":{"line":73,"column":19},"end":{"line":73,"column":29}},"37":{"start":{"line":74,"column":18},"end":{"line":74,"column":43}},"38":{"start":{"line":76,"column":4},"end":{"line":82,"column":5}},"39":{"start":{"line":78,"column":8},"end":{"line":78,"column":70}},"40":{"start":{"line":81,"column":8},"end":{"line":81,"column":20}}},"fnMap":{"0":{"name":"(anonymous_0)","decl":{"start":{"line":4,"column":19},"end":{"line":4,"column":20}},"loc":{"start":{"line":4,"column":45},"end":{"line":10,"column":1}},"line":4},"1":{"name":"(anonymous_1)","decl":{"start":{"line":12,"column":21},"end":{"line":12,"column":22}},"loc":{"start":{"line":12,"column":47},"end":{"line":20,"column":1}},"line":12},"2":{"name":"(anonymous_2)","decl":{"start":{"line":22,"column":26},"end":{"line":22,"column":27}},"loc":{"start":{"line":22,"column":52},"end":{"line":31,"column":1}},"line":22},"3":{"name":"(anonymous_3)","decl":{"start":{"line":33,"column":29},"end":{"line":33,"column":30}},"loc":{"start":{"line":33,"column":55},"end":{"line":41,"column":1}},"line":33},"4":{"name":"(anonymous_4)","decl":{"start":{"line":44,"column":33},"end":{"line":44,"column":34}},"loc":{"start":{"line":44,"column":59},"end":{"line":52,"column":1}},"line":44},"5":{"name":"(anonymous_5)","decl":{"start":{"line":55,"column":25},"end":{"line":55,"column":26}},"loc":{"start":{"line":55,"column":51},"end":{"line":61,"column":1}},"line":55},"6":{"name":"(anonymous_6)","decl":{"start":{"line":63,"column":21},"end":{"line":63,"column":22}},"loc":{"start":{"line":63,"column":47},"end":{"line":70,"column":1}},"line":63},"7":{"name":"(anonymous_7)","decl":{"start":{"line":72,"column":17},"end":{"line":72,"column":18}},"loc":{"start":{"line":72,"column":43},"end":{"line":83,"column":1}},"line":72}},"branchMap":{},"s":{"0":5,"1":5,"2":5,"3":0,"4":0,"5":0,"6":5,"7":0,"8":0,"9":0,"10":0,"11":5,"12":0,"13":0,"14":0,"15":0,"16":0,"17":5,"18":0,"19":0,"20":0,"21":0,"22":5,"23":0,"24":0,"25":0,"26":0,"27":5,"28":0,"29":0,"30":0,"31":5,"32":0,"33":0,"34":0,"35":5,"36":0,"37":0,"38":0,"39":0,"40":0},"f":{"0":0,"1":0,"2":0,"3":0,"4":0,"5":0,"6":0,"7":0},"b":{},"_coverageSchema":"1a1c01bbd47fc00a2c39e90264f33305004495a9","hash":"f8c9cce7364919c23619e26f5821e4485baf40d5"}
,"C:\\--iskola\\vizsgaremek\\app\\Backend\\api\\controllers\\userController.js": {"path":"C:\\--iskola\\vizsgaremek\\app\\Backend\\api\\controllers\\userController.js","statementMap":{"0":{"start":{"line":1,"column":11},"end":{"line":1,"column":27}},"1":{"start":{"line":2,"column":24},"end":{"line":2,"column":50}},"2":{"start":{"line":3,"column":18},"end":{"line":3,"column":51}},"3":{"start":{"line":5,"column":0},"end":{"line":11,"column":2}},"4":{"start":{"line":6,"column":4},"end":{"line":10,"column":5}},"5":{"start":{"line":7,"column":8},"end":{"line":7,"column":59}},"6":{"start":{"line":9,"column":8},"end":{"line":9,"column":20}},"7":{"start":{"line":13,"column":0},"end":{"line":19,"column":2}},"8":{"start":{"line":14,"column":4},"end":{"line":18,"column":5}},"9":{"start":{"line":15,"column":8},"end":{"line":15,"column":68}},"10":{"start":{"line":17,"column":8},"end":{"line":17,"column":20}},"11":{"start":{"line":20,"column":0},"end":{"line":38,"column":2}},"12":{"start":{"line":21,"column":27},"end":{"line":21,"column":45}},"13":{"start":{"line":23,"column":15},"end":{"line":23,"column":19}},"14":{"start":{"line":24,"column":4},"end":{"line":37,"column":5}},"15":{"start":{"line":26,"column":25},"end":{"line":26,"column":53}},"16":{"start":{"line":28,"column":8},"end":{"line":32,"column":9}},"17":{"start":{"line":29,"column":12},"end":{"line":29,"column":59}},"18":{"start":{"line":31,"column":12},"end":{"line":31,"column":71}},"19":{"start":{"line":34,"column":8},"end":{"line":34,"column":35}},"20":{"start":{"line":36,"column":8},"end":{"line":36,"column":20}},"21":{"start":{"line":42,"column":0},"end":{"line":48,"column":2}},"22":{"start":{"line":43,"column":4},"end":{"line":47,"column":5}},"23":{"start":{"line":44,"column":8},"end":{"line":44,"column":78}},"24":{"start":{"line":46,"column":8},"end":{"line":46,"column":20}},"25":{"start":{"line":50,"column":0},"end":{"line":58,"column":2}},"26":{"start":{"line":51,"column":4},"end":{"line":57,"column":5}},"27":{"start":{"line":52,"column":30},"end":{"line":52,"column":70}},"28":{"start":{"line":54,"column":8},"end":{"line":54,"column":44}},"29":{"start":{"line":56,"column":8},"end":{"line":56,"column":20}},"30":{"start":{"line":60,"column":0},"end":{"line":78,"column":2}},"31":{"start":{"line":61,"column":47},"end":{"line":61,"column":61}},"32":{"start":{"line":62,"column":4},"end":{"line":77,"column":5}},"33":{"start":{"line":63,"column":24},"end":{"line":67,"column":10}},"34":{"start":{"line":69,"column":22},"end":{"line":69,"column":58}},"35":{"start":{"line":71,"column":8},"end":{"line":74,"column":11}},"36":{"start":{"line":76,"column":8},"end":{"line":76,"column":20}},"37":{"start":{"line":80,"column":0},"end":{"line":87,"column":2}},"38":{"start":{"line":81,"column":4},"end":{"line":86,"column":5}},"39":{"start":{"line":82,"column":28},"end":{"line":82,"column":78}},"40":{"start":{"line":83,"column":8},"end":{"line":83,"column":42}},"41":{"start":{"line":85,"column":8},"end":{"line":85,"column":20}},"42":{"start":{"line":89,"column":0},"end":{"line":99,"column":2}},"43":{"start":{"line":90,"column":18},"end":{"line":90,"column":34}},"44":{"start":{"line":92,"column":4},"end":{"line":96,"column":5}},"45":{"start":{"line":93,"column":8},"end":{"line":93,"column":78}},"46":{"start":{"line":95,"column":8},"end":{"line":95,"column":20}}},"fnMap":{"0":{"name":"(anonymous_0)","decl":{"start":{"line":5,"column":19},"end":{"line":5,"column":20}},"loc":{"start":{"line":5,"column":45},"end":{"line":11,"column":1}},"line":5},"1":{"name":"(anonymous_1)","decl":{"start":{"line":13,"column":18},"end":{"line":13,"column":19}},"loc":{"start":{"line":13,"column":44},"end":{"line":19,"column":1}},"line":13},"2":{"name":"(anonymous_2)","decl":{"start":{"line":20,"column":36},"end":{"line":20,"column":37}},"loc":{"start":{"line":20,"column":62},"end":{"line":38,"column":1}},"line":20},"3":{"name":"(anonymous_3)","decl":{"start":{"line":42,"column":25},"end":{"line":42,"column":26}},"loc":{"start":{"line":42,"column":51},"end":{"line":48,"column":1}},"line":42},"4":{"name":"(anonymous_4)","decl":{"start":{"line":50,"column":21},"end":{"line":50,"column":22}},"loc":{"start":{"line":50,"column":47},"end":{"line":58,"column":1}},"line":50},"5":{"name":"(anonymous_5)","decl":{"start":{"line":60,"column":21},"end":{"line":60,"column":22}},"loc":{"start":{"line":60,"column":47},"end":{"line":78,"column":1}},"line":60},"6":{"name":"(anonymous_6)","decl":{"start":{"line":80,"column":21},"end":{"line":80,"column":22}},"loc":{"start":{"line":80,"column":47},"end":{"line":87,"column":1}},"line":80},"7":{"name":"(anonymous_7)","decl":{"start":{"line":89,"column":33},"end":{"line":89,"column":34}},"loc":{"start":{"line":89,"column":59},"end":{"line":99,"column":1}},"line":89}},"branchMap":{"0":{"loc":{"start":{"line":28,"column":8},"end":{"line":32,"column":9}},"type":"if","locations":[{"start":{"line":28,"column":8},"end":{"line":32,"column":9}},{"start":{"line":30,"column":15},"end":{"line":32,"column":9}}],"line":28},"1":{"loc":{"start":{"line":28,"column":12},"end":{"line":28,"column":67}},"type":"binary-expr","locations":[{"start":{"line":28,"column":12},"end":{"line":28,"column":28}},{"start":{"line":28,"column":32},"end":{"line":28,"column":67}}],"line":28},"2":{"loc":{"start":{"line":61,"column":47},"end":{"line":61,"column":61}},"type":"binary-expr","locations":[{"start":{"line":61,"column":47},"end":{"line":61,"column":55}},{"start":{"line":61,"column":59},"end":{"line":61,"column":61}}],"line":61}},"s":{"0":5,"1":5,"2":5,"3":5,"4":1,"5":1,"6":0,"7":5,"8":3,"9":3,"10":0,"11":5,"12":2,"13":2,"14":2,"15":2,"16":2,"17":1,"18":1,"19":2,"20":0,"21":5,"22":0,"23":0,"24":0,"25":5,"26":2,"27":2,"28":1,"29":1,"30":5,"31":4,"32":4,"33":4,"34":2,"35":2,"36":2,"37":5,"38":2,"39":2,"40":1,"41":1,"42":5,"43":0,"44":0,"45":0,"46":0},"f":{"0":1,"1":3,"2":2,"3":0,"4":2,"5":4,"6":2,"7":0},"b":{"0":[1,1],"1":[2,1],"2":[4,0]},"_coverageSchema":"1a1c01bbd47fc00a2c39e90264f33305004495a9","hash":"908634b000e85d997c34dd31c8cb75ca378f126e"}
,"C:\\--iskola\\vizsgaremek\\app\\Backend\\api\\controllers\\user_postController.js": {"path":"C:\\--iskola\\vizsgaremek\\app\\Backend\\api\\controllers\\user_postController.js","statementMap":{"0":{"start":{"line":1,"column":11},"end":{"line":1,"column":27}},"1":{"start":{"line":2,"column":29},"end":{"line":2,"column":55}},"2":{"start":{"line":4,"column":0},"end":{"line":10,"column":2}},"3":{"start":{"line":5,"column":4},"end":{"line":9,"column":5}},"4":{"start":{"line":6,"column":8},"end":{"line":6,"column":69}},"5":{"start":{"line":8,"column":8},"end":{"line":8,"column":20}},"6":{"start":{"line":12,"column":0},"end":{"line":21,"column":2}},"7":{"start":{"line":13,"column":4},"end":{"line":20,"column":5}},"8":{"start":{"line":14,"column":21},"end":{"line":14,"column":45}},"9":{"start":{"line":15,"column":24},"end":{"line":15,"column":51}},"10":{"start":{"line":17,"column":8},"end":{"line":17,"column":88}},"11":{"start":{"line":19,"column":8},"end":{"line":19,"column":20}},"12":{"start":{"line":23,"column":0},"end":{"line":29,"column":2}},"13":{"start":{"line":24,"column":4},"end":{"line":28,"column":5}},"14":{"start":{"line":25,"column":8},"end":{"line":25,"column":88}},"15":{"start":{"line":27,"column":8},"end":{"line":27,"column":20}},"16":{"start":{"line":31,"column":0},"end":{"line":37,"column":2}},"17":{"start":{"line":32,"column":4},"end":{"line":36,"column":5}},"18":{"start":{"line":33,"column":8},"end":{"line":33,"column":83}},"19":{"start":{"line":35,"column":8},"end":{"line":35,"column":20}},"20":{"start":{"line":39,"column":0},"end":{"line":45,"column":2}},"21":{"start":{"line":40,"column":4},"end":{"line":44,"column":5}},"22":{"start":{"line":41,"column":8},"end":{"line":41,"column":81}},"23":{"start":{"line":43,"column":8},"end":{"line":43,"column":20}},"24":{"start":{"line":47,"column":0},"end":{"line":62,"column":2}},"25":{"start":{"line":48,"column":30},"end":{"line":48,"column":44}},"26":{"start":{"line":49,"column":18},"end":{"line":49,"column":43}},"27":{"start":{"line":52,"column":4},"end":{"line":61,"column":5}},"28":{"start":{"line":53,"column":8},"end":{"line":58,"column":12}},"29":{"start":{"line":60,"column":8},"end":{"line":60,"column":20}},"30":{"start":{"line":64,"column":0},"end":{"line":71,"column":2}},"31":{"start":{"line":65,"column":4},"end":{"line":70,"column":5}},"32":{"start":{"line":66,"column":33},"end":{"line":66,"column":93}},"33":{"start":{"line":67,"column":8},"end":{"line":67,"column":47}},"34":{"start":{"line":69,"column":8},"end":{"line":69,"column":20}}},"fnMap":{"0":{"name":"(anonymous_0)","decl":{"start":{"line":4,"column":24},"end":{"line":4,"column":25}},"loc":{"start":{"line":4,"column":50},"end":{"line":10,"column":1}},"line":4},"1":{"name":"(anonymous_1)","decl":{"start":{"line":12,"column":31},"end":{"line":12,"column":32}},"loc":{"start":{"line":12,"column":57},"end":{"line":21,"column":1}},"line":12},"2":{"name":"(anonymous_2)","decl":{"start":{"line":23,"column":33},"end":{"line":23,"column":34}},"loc":{"start":{"line":23,"column":59},"end":{"line":29,"column":1}},"line":23},"3":{"name":"(anonymous_3)","decl":{"start":{"line":31,"column":28},"end":{"line":31,"column":29}},"loc":{"start":{"line":31,"column":54},"end":{"line":37,"column":1}},"line":31},"4":{"name":"(anonymous_4)","decl":{"start":{"line":39,"column":26},"end":{"line":39,"column":27}},"loc":{"start":{"line":39,"column":52},"end":{"line":45,"column":1}},"line":39},"5":{"name":"(anonymous_5)","decl":{"start":{"line":47,"column":26},"end":{"line":47,"column":27}},"loc":{"start":{"line":47,"column":52},"end":{"line":62,"column":1}},"line":47},"6":{"name":"(anonymous_6)","decl":{"start":{"line":64,"column":26},"end":{"line":64,"column":27}},"loc":{"start":{"line":64,"column":52},"end":{"line":71,"column":1}},"line":64}},"branchMap":{"0":{"loc":{"start":{"line":48,"column":30},"end":{"line":48,"column":44}},"type":"binary-expr","locations":[{"start":{"line":48,"column":30},"end":{"line":48,"column":38}},{"start":{"line":48,"column":42},"end":{"line":48,"column":44}}],"line":48},"1":{"loc":{"start":{"line":57,"column":23},"end":{"line":57,"column":96}},"type":"cond-expr","locations":[{"start":{"line":57,"column":34},"end":{"line":57,"column":84}},{"start":{"line":57,"column":87},"end":{"line":57,"column":96}}],"line":57}},"s":{"0":5,"1":5,"2":5,"3":0,"4":0,"5":0,"6":5,"7":0,"8":0,"9":0,"10":0,"11":0,"12":5,"13":0,"14":0,"15":0,"16":5,"17":0,"18":0,"19":0,"20":5,"21":0,"22":0,"23":0,"24":5,"25":0,"26":0,"27":0,"28":0,"29":0,"30":5,"31":0,"32":0,"33":0,"34":0},"f":{"0":0,"1":0,"2":0,"3":0,"4":0,"5":0,"6":0},"b":{"0":[0,0],"1":[0,0]},"_coverageSchema":"1a1c01bbd47fc00a2c39e90264f33305004495a9","hash":"f9bf565762205179c841fa89ca4a66ea245a80a0"}
,"C:\\--iskola\\vizsgaremek\\app\\Backend\\api\\controllers\\user_post_commentController.js": {"path":"C:\\--iskola\\vizsgaremek\\app\\Backend\\api\\controllers\\user_post_commentController.js","statementMap":{"0":{"start":{"line":1,"column":11},"end":{"line":1,"column":27}},"1":{"start":{"line":2,"column":37},"end":{"line":2,"column":63}},"2":{"start":{"line":5,"column":0},"end":{"line":11,"column":2}},"3":{"start":{"line":6,"column":4},"end":{"line":10,"column":5}},"4":{"start":{"line":7,"column":8},"end":{"line":7,"column":87}},"5":{"start":{"line":9,"column":8},"end":{"line":9,"column":20}},"6":{"start":{"line":13,"column":0},"end":{"line":19,"column":2}},"7":{"start":{"line":14,"column":4},"end":{"line":18,"column":5}},"8":{"start":{"line":15,"column":8},"end":{"line":15,"column":97}},"9":{"start":{"line":17,"column":8},"end":{"line":17,"column":20}},"10":{"start":{"line":22,"column":0},"end":{"line":28,"column":2}},"11":{"start":{"line":23,"column":4},"end":{"line":27,"column":5}},"12":{"start":{"line":24,"column":8},"end":{"line":24,"column":99}},"13":{"start":{"line":26,"column":8},"end":{"line":26,"column":20}},"14":{"start":{"line":30,"column":0},"end":{"line":46,"column":2}},"15":{"start":{"line":31,"column":33},"end":{"line":31,"column":47}},"16":{"start":{"line":32,"column":18},"end":{"line":32,"column":43}},"17":{"start":{"line":34,"column":4},"end":{"line":45,"column":5}},"18":{"start":{"line":35,"column":41},"end":{"line":40,"column":9}},"19":{"start":{"line":42,"column":8},"end":{"line":42,"column":55}},"20":{"start":{"line":44,"column":8},"end":{"line":44,"column":20}},"21":{"start":{"line":49,"column":0},"end":{"line":65,"column":2}},"22":{"start":{"line":50,"column":28},"end":{"line":50,"column":42}},"23":{"start":{"line":51,"column":18},"end":{"line":51,"column":43}},"24":{"start":{"line":53,"column":4},"end":{"line":64,"column":5}},"25":{"start":{"line":54,"column":41},"end":{"line":59,"column":5}},"26":{"start":{"line":61,"column":8},"end":{"line":61,"column":55}},"27":{"start":{"line":63,"column":8},"end":{"line":63,"column":20}}},"fnMap":{"0":{"name":"(anonymous_0)","decl":{"start":{"line":5,"column":34},"end":{"line":5,"column":35}},"loc":{"start":{"line":5,"column":60},"end":{"line":11,"column":1}},"line":5},"1":{"name":"(anonymous_1)","decl":{"start":{"line":13,"column":33},"end":{"line":13,"column":34}},"loc":{"start":{"line":13,"column":59},"end":{"line":19,"column":1}},"line":13},"2":{"name":"(anonymous_2)","decl":{"start":{"line":22,"column":36},"end":{"line":22,"column":37}},"loc":{"start":{"line":22,"column":62},"end":{"line":28,"column":1}},"line":22},"3":{"name":"(anonymous_3)","decl":{"start":{"line":30,"column":36},"end":{"line":30,"column":37}},"loc":{"start":{"line":30,"column":62},"end":{"line":46,"column":1}},"line":30},"4":{"name":"(anonymous_4)","decl":{"start":{"line":49,"column":36},"end":{"line":49,"column":37}},"loc":{"start":{"line":49,"column":62},"end":{"line":65,"column":1}},"line":49}},"branchMap":{"0":{"loc":{"start":{"line":31,"column":33},"end":{"line":31,"column":47}},"type":"binary-expr","locations":[{"start":{"line":31,"column":33},"end":{"line":31,"column":41}},{"start":{"line":31,"column":45},"end":{"line":31,"column":47}}],"line":31},"1":{"loc":{"start":{"line":50,"column":28},"end":{"line":50,"column":42}},"type":"binary-expr","locations":[{"start":{"line":50,"column":28},"end":{"line":50,"column":36}},{"start":{"line":50,"column":40},"end":{"line":50,"column":42}}],"line":50}},"s":{"0":5,"1":5,"2":5,"3":0,"4":0,"5":0,"6":5,"7":0,"8":0,"9":0,"10":5,"11":0,"12":0,"13":0,"14":5,"15":0,"16":0,"17":0,"18":0,"19":0,"20":0,"21":5,"22":0,"23":0,"24":0,"25":0,"26":0,"27":0},"f":{"0":0,"1":0,"2":0,"3":0,"4":0},"b":{"0":[0,0],"1":[0,0]},"_coverageSchema":"1a1c01bbd47fc00a2c39e90264f33305004495a9","hash":"552e749eb516a757a18fd42fd4e06cc5ca2047e6"}
,"C:\\--iskola\\vizsgaremek\\app\\Backend\\api\\controllers\\user_post_reactionController.js": {"path":"C:\\--iskola\\vizsgaremek\\app\\Backend\\api\\controllers\\user_post_reactionController.js","statementMap":{"0":{"start":{"line":1,"column":11},"end":{"line":1,"column":27}},"1":{"start":{"line":2,"column":38},"end":{"line":2,"column":64}},"2":{"start":{"line":5,"column":0},"end":{"line":11,"column":2}},"3":{"start":{"line":6,"column":4},"end":{"line":10,"column":5}},"4":{"start":{"line":7,"column":8},"end":{"line":7,"column":89}},"5":{"start":{"line":9,"column":8},"end":{"line":9,"column":20}},"6":{"start":{"line":13,"column":0},"end":{"line":21,"column":2}},"7":{"start":{"line":14,"column":22},"end":{"line":14,"column":47}},"8":{"start":{"line":16,"column":4},"end":{"line":20,"column":5}},"9":{"start":{"line":17,"column":8},"end":{"line":17,"column":105}},"10":{"start":{"line":19,"column":8},"end":{"line":19,"column":20}},"11":{"start":{"line":24,"column":0},"end":{"line":30,"column":2}},"12":{"start":{"line":25,"column":4},"end":{"line":29,"column":5}},"13":{"start":{"line":26,"column":8},"end":{"line":26,"column":101}},"14":{"start":{"line":28,"column":8},"end":{"line":28,"column":20}},"15":{"start":{"line":32,"column":0},"end":{"line":48,"column":2}},"16":{"start":{"line":33,"column":34},"end":{"line":33,"column":48}},"17":{"start":{"line":34,"column":18},"end":{"line":34,"column":43}},"18":{"start":{"line":36,"column":4},"end":{"line":47,"column":5}},"19":{"start":{"line":37,"column":42},"end":{"line":42,"column":9}},"20":{"start":{"line":44,"column":8},"end":{"line":44,"column":56}},"21":{"start":{"line":46,"column":8},"end":{"line":46,"column":20}}},"fnMap":{"0":{"name":"(anonymous_0)","decl":{"start":{"line":5,"column":35},"end":{"line":5,"column":36}},"loc":{"start":{"line":5,"column":61},"end":{"line":11,"column":1}},"line":5},"1":{"name":"(anonymous_1)","decl":{"start":{"line":13,"column":34},"end":{"line":13,"column":35}},"loc":{"start":{"line":13,"column":60},"end":{"line":21,"column":1}},"line":13},"2":{"name":"(anonymous_2)","decl":{"start":{"line":24,"column":37},"end":{"line":24,"column":38}},"loc":{"start":{"line":24,"column":63},"end":{"line":30,"column":1}},"line":24},"3":{"name":"(anonymous_3)","decl":{"start":{"line":32,"column":27},"end":{"line":32,"column":28}},"loc":{"start":{"line":32,"column":53},"end":{"line":48,"column":1}},"line":32}},"branchMap":{"0":{"loc":{"start":{"line":33,"column":34},"end":{"line":33,"column":48}},"type":"binary-expr","locations":[{"start":{"line":33,"column":34},"end":{"line":33,"column":42}},{"start":{"line":33,"column":46},"end":{"line":33,"column":48}}],"line":33}},"s":{"0":5,"1":5,"2":5,"3":0,"4":0,"5":0,"6":5,"7":0,"8":0,"9":0,"10":0,"11":5,"12":0,"13":0,"14":0,"15":5,"16":0,"17":0,"18":0,"19":0,"20":0,"21":0},"f":{"0":0,"1":0,"2":0,"3":0},"b":{"0":[0,0]},"_coverageSchema":"1a1c01bbd47fc00a2c39e90264f33305004495a9","hash":"ab549593228ab05b6157b38e0b7d979b6d0969fa"}
,"C:\\--iskola\\vizsgaremek\\app\\Backend\\api\\controllers\\user_profileController.js": {"path":"C:\\--iskola\\vizsgaremek\\app\\Backend\\api\\controllers\\user_profileController.js","statementMap":{"0":{"start":{"line":1,"column":11},"end":{"line":1,"column":27}},"1":{"start":{"line":2,"column":32},"end":{"line":2,"column":58}},"2":{"start":{"line":5,"column":0},"end":{"line":11,"column":2}},"3":{"start":{"line":6,"column":4},"end":{"line":10,"column":5}},"4":{"start":{"line":7,"column":8},"end":{"line":7,"column":75}},"5":{"start":{"line":9,"column":8},"end":{"line":9,"column":20}},"6":{"start":{"line":13,"column":0},"end":{"line":20,"column":2}},"7":{"start":{"line":14,"column":4},"end":{"line":19,"column":5}},"8":{"start":{"line":15,"column":27},"end":{"line":15,"column":80}},"9":{"start":{"line":16,"column":8},"end":{"line":16,"column":37}},"10":{"start":{"line":18,"column":8},"end":{"line":18,"column":20}},"11":{"start":{"line":22,"column":0},"end":{"line":28,"column":2}},"12":{"start":{"line":23,"column":4},"end":{"line":27,"column":5}},"13":{"start":{"line":24,"column":8},"end":{"line":24,"column":94}},"14":{"start":{"line":26,"column":8},"end":{"line":26,"column":20}},"15":{"start":{"line":30,"column":0},"end":{"line":36,"column":2}},"16":{"start":{"line":31,"column":4},"end":{"line":35,"column":5}},"17":{"start":{"line":32,"column":8},"end":{"line":32,"column":87}},"18":{"start":{"line":34,"column":8},"end":{"line":34,"column":20}},"19":{"start":{"line":38,"column":0},"end":{"line":54,"column":2}},"20":{"start":{"line":39,"column":98},"end":{"line":39,"column":112}},"21":{"start":{"line":40,"column":4},"end":{"line":53,"column":5}},"22":{"start":{"line":41,"column":8},"end":{"line":50,"column":12}},"23":{"start":{"line":52,"column":8},"end":{"line":52,"column":20}},"24":{"start":{"line":56,"column":0},"end":{"line":77,"column":2}},"25":{"start":{"line":57,"column":4},"end":{"line":76,"column":5}},"26":{"start":{"line":58,"column":74},"end":{"line":58,"column":82}},"27":{"start":{"line":59,"column":28},"end":{"line":66,"column":9}},"28":{"start":{"line":68,"column":8},"end":{"line":70,"column":9}},"29":{"start":{"line":69,"column":12},"end":{"line":69,"column":90}},"30":{"start":{"line":72,"column":28},"end":{"line":72,"column":99}},"31":{"start":{"line":73,"column":8},"end":{"line":73,"column":42}},"32":{"start":{"line":75,"column":8},"end":{"line":75,"column":20}}},"fnMap":{"0":{"name":"(anonymous_0)","decl":{"start":{"line":5,"column":27},"end":{"line":5,"column":28}},"loc":{"start":{"line":5,"column":53},"end":{"line":11,"column":1}},"line":5},"1":{"name":"(anonymous_1)","decl":{"start":{"line":13,"column":26},"end":{"line":13,"column":27}},"loc":{"start":{"line":13,"column":52},"end":{"line":20,"column":1}},"line":13},"2":{"name":"(anonymous_2)","decl":{"start":{"line":22,"column":33},"end":{"line":22,"column":34}},"loc":{"start":{"line":22,"column":59},"end":{"line":28,"column":1}},"line":22},"3":{"name":"(anonymous_3)","decl":{"start":{"line":30,"column":29},"end":{"line":30,"column":30}},"loc":{"start":{"line":30,"column":55},"end":{"line":36,"column":1}},"line":30},"4":{"name":"(anonymous_4)","decl":{"start":{"line":38,"column":29},"end":{"line":38,"column":30}},"loc":{"start":{"line":38,"column":55},"end":{"line":54,"column":1}},"line":38},"5":{"name":"(anonymous_5)","decl":{"start":{"line":56,"column":29},"end":{"line":56,"column":30}},"loc":{"start":{"line":56,"column":55},"end":{"line":77,"column":1}},"line":56}},"branchMap":{"0":{"loc":{"start":{"line":39,"column":98},"end":{"line":39,"column":112}},"type":"binary-expr","locations":[{"start":{"line":39,"column":98},"end":{"line":39,"column":106}},{"start":{"line":39,"column":110},"end":{"line":39,"column":112}}],"line":39},"1":{"loc":{"start":{"line":68,"column":8},"end":{"line":70,"column":9}},"type":"if","locations":[{"start":{"line":68,"column":8},"end":{"line":70,"column":9}},{"start":{},"end":{}}],"line":68}},"s":{"0":5,"1":5,"2":5,"3":1,"4":1,"5":0,"6":5,"7":1,"8":1,"9":1,"10":0,"11":5,"12":2,"13":2,"14":0,"15":5,"16":2,"17":2,"18":1,"19":5,"20":10,"21":10,"22":10,"23":9,"24":5,"25":11,"26":11,"27":11,"28":11,"29":0,"30":11,"31":2,"32":9},"f":{"0":1,"1":1,"2":2,"3":2,"4":10,"5":11},"b":{"0":[10,0],"1":[0,11]},"_coverageSchema":"1a1c01bbd47fc00a2c39e90264f33305004495a9","hash":"75dd38772188ff0837102e71d994813a48f7f6c1"}
,"C:\\--iskola\\vizsgaremek\\app\\Backend\\api\\controllers\\user_settingsController.js": {"path":"C:\\--iskola\\vizsgaremek\\app\\Backend\\api\\controllers\\user_settingsController.js","statementMap":{"0":{"start":{"line":1,"column":11},"end":{"line":1,"column":27}},"1":{"start":{"line":2,"column":33},"end":{"line":2,"column":59}},"2":{"start":{"line":4,"column":0},"end":{"line":10,"column":2}},"3":{"start":{"line":5,"column":4},"end":{"line":9,"column":5}},"4":{"start":{"line":6,"column":8},"end":{"line":6,"column":76}},"5":{"start":{"line":8,"column":8},"end":{"line":8,"column":20}},"6":{"start":{"line":12,"column":0},"end":{"line":20,"column":2}},"7":{"start":{"line":13,"column":18},"end":{"line":13,"column":43}},"8":{"start":{"line":15,"column":4},"end":{"line":19,"column":5}},"9":{"start":{"line":16,"column":8},"end":{"line":16,"column":88}},"10":{"start":{"line":18,"column":8},"end":{"line":18,"column":20}},"11":{"start":{"line":22,"column":0},"end":{"line":31,"column":2}},"12":{"start":{"line":23,"column":18},"end":{"line":23,"column":43}},"13":{"start":{"line":25,"column":4},"end":{"line":30,"column":5}},"14":{"start":{"line":26,"column":8},"end":{"line":26,"column":62}},"15":{"start":{"line":27,"column":8},"end":{"line":27,"column":28}},"16":{"start":{"line":29,"column":8},"end":{"line":29,"column":20}},"17":{"start":{"line":33,"column":0},"end":{"line":46,"column":2}},"18":{"start":{"line":34,"column":18},"end":{"line":34,"column":43}},"19":{"start":{"line":36,"column":4},"end":{"line":45,"column":5}},"20":{"start":{"line":37,"column":33},"end":{"line":37,"column":86}},"21":{"start":{"line":39,"column":8},"end":{"line":42,"column":11}},"22":{"start":{"line":44,"column":8},"end":{"line":44,"column":20}},"23":{"start":{"line":48,"column":0},"end":{"line":57,"column":2}},"24":{"start":{"line":49,"column":18},"end":{"line":49,"column":43}},"25":{"start":{"line":51,"column":4},"end":{"line":56,"column":5}},"26":{"start":{"line":52,"column":37},"end":{"line":52,"column":100}},"27":{"start":{"line":53,"column":8},"end":{"line":53,"column":51}},"28":{"start":{"line":55,"column":8},"end":{"line":55,"column":20}}},"fnMap":{"0":{"name":"(anonymous_0)","decl":{"start":{"line":4,"column":27},"end":{"line":4,"column":28}},"loc":{"start":{"line":4,"column":53},"end":{"line":10,"column":1}},"line":4},"1":{"name":"(anonymous_1)","decl":{"start":{"line":12,"column":34},"end":{"line":12,"column":35}},"loc":{"start":{"line":12,"column":60},"end":{"line":20,"column":1}},"line":12},"2":{"name":"(anonymous_2)","decl":{"start":{"line":22,"column":30},"end":{"line":22,"column":31}},"loc":{"start":{"line":22,"column":56},"end":{"line":31,"column":1}},"line":22},"3":{"name":"(anonymous_3)","decl":{"start":{"line":33,"column":30},"end":{"line":33,"column":31}},"loc":{"start":{"line":33,"column":56},"end":{"line":46,"column":1}},"line":33},"4":{"name":"(anonymous_4)","decl":{"start":{"line":48,"column":30},"end":{"line":48,"column":31}},"loc":{"start":{"line":48,"column":56},"end":{"line":57,"column":1}},"line":48}},"branchMap":{},"s":{"0":5,"1":5,"2":5,"3":0,"4":0,"5":0,"6":5,"7":1,"8":1,"9":1,"10":0,"11":5,"12":1,"13":1,"14":1,"15":1,"16":0,"17":5,"18":1,"19":1,"20":1,"21":1,"22":0,"23":5,"24":1,"25":1,"26":1,"27":1,"28":0},"f":{"0":0,"1":1,"2":1,"3":1,"4":1},"b":{},"_coverageSchema":"1a1c01bbd47fc00a2c39e90264f33305004495a9","hash":"d0e824cfc1d7e57322f161adb5e502686e240763"}
,"C:\\--iskola\\vizsgaremek\\app\\Backend\\api\\controllers\\verify_codeController.js": {"path":"C:\\--iskola\\vizsgaremek\\app\\Backend\\api\\controllers\\verify_codeController.js","statementMap":{"0":{"start":{"line":1,"column":11},"end":{"line":1,"column":27}},"1":{"start":{"line":2,"column":31},"end":{"line":2,"column":57}},"2":{"start":{"line":4,"column":0},"end":{"line":10,"column":2}},"3":{"start":{"line":5,"column":4},"end":{"line":9,"column":5}},"4":{"start":{"line":6,"column":8},"end":{"line":6,"column":73}},"5":{"start":{"line":8,"column":8},"end":{"line":8,"column":20}},"6":{"start":{"line":12,"column":0},"end":{"line":18,"column":2}},"7":{"start":{"line":13,"column":4},"end":{"line":17,"column":5}},"8":{"start":{"line":14,"column":8},"end":{"line":14,"column":82}},"9":{"start":{"line":16,"column":8},"end":{"line":16,"column":20}},"10":{"start":{"line":20,"column":0},"end":{"line":28,"column":2}},"11":{"start":{"line":21,"column":22},"end":{"line":21,"column":36}},"12":{"start":{"line":23,"column":4},"end":{"line":27,"column":5}},"13":{"start":{"line":24,"column":8},"end":{"line":24,"column":84}},"14":{"start":{"line":26,"column":8},"end":{"line":26,"column":20}},"15":{"start":{"line":30,"column":0},"end":{"line":36,"column":2}},"16":{"start":{"line":31,"column":4},"end":{"line":35,"column":5}},"17":{"start":{"line":32,"column":8},"end":{"line":32,"column":85}},"18":{"start":{"line":34,"column":8},"end":{"line":34,"column":20}},"19":{"start":{"line":38,"column":0},"end":{"line":45,"column":2}},"20":{"start":{"line":39,"column":22},"end":{"line":39,"column":36}},"21":{"start":{"line":40,"column":4},"end":{"line":44,"column":5}},"22":{"start":{"line":41,"column":8},"end":{"line":41,"column":88}},"23":{"start":{"line":43,"column":8},"end":{"line":43,"column":20}},"24":{"start":{"line":47,"column":0},"end":{"line":58,"column":2}},"25":{"start":{"line":48,"column":22},"end":{"line":48,"column":36}},"26":{"start":{"line":49,"column":4},"end":{"line":57,"column":5}},"27":{"start":{"line":50,"column":31},"end":{"line":52,"column":10}},"28":{"start":{"line":54,"column":8},"end":{"line":54,"column":62}},"29":{"start":{"line":56,"column":8},"end":{"line":56,"column":20}},"30":{"start":{"line":60,"column":0},"end":{"line":69,"column":2}},"31":{"start":{"line":61,"column":18},"end":{"line":61,"column":27}},"32":{"start":{"line":62,"column":28},"end":{"line":62,"column":42}},"33":{"start":{"line":63,"column":4},"end":{"line":68,"column":5}},"34":{"start":{"line":64,"column":35},"end":{"line":64,"column":108}},"35":{"start":{"line":65,"column":8},"end":{"line":65,"column":49}},"36":{"start":{"line":67,"column":8},"end":{"line":67,"column":20}}},"fnMap":{"0":{"name":"(anonymous_0)","decl":{"start":{"line":4,"column":26},"end":{"line":4,"column":27}},"loc":{"start":{"line":4,"column":52},"end":{"line":10,"column":1}},"line":4},"1":{"name":"(anonymous_1)","decl":{"start":{"line":12,"column":25},"end":{"line":12,"column":26}},"loc":{"start":{"line":12,"column":51},"end":{"line":18,"column":1}},"line":12},"2":{"name":"(anonymous_2)","decl":{"start":{"line":20,"column":32},"end":{"line":20,"column":33}},"loc":{"start":{"line":20,"column":58},"end":{"line":28,"column":1}},"line":20},"3":{"name":"(anonymous_3)","decl":{"start":{"line":30,"column":28},"end":{"line":30,"column":29}},"loc":{"start":{"line":30,"column":54},"end":{"line":36,"column":1}},"line":30},"4":{"name":"(anonymous_4)","decl":{"start":{"line":38,"column":36},"end":{"line":38,"column":37}},"loc":{"start":{"line":38,"column":62},"end":{"line":45,"column":1}},"line":38},"5":{"name":"(anonymous_5)","decl":{"start":{"line":47,"column":28},"end":{"line":47,"column":29}},"loc":{"start":{"line":47,"column":54},"end":{"line":58,"column":1}},"line":47},"6":{"name":"(anonymous_6)","decl":{"start":{"line":60,"column":35},"end":{"line":60,"column":36}},"loc":{"start":{"line":60,"column":61},"end":{"line":69,"column":1}},"line":60}},"branchMap":{"0":{"loc":{"start":{"line":21,"column":22},"end":{"line":21,"column":36}},"type":"binary-expr","locations":[{"start":{"line":21,"column":22},"end":{"line":21,"column":30}},{"start":{"line":21,"column":34},"end":{"line":21,"column":36}}],"line":21},"1":{"loc":{"start":{"line":39,"column":22},"end":{"line":39,"column":36}},"type":"binary-expr","locations":[{"start":{"line":39,"column":22},"end":{"line":39,"column":30}},{"start":{"line":39,"column":34},"end":{"line":39,"column":36}}],"line":39},"2":{"loc":{"start":{"line":48,"column":22},"end":{"line":48,"column":36}},"type":"binary-expr","locations":[{"start":{"line":48,"column":22},"end":{"line":48,"column":30}},{"start":{"line":48,"column":34},"end":{"line":48,"column":36}}],"line":48},"3":{"loc":{"start":{"line":62,"column":28},"end":{"line":62,"column":42}},"type":"binary-expr","locations":[{"start":{"line":62,"column":28},"end":{"line":62,"column":36}},{"start":{"line":62,"column":40},"end":{"line":62,"column":42}}],"line":62}},"s":{"0":5,"1":5,"2":5,"3":1,"4":1,"5":0,"6":5,"7":1,"8":1,"9":0,"10":5,"11":2,"12":2,"13":2,"14":1,"15":5,"16":2,"17":2,"18":1,"19":5,"20":3,"21":3,"22":3,"23":2,"24":5,"25":3,"26":3,"27":3,"28":1,"29":2,"30":5,"31":3,"32":3,"33":3,"34":3,"35":2,"36":1},"f":{"0":1,"1":1,"2":2,"3":2,"4":3,"5":3,"6":3},"b":{"0":[2,0],"1":[3,0],"2":[3,0],"3":[3,0]},"_coverageSchema":"1a1c01bbd47fc00a2c39e90264f33305004495a9","hash":"bb9a2e9372b7f7bac1de5a8f422b99794d68cc8c"}
,"C:\\--iskola\\vizsgaremek\\app\\Backend\\api\\errors\\AppError.js": {"path":"C:\\--iskola\\vizsgaremek\\app\\Backend\\api\\errors\\AppError.js","statementMap":{"0":{"start":{"line":6,"column":8},"end":{"line":6,"column":23}},"1":{"start":{"line":8,"column":8},"end":{"line":8,"column":37}},"2":{"start":{"line":10,"column":8},"end":{"line":10,"column":43}},"3":{"start":{"line":12,"column":8},"end":{"line":12,"column":83}},"4":{"start":{"line":14,"column":8},"end":{"line":14,"column":77}},"5":{"start":{"line":16,"column":8},"end":{"line":16,"column":108}},"6":{"start":{"line":20,"column":0},"end":{"line":20,"column":26}}},"fnMap":{"0":{"name":"(anonymous_0)","decl":{"start":{"line":3,"column":4},"end":{"line":3,"column":5}},"loc":{"start":{"line":5,"column":4},"end":{"line":17,"column":5}},"line":5}},"branchMap":{"0":{"loc":{"start":{"line":3,"column":16},"end":{"line":3,"column":49}},"type":"default-arg","locations":[{"start":{"line":3,"column":26},"end":{"line":3,"column":49}}],"line":3},"1":{"loc":{"start":{"line":4,"column":4},"end":{"line":4,"column":90}},"type":"default-arg","locations":[{"start":{"line":4,"column":88},"end":{"line":4,"column":90}}],"line":4},"2":{"loc":{"start":{"line":4,"column":6},"end":{"line":4,"column":22}},"type":"default-arg","locations":[{"start":{"line":4,"column":19},"end":{"line":4,"column":22}}],"line":4},"3":{"loc":{"start":{"line":4,"column":24},"end":{"line":4,"column":44}},"type":"default-arg","locations":[{"start":{"line":4,"column":40},"end":{"line":4,"column":44}}],"line":4},"4":{"loc":{"start":{"line":4,"column":46},"end":{"line":4,"column":65}},"type":"default-arg","locations":[{"start":{"line":4,"column":56},"end":{"line":4,"column":65}}],"line":4},"5":{"loc":{"start":{"line":4,"column":67},"end":{"line":4,"column":83}},"type":"default-arg","locations":[{"start":{"line":4,"column":74},"end":{"line":4,"column":83}}],"line":4},"6":{"loc":{"start":{"line":12,"column":23},"end":{"line":12,"column":82}},"type":"cond-expr","locations":[{"start":{"line":12,"column":63},"end":{"line":12,"column":70}},{"start":{"line":12,"column":73},"end":{"line":12,"column":82}}],"line":12},"7":{"loc":{"start":{"line":14,"column":20},"end":{"line":14,"column":76}},"type":"cond-expr","locations":[{"start":{"line":14,"column":60},"end":{"line":14,"column":64}},{"start":{"line":14,"column":67},"end":{"line":14,"column":76}}],"line":14},"8":{"loc":{"start":{"line":16,"column":8},"end":{"line":16,"column":107}},"type":"cond-expr","locations":[{"start":{"line":16,"column":48},"end":{"line":16,"column":95}},{"start":{"line":16,"column":98},"end":{"line":16,"column":107}}],"line":16}},"s":{"0":81,"1":81,"2":81,"3":81,"4":81,"5":81,"6":6},"f":{"0":81},"b":{"0":[0],"1":[0],"2":[1],"3":[72],"4":[75],"5":[79],"6":[81,0],"7":[81,0],"8":[81,0]},"_coverageSchema":"1a1c01bbd47fc00a2c39e90264f33305004495a9","hash":"4d944eb495d7490f5b6a2e90285186997a96ac19"}
,"C:\\--iskola\\vizsgaremek\\app\\Backend\\api\\errors\\BadRequestError.js": {"path":"C:\\--iskola\\vizsgaremek\\app\\Backend\\api\\errors\\BadRequestError.js","statementMap":{"0":{"start":{"line":1,"column":17},"end":{"line":1,"column":38}},"1":{"start":{"line":7,"column":8},"end":{"line":7,"column":56}},"2":{"start":{"line":11,"column":0},"end":{"line":11,"column":33}}},"fnMap":{"0":{"name":"(anonymous_0)","decl":{"start":{"line":5,"column":4},"end":{"line":5,"column":5}},"loc":{"start":{"line":6,"column":4},"end":{"line":8,"column":5}},"line":6}},"branchMap":{"0":{"loc":{"start":{"line":5,"column":16},"end":{"line":5,"column":39}},"type":"default-arg","locations":[{"start":{"line":5,"column":26},"end":{"line":5,"column":39}}],"line":5},"1":{"loc":{"start":{"line":5,"column":41},"end":{"line":5,"column":53}},"type":"default-arg","locations":[{"start":{"line":5,"column":51},"end":{"line":5,"column":53}}],"line":5}},"s":{"0":6,"1":53,"2":6},"f":{"0":53},"b":{"0":[0],"1":[52]},"_coverageSchema":"1a1c01bbd47fc00a2c39e90264f33305004495a9","hash":"44f0b7b29433d86d784d7af99903b396b9381a82"}
,"C:\\--iskola\\vizsgaremek\\app\\Backend\\api\\errors\\DbError.js": {"path":"C:\\--iskola\\vizsgaremek\\app\\Backend\\api\\errors\\DbError.js","statementMap":{"0":{"start":{"line":1,"column":17},"end":{"line":1,"column":38}},"1":{"start":{"line":7,"column":8},"end":{"line":7,"column":78}},"2":{"start":{"line":11,"column":0},"end":{"line":11,"column":25}}},"fnMap":{"0":{"name":"(anonymous_0)","decl":{"start":{"line":5,"column":4},"end":{"line":5,"column":5}},"loc":{"start":{"line":6,"column":4},"end":{"line":8,"column":5}},"line":6}},"branchMap":{"0":{"loc":{"start":{"line":5,"column":16},"end":{"line":5,"column":61}},"type":"default-arg","locations":[{"start":{"line":5,"column":26},"end":{"line":5,"column":61}}],"line":5},"1":{"loc":{"start":{"line":5,"column":63},"end":{"line":5,"column":75}},"type":"default-arg","locations":[{"start":{"line":5,"column":73},"end":{"line":5,"column":75}}],"line":5}},"s":{"0":6,"1":3,"2":6},"f":{"0":3},"b":{"0":[0],"1":[0]},"_coverageSchema":"1a1c01bbd47fc00a2c39e90264f33305004495a9","hash":"9b1a95a6483ebc11cc6767c946321f05cf0c9dd4"}
,"C:\\--iskola\\vizsgaremek\\app\\Backend\\api\\errors\\NotFoundError.js": {"path":"C:\\--iskola\\vizsgaremek\\app\\Backend\\api\\errors\\NotFoundError.js","statementMap":{"0":{"start":{"line":1,"column":17},"end":{"line":1,"column":38}},"1":{"start":{"line":7,"column":8},"end":{"line":7,"column":77}},"2":{"start":{"line":11,"column":0},"end":{"line":11,"column":31}}},"fnMap":{"0":{"name":"(anonymous_0)","decl":{"start":{"line":5,"column":4},"end":{"line":5,"column":5}},"loc":{"start":{"line":6,"column":4},"end":{"line":8,"column":5}},"line":6}},"branchMap":{"0":{"loc":{"start":{"line":5,"column":16},"end":{"line":5,"column":67}},"type":"default-arg","locations":[{"start":{"line":5,"column":26},"end":{"line":5,"column":67}}],"line":5},"1":{"loc":{"start":{"line":5,"column":69},"end":{"line":5,"column":81}},"type":"default-arg","locations":[{"start":{"line":5,"column":79},"end":{"line":5,"column":81}}],"line":5}},"s":{"0":6,"1":4,"2":6},"f":{"0":4},"b":{"0":[1],"1":[4]},"_coverageSchema":"1a1c01bbd47fc00a2c39e90264f33305004495a9","hash":"40f1731a5e49662916ec5319d29e93fcac4b8d7f"}
,"C:\\--iskola\\vizsgaremek\\app\\Backend\\api\\errors\\UnauthorizedError.js": {"path":"C:\\--iskola\\vizsgaremek\\app\\Backend\\api\\errors\\UnauthorizedError.js","statementMap":{"0":{"start":{"line":1,"column":17},"end":{"line":1,"column":38}},"1":{"start":{"line":7,"column":8},"end":{"line":7,"column":56}},"2":{"start":{"line":11,"column":0},"end":{"line":11,"column":35}}},"fnMap":{"0":{"name":"(anonymous_0)","decl":{"start":{"line":5,"column":4},"end":{"line":5,"column":5}},"loc":{"start":{"line":6,"column":4},"end":{"line":8,"column":5}},"line":6}},"branchMap":{"0":{"loc":{"start":{"line":5,"column":16},"end":{"line":5,"column":70}},"type":"default-arg","locations":[{"start":{"line":5,"column":26},"end":{"line":5,"column":70}}],"line":5},"1":{"loc":{"start":{"line":5,"column":72},"end":{"line":5,"column":85}},"type":"default-arg","locations":[{"start":{"line":5,"column":83},"end":{"line":5,"column":85}}],"line":5}},"s":{"0":6,"1":2,"2":6},"f":{"0":2},"b":{"0":[0],"1":[2]},"_coverageSchema":"1a1c01bbd47fc00a2c39e90264f33305004495a9","hash":"58ea8c57cc9651d1147dcaf4ec7a1e60e15b8f54"}
,"C:\\--iskola\\vizsgaremek\\app\\Backend\\api\\errors\\ValidationError.js": {"path":"C:\\--iskola\\vizsgaremek\\app\\Backend\\api\\errors\\ValidationError.js","statementMap":{"0":{"start":{"line":1,"column":17},"end":{"line":1,"column":38}},"1":{"start":{"line":7,"column":8},"end":{"line":7,"column":56}},"2":{"start":{"line":11,"column":0},"end":{"line":11,"column":33}}},"fnMap":{"0":{"name":"(anonymous_0)","decl":{"start":{"line":5,"column":4},"end":{"line":5,"column":5}},"loc":{"start":{"line":6,"column":4},"end":{"line":8,"column":5}},"line":6}},"branchMap":{"0":{"loc":{"start":{"line":5,"column":16},"end":{"line":5,"column":52}},"type":"default-arg","locations":[{"start":{"line":5,"column":26},"end":{"line":5,"column":52}}],"line":5},"1":{"loc":{"start":{"line":5,"column":54},"end":{"line":5,"column":66}},"type":"default-arg","locations":[{"start":{"line":5,"column":64},"end":{"line":5,"column":66}}],"line":5}},"s":{"0":6,"1":17,"2":6},"f":{"0":17},"b":{"0":[0],"1":[17]},"_coverageSchema":"1a1c01bbd47fc00a2c39e90264f33305004495a9","hash":"64c7dd592a0619210fc7a8e6cc40c48019a6500c"}
,"C:\\--iskola\\vizsgaremek\\app\\Backend\\api\\errors\\index.js": {"path":"C:\\--iskola\\vizsgaremek\\app\\Backend\\api\\errors\\index.js","statementMap":{"0":{"start":{"line":1,"column":0},"end":{"line":9,"column":1}}},"fnMap":{},"branchMap":{},"s":{"0":6},"f":{},"b":{},"_coverageSchema":"1a1c01bbd47fc00a2c39e90264f33305004495a9","hash":"623657738e8306f2f12f6e4509eead40320477a5"}
,"C:\\--iskola\\vizsgaremek\\app\\Backend\\api\\middlewares\\authMiddleware.js": {"path":"C:\\--iskola\\vizsgaremek\\app\\Backend\\api\\middlewares\\authMiddleware.js","statementMap":{"0":{"start":{"line":1,"column":47},"end":{"line":1,"column":67}},"1":{"start":{"line":3,"column":18},"end":{"line":3,"column":51}},"2":{"start":{"line":5,"column":0},"end":{"line":21,"column":1}},"3":{"start":{"line":7,"column":27},"end":{"line":7,"column":44}},"4":{"start":{"line":9,"column":4},"end":{"line":9,"column":81}},"5":{"start":{"line":9,"column":20},"end":{"line":9,"column":81}},"6":{"start":{"line":11,"column":4},"end":{"line":18,"column":5}},"7":{"start":{"line":13,"column":8},"end":{"line":13,"column":53}},"8":{"start":{"line":17,"column":8},"end":{"line":17,"column":69}},"9":{"start":{"line":20,"column":4},"end":{"line":20,"column":11}},"10":{"start":{"line":23,"column":0},"end":{"line":28,"column":1}},"11":{"start":{"line":25,"column":4},"end":{"line":25,"column":149}},"12":{"start":{"line":25,"column":51},"end":{"line":25,"column":149}},"13":{"start":{"line":27,"column":4},"end":{"line":27,"column":11}}},"fnMap":{"0":{"name":"(anonymous_0)","decl":{"start":{"line":5,"column":25},"end":{"line":5,"column":26}},"loc":{"start":{"line":6,"column":0},"end":{"line":21,"column":1}},"line":6},"1":{"name":"(anonymous_1)","decl":{"start":{"line":23,"column":18},"end":{"line":23,"column":19}},"loc":{"start":{"line":24,"column":0},"end":{"line":28,"column":1}},"line":24}},"branchMap":{"0":{"loc":{"start":{"line":7,"column":27},"end":{"line":7,"column":44}},"type":"binary-expr","locations":[{"start":{"line":7,"column":27},"end":{"line":7,"column":38}},{"start":{"line":7,"column":42},"end":{"line":7,"column":44}}],"line":7},"1":{"loc":{"start":{"line":9,"column":4},"end":{"line":9,"column":81}},"type":"if","locations":[{"start":{"line":9,"column":4},"end":{"line":9,"column":81}},{"start":{},"end":{}}],"line":9},"2":{"loc":{"start":{"line":25,"column":4},"end":{"line":25,"column":149}},"type":"if","locations":[{"start":{"line":25,"column":4},"end":{"line":25,"column":149}},{"start":{},"end":{}}],"line":25},"3":{"loc":{"start":{"line":25,"column":7},"end":{"line":25,"column":49}},"type":"binary-expr","locations":[{"start":{"line":25,"column":7},"end":{"line":25,"column":21}},{"start":{"line":25,"column":25},"end":{"line":25,"column":49}}],"line":25}},"s":{"0":5,"1":5,"2":5,"3":5,"4":5,"5":2,"6":3,"7":3,"8":0,"9":3,"10":5,"11":2,"12":0,"13":2},"f":{"0":5,"1":2},"b":{"0":[5,0],"1":[2,3],"2":[0,2],"3":[2,0]},"_coverageSchema":"1a1c01bbd47fc00a2c39e90264f33305004495a9","hash":"6e4d10646927a4675f580cc929ce0d0e5c11a2d1"}
,"C:\\--iskola\\vizsgaremek\\app\\Backend\\api\\middlewares\\errorHandler.js": {"path":"C:\\--iskola\\vizsgaremek\\app\\Backend\\api\\middlewares\\errorHandler.js","statementMap":{"0":{"start":{"line":1,"column":36},"end":{"line":1,"column":56}},"1":{"start":{"line":5,"column":4},"end":{"line":5,"column":30}},"2":{"start":{"line":10,"column":4},"end":{"line":18,"column":5}},"3":{"start":{"line":12,"column":8},"end":{"line":17,"column":11}},"4":{"start":{"line":20,"column":4},"end":{"line":20,"column":86}},"5":{"start":{"line":22,"column":4},"end":{"line":22,"column":82}},"6":{"start":{"line":24,"column":4},"end":{"line":28,"column":7}},"7":{"start":{"line":31,"column":0},"end":{"line":31,"column":41}}},"fnMap":{"0":{"name":"notFound","decl":{"start":{"line":3,"column":9},"end":{"line":3,"column":17}},"loc":{"start":{"line":4,"column":0},"end":{"line":6,"column":1}},"line":4},"1":{"name":"showError","decl":{"start":{"line":8,"column":9},"end":{"line":8,"column":18}},"loc":{"start":{"line":9,"column":0},"end":{"line":29,"column":1}},"line":9}},"branchMap":{"0":{"loc":{"start":{"line":10,"column":4},"end":{"line":18,"column":5}},"type":"if","locations":[{"start":{"line":10,"column":4},"end":{"line":18,"column":5}},{"start":{},"end":{}}],"line":10},"1":{"loc":{"start":{"line":15,"column":21},"end":{"line":15,"column":86}},"type":"cond-expr","locations":[{"start":{"line":15,"column":61},"end":{"line":15,"column":74}},{"start":{"line":15,"column":77},"end":{"line":15,"column":86}}],"line":15},"2":{"loc":{"start":{"line":16,"column":19},"end":{"line":16,"column":82}},"type":"cond-expr","locations":[{"start":{"line":16,"column":59},"end":{"line":16,"column":70}},{"start":{"line":16,"column":73},"end":{"line":16,"column":82}}],"line":16},"3":{"loc":{"start":{"line":20,"column":20},"end":{"line":20,"column":85}},"type":"cond-expr","locations":[{"start":{"line":20,"column":60},"end":{"line":20,"column":73}},{"start":{"line":20,"column":76},"end":{"line":20,"column":85}}],"line":20},"4":{"loc":{"start":{"line":22,"column":18},"end":{"line":22,"column":81}},"type":"cond-expr","locations":[{"start":{"line":22,"column":58},"end":{"line":22,"column":69}},{"start":{"line":22,"column":72},"end":{"line":22,"column":81}}],"line":22}},"s":{"0":5,"1":1,"2":56,"3":1,"4":56,"5":56,"6":56,"7":5},"f":{"0":1,"1":56},"b":{"0":[1,55],"1":[1,0],"2":[1,0],"3":[56,0],"4":[56,0]},"_coverageSchema":"1a1c01bbd47fc00a2c39e90264f33305004495a9","hash":"ad059f8723eb47e1e608f2fdd3bf1e87ae6a36c7"}
,"C:\\--iskola\\vizsgaremek\\app\\Backend\\api\\middlewares\\paramHandler.js": {"path":"C:\\--iskola\\vizsgaremek\\app\\Backend\\api\\middlewares\\paramHandler.js","statementMap":{"0":{"start":{"line":2,"column":4},"end":{"line":2,"column":30}},"1":{"start":{"line":3,"column":4},"end":{"line":3,"column":11}},"2":{"start":{"line":7,"column":4},"end":{"line":7,"column":24}},"3":{"start":{"line":8,"column":4},"end":{"line":8,"column":11}},"4":{"start":{"line":12,"column":4},"end":{"line":12,"column":40}},"5":{"start":{"line":13,"column":4},"end":{"line":13,"column":11}},"6":{"start":{"line":17,"column":4},"end":{"line":17,"column":24}},"7":{"start":{"line":18,"column":4},"end":{"line":18,"column":11}},"8":{"start":{"line":22,"column":4},"end":{"line":22,"column":24}},"9":{"start":{"line":23,"column":4},"end":{"line":23,"column":11}},"10":{"start":{"line":27,"column":4},"end":{"line":27,"column":24}},"11":{"start":{"line":28,"column":4},"end":{"line":28,"column":11}},"12":{"start":{"line":32,"column":4},"end":{"line":32,"column":22}},"13":{"start":{"line":33,"column":4},"end":{"line":33,"column":11}},"14":{"start":{"line":38,"column":0},"end":{"line":38,"column":116}}},"fnMap":{"0":{"name":"paramPage","decl":{"start":{"line":1,"column":9},"end":{"line":1,"column":18}},"loc":{"start":{"line":1,"column":46},"end":{"line":4,"column":1}},"line":1},"1":{"name":"paramUserId","decl":{"start":{"line":6,"column":9},"end":{"line":6,"column":20}},"loc":{"start":{"line":6,"column":45},"end":{"line":9,"column":1}},"line":6},"2":{"name":"paramUniqIdentifier","decl":{"start":{"line":11,"column":9},"end":{"line":11,"column":28}},"loc":{"start":{"line":11,"column":61},"end":{"line":14,"column":1}},"line":11},"3":{"name":"paramAction","decl":{"start":{"line":16,"column":9},"end":{"line":16,"column":20}},"loc":{"start":{"line":16,"column":45},"end":{"line":19,"column":1}},"line":16},"4":{"name":"paramPostId","decl":{"start":{"line":21,"column":9},"end":{"line":21,"column":20}},"loc":{"start":{"line":21,"column":45},"end":{"line":24,"column":1}},"line":21},"5":{"name":"paramItemId","decl":{"start":{"line":26,"column":9},"end":{"line":26,"column":20}},"loc":{"start":{"line":26,"column":45},"end":{"line":29,"column":1}},"line":26},"6":{"name":"paramEmail","decl":{"start":{"line":31,"column":9},"end":{"line":31,"column":19}},"loc":{"start":{"line":31,"column":43},"end":{"line":34,"column":1}},"line":31}},"branchMap":{},"s":{"0":3,"1":3,"2":22,"3":22,"4":2,"5":2,"6":0,"7":0,"8":0,"9":0,"10":3,"11":3,"12":4,"13":4,"14":5},"f":{"0":3,"1":22,"2":2,"3":0,"4":0,"5":3,"6":4},"b":{},"_coverageSchema":"1a1c01bbd47fc00a2c39e90264f33305004495a9","hash":"564a022cfbede85e823ea2897e823840de994fe7"}
,"C:\\--iskola\\vizsgaremek\\app\\Backend\\api\\middlewares\\uploadMiddleware.js": {"path":"C:\\--iskola\\vizsgaremek\\app\\Backend\\api\\middlewares\\uploadMiddleware.js","statementMap":{"0":{"start":{"line":1,"column":15},"end":{"line":1,"column":32}},"1":{"start":{"line":3,"column":0},"end":{"line":8,"column":2}},"2":{"start":{"line":4,"column":4},"end":{"line":6,"column":5}},"3":{"start":{"line":5,"column":8},"end":{"line":5,"column":62}},"4":{"start":{"line":7,"column":4},"end":{"line":7,"column":11}}},"fnMap":{"0":{"name":"(anonymous_0)","decl":{"start":{"line":3,"column":22},"end":{"line":3,"column":23}},"loc":{"start":{"line":3,"column":47},"end":{"line":8,"column":1}},"line":3}},"branchMap":{"0":{"loc":{"start":{"line":4,"column":4},"end":{"line":6,"column":5}},"type":"if","locations":[{"start":{"line":4,"column":4},"end":{"line":6,"column":5}},{"start":{},"end":{}}],"line":4}},"s":{"0":5,"1":5,"2":0,"3":0,"4":0},"f":{"0":0},"b":{"0":[0,0]},"_coverageSchema":"1a1c01bbd47fc00a2c39e90264f33305004495a9","hash":"1f360a649d24872fa76ab704fc84bea2bab2db63"}
[...]
olumn":4},"end":{"line":107,"column":64}},"61":{"start":{"line":110,"column":0},"end":{"line":113,"column":2}},"62":{"start":{"line":111,"column":4},"end":{"line":111,"column":34}},"63":{"start":{"line":111,"column":22},"end":{"line":111,"column":34}},"64":{"start":{"line":112,"column":4},"end":{"line":112,"column":49}},"65":{"start":{"line":115,"column":0},"end":{"line":118,"column":2}},"66":{"start":{"line":116,"column":4},"end":{"line":116,"column":33}},"67":{"start":{"line":116,"column":21},"end":{"line":116,"column":33}},"68":{"start":{"line":117,"column":4},"end":{"line":117,"column":48}},"69":{"start":{"line":120,"column":0},"end":{"line":122,"column":2}},"70":{"start":{"line":121,"column":4},"end":{"line":121,"column":95}},"71":{"start":{"line":124,"column":0},"end":{"line":126,"column":2}},"72":{"start":{"line":125,"column":4},"end":{"line":125,"column":102}}},"fnMap":{"0":{"name":"(anonymous_0)","decl":{"start":{"line":7,"column":28},"end":{"line":7,"column":29}},"loc":{"start":{"line":7,"column":38},"end":{"line":11,"column":1}},"line":7},"1":{"name":"(anonymous_1)","decl":{"start":{"line":13,"column":22},"end":{"line":13,"column":23}},"loc":{"start":{"line":13,"column":33},"end":{"line":20,"column":1}},"line":13},"2":{"name":"(anonymous_2)","decl":{"start":{"line":23,"column":36},"end":{"line":23,"column":37}},"loc":{"start":{"line":23,"column":50},"end":{"line":30,"column":1}},"line":23},"3":{"name":"(anonymous_3)","decl":{"start":{"line":32,"column":20},"end":{"line":32,"column":21}},"loc":{"start":{"line":32,"column":48},"end":{"line":40,"column":1}},"line":32},"4":{"name":"(anonymous_4)","decl":{"start":{"line":43,"column":23},"end":{"line":43,"column":24}},"loc":{"start":{"line":43,"column":37},"end":{"line":45,"column":1}},"line":43},"5":{"name":"(anonymous_5)","decl":{"start":{"line":47,"column":19},"end":{"line":47,"column":20}},"loc":{"start":{"line":47,"column":36},"end":{"line":49,"column":1}},"line":47},"6":{"name":"(anonymous_6)","decl":{"start":{"line":51,"column":29},"end":{"line":51,"column":30}},"loc":{"start":{"line":51,"column":35},"end":{"line":53,"column":1}},"line":51},"7":{"name":"(anonymous_7)","decl":{"start":{"line":55,"column":23},"end":{"line":55,"column":24}},"loc":{"start":{"line":55,"column":34},"end":{"line":58,"column":1}},"line":55},"8":{"name":"(anonymous_8)","decl":{"start":{"line":60,"column":26},"end":{"line":60,"column":27}},"loc":{"start":{"line":60,"column":40},"end":{"line":63,"column":1}},"line":60},"9":{"name":"(anonymous_9)","decl":{"start":{"line":65,"column":26},"end":{"line":65,"column":27}},"loc":{"start":{"line":65,"column":40},"end":{"line":68,"column":1}},"line":65},"10":{"name":"(anonymous_10)","decl":{"start":{"line":72,"column":17},"end":{"line":72,"column":18}},"loc":{"start":{"line":72,"column":28},"end":{"line":72,"column":53}},"line":72},"11":{"name":"(anonymous_11)","decl":{"start":{"line":74,"column":27},"end":{"line":74,"column":28}},"loc":{"start":{"line":74,"column":43},"end":{"line":77,"column":1}},"line":74},"12":{"name":"(anonymous_12)","decl":{"start":{"line":79,"column":26},"end":{"line":79,"column":27}},"loc":{"start":{"line":79,"column":41},"end":{"line":82,"column":1}},"line":79},"13":{"name":"(anonymous_13)","decl":{"start":{"line":84,"column":25},"end":{"line":84,"column":26}},"loc":{"start":{"line":84,"column":38},"end":{"line":87,"column":1}},"line":84},"14":{"name":"(anonymous_14)","decl":{"start":{"line":89,"column":27},"end":{"line":89,"column":28}},"loc":{"start":{"line":89,"column":43},"end":{"line":103,"column":1}},"line":89},"15":{"name":"(anonymous_15)","decl":{"start":{"line":105,"column":28},"end":{"line":105,"column":29}},"loc":{"start":{"line":105,"column":45},"end":{"line":108,"column":1}},"line":105},"16":{"name":"(anonymous_16)","decl":{"start":{"line":110,"column":24},"end":{"line":110,"column":25}},"loc":{"start":{"line":110,"column":34},"end":{"line":113,"column":1}},"line":110},"17":{"name":"(anonymous_17)","decl":{"start":{"line":115,"column":21},"end":{"line":115,"column":22}},"loc":{"start":{"line":115,"column":30},"end":{"line":118,"column":1}},"line":115},"18":{"name":"(anonymous_18)","decl":{"start":{"line":120,"column":28},"end":{"line":120,"column":29}},"loc":{"start":{"line":120,"column":39},"end":{"line":122,"column":1}},"line":120},"19":{"name":"(anonymous_19)","decl":{"start":{"line":124,"column":29},"end":{"line":124,"column":30}},"loc":{"start":{"line":124,"column":42},"end":{"line":126,"column":1}},"line":124}},"branchMap":{"0":{"loc":{"start":{"line":75,"column":4},"end":{"line":75,"column":40}},"type":"if","locations":[{"start":{"line":75,"column":4},"end":{"line":75,"column":40}},{"start":{},"end":{}}],"line":75},"1":{"loc":{"start":{"line":76,"column":11},"end":{"line":76,"column":90}},"type":"binary-expr","locations":[{"start":{"line":76,"column":11},"end":{"line":76,"column":31}},{"start":{"line":76,"column":35},"end":{"line":76,"column":63}},{"start":{"line":76,"column":67},"end":{"line":76,"column":90}}],"line":76},"2":{"loc":{"start":{"line":80,"column":4},"end":{"line":80,"column":39}},"type":"if","locations":[{"start":{"line":80,"column":4},"end":{"line":80,"column":39}},{"start":{},"end":{}}],"line":80},"3":{"loc":{"start":{"line":81,"column":11},"end":{"line":81,"column":87}},"type":"binary-expr","locations":[{"start":{"line":81,"column":11},"end":{"line":81,"column":30}},{"start":{"line":81,"column":34},"end":{"line":81,"column":61}},{"start":{"line":81,"column":65},"end":{"line":81,"column":87}}],"line":81},"4":{"loc":{"start":{"line":85,"column":4},"end":{"line":85,"column":37}},"type":"if","locations":[{"start":{"line":85,"column":4},"end":{"line":85,"column":37}},{"start":{},"end":{}}],"line":85},"5":{"loc":{"start":{"line":86,"column":12},"end":{"line":86,"column":54}},"type":"binary-expr","locations":[{"start":{"line":86,"column":12},"end":{"line":86,"column":29}},{"start":{"line":86,"column":33},"end":{"line":86,"column":54}}],"line":86},"6":{"loc":{"start":{"line":90,"column":4},"end":{"line":90,"column":33}},"type":"if","locations":[{"start":{"line":90,"column":4},"end":{"line":90,"column":33}},{"start":{},"end":{}}],"line":90},"7":{"loc":{"start":{"line":91,"column":4},"end":{"line":91,"column":44}},"type":"if","locations":[{"start":{"line":91,"column":4},"end":{"line":91,"column":44}},{"start":{},"end":{}}],"line":91},"8":{"loc":{"start":{"line":94,"column":4},"end":{"line":94,"column":34}},"type":"if","locations":[{"start":{"line":94,"column":4},"end":{"line":94,"column":34}},{"start":{},"end":{}}],"line":94},"9":{"loc":{"start":{"line":102,"column":11},"end":{"line":102,"column":37}},"type":"binary-expr","locations":[{"start":{"line":102,"column":11},"end":{"line":102,"column":22}},{"start":{"line":102,"column":26},"end":{"line":102,"column":37}}],"line":102},"10":{"loc":{"start":{"line":106,"column":4},"end":{"line":106,"column":41}},"type":"if","locations":[{"start":{"line":106,"column":4},"end":{"line":106,"column":41}},{"start":{},"end":{}}],"line":106},"11":{"loc":{"start":{"line":107,"column":12},"end":{"line":107,"column":62}},"type":"binary-expr","locations":[{"start":{"line":107,"column":12},"end":{"line":107,"column":33}},{"start":{"line":107,"column":37},"end":{"line":107,"column":62}}],"line":107},"12":{"loc":{"start":{"line":111,"column":4},"end":{"line":111,"column":34}},"type":"if","locations":[{"start":{"line":111,"column":4},"end":{"line":111,"column":34}},{"start":{},"end":{}}],"line":111},"13":{"loc":{"start":{"line":112,"column":12},"end":{"line":112,"column":47}},"type":"binary-expr","locations":[{"start":{"line":112,"column":12},"end":{"line":112,"column":21}},{"start":{"line":112,"column":25},"end":{"line":112,"column":47}}],"line":112},"14":{"loc":{"start":{"line":116,"column":4},"end":{"line":116,"column":33}},"type":"if","locations":[{"start":{"line":116,"column":4},"end":{"line":116,"column":33}},{"start":{},"end":{}}],"line":116},"15":{"loc":{"start":{"line":117,"column":12},"end":{"line":117,"column":46}},"type":"binary-expr","locations":[{"start":{"line":117,"column":12},"end":{"line":117,"column":25}},{"start":{"line":117,"column":29},"end":{"line":117,"column":46}}],"line":117},"16":{"loc":{"start":{"line":121,"column":11},"end":{"line":121,"column":94}},"type":"binary-expr","locations":[{"start":{"line":121,"column":11},"end":{"line":121,"column":36}},{"start":{"line":121,"column":40},"end":{"line":121,"column":64}},{"start":{"line":121,"column":68},"end":{"line":121,"column":94}}],"line":121},"17":{"loc":{"start":{"line":125,"column":11},"end":{"line":125,"column":101}},"type":"binary-expr","locations":[{"start":{"line":125,"column":11},"end":{"line":125,"column":38}},{"start":{"line":125,"column":42},"end":{"line":125,"column":68}},{"start":{"line":125,"column":72},"end":{"line":125,"column":101}}],"line":125}},"s":{"0":6,"1":6,"2":6,"3":6,"4":15,"5":6,"6":12,"7":12,"8":2,"9":6,"10":3,"11":3,"12":6,"13":1,"14":6,"15":184,"16":6,"17":13,"18":6,"19":14,"20":6,"21":14,"22":14,"23":6,"24":12,"25":12,"26":6,"27":8,"28":8,"29":6,"30":42,"31":6,"32":18,"33":0,"34":18,"35":6,"36":14,"37":0,"38":14,"39":6,"40":12,"41":10,"42":2,"43":6,"44":10,"45":7,"46":3,"47":0,"48":3,"49":3,"50":0,"51":3,"52":3,"53":3,"54":3,"55":3,"56":3,"57":6,"58":8,"59":6,"60":2,"61":6,"62":6,"63":6,"64":0,"65":6,"66":6,"67":3,"68":3,"69":6,"70":0,"71":6,"72":0},"f":{"0":15,"1":12,"2":3,"3":1,"4":184,"5":13,"6":14,"7":14,"8":12,"9":8,"10":42,"11":18,"12":14,"13":12,"14":10,"15":8,"16":6,"17":6,"18":0,"19":0},"b":{"0":[0,18],"1":[18,16,16],"2":[0,14],"3":[14,12,12],"4":[10,2],"5":[2,0],"6":[7,3],"7":[0,3],"8":[0,3],"9":[3,3],"10":[6,2],"11":[2,0],"12":[6,0],"13":[0,0],"14":[3,3],"15":[3,1],"16":[0,0,0],"17":[0,0,0]},"_coverageSchema":"1a1c01bbd47fc00a2c39e90264f33305004495a9","hash":"bcaa4d2c5a226bc625d16fb790ed5f2fd4e8eceb"}
,"C:\\--iskola\\vizsgaremek\\app\\Backend\\api\\utilities\\cloudUtils.js": {"path":"C:\\--iskola\\vizsgaremek\\app\\Backend\\api\\utilities\\cloudUtils.js","statementMap":{"0":{"start":{"line":1,"column":15},"end":{"line":1,"column":32}},"1":{"start":{"line":2,"column":13},"end":{"line":2,"column":28}},"2":{"start":{"line":3,"column":11},"end":{"line":3,"column":24}},"3":{"start":{"line":4,"column":15},"end":{"line":4,"column":32}},"4":{"start":{"line":5,"column":28},"end":{"line":5,"column":48}},"5":{"start":{"line":10,"column":0},"end":{"line":39,"column":2}},"6":{"start":{"line":11,"column":20},"end":{"line":11,"column":62}},"7":{"start":{"line":13,"column":2},"end":{"line":15,"column":3}},"8":{"start":{"line":14,"column":4},"end":{"line":14,"column":49}},"9":{"start":{"line":17,"column":18},"end":{"line":26,"column":4}},"10":{"start":{"line":19,"column":6},"end":{"line":19,"column":26}},"11":{"start":{"line":23,"column":8},"end":{"line":23,"column":61}},"12":{"start":{"line":24,"column":6},"end":{"line":24,"column":27}},"13":{"start":{"line":28,"column":21},"end":{"line":36,"column":3}},"14":{"start":{"line":29,"column":25},"end":{"line":29,"column":79}},"15":{"start":{"line":31,"column":4},"end":{"line":35,"column":5}},"16":{"start":{"line":32,"column":6},"end":{"line":32,"column":21}},"17":{"start":{"line":34,"column":6},"end":{"line":34,"column":57}},"18":{"start":{"line":38,"column":2},"end":{"line":38,"column":41}},"19":{"start":{"line":44,"column":0},"end":{"line":54,"column":2}},"20":{"start":{"line":46,"column":19},"end":{"line":46,"column":66}},"21":{"start":{"line":48,"column":2},"end":{"line":53,"column":3}},"22":{"start":{"line":49,"column":4},"end":{"line":49,"column":28}},"23":{"start":{"line":50,"column":4},"end":{"line":50,"column":40}},"24":{"start":{"line":52,"column":4},"end":{"line":52,"column":54}}},"fnMap":{"0":{"name":"(anonymous_0)","decl":{"start":{"line":10,"column":21},"end":{"line":10,"column":22}},"loc":{"start":{"line":10,"column":27},"end":{"line":39,"column":1}},"line":10},"1":{"name":"(anonymous_1)","decl":{"start":{"line":18,"column":17},"end":{"line":18,"column":18}},"loc":{"start":{"line":18,"column":36},"end":{"line":20,"column":5}},"line":18},"2":{"name":"(anonymous_2)","decl":{"start":{"line":21,"column":14},"end":{"line":21,"column":15}},"loc":{"start":{"line":21,"column":33},"end":{"line":25,"column":5}},"line":21},"3":{"name":"(anonymous_3)","decl":{"start":{"line":28,"column":21},"end":{"line":28,"column":22}},"loc":{"start":{"line":28,"column":40},"end":{"line":36,"column":3}},"line":28},"4":{"name":"(anonymous_4)","decl":{"start":{"line":44,"column":22},"end":{"line":44,"column":23}},"loc":{"start":{"line":44,"column":37},"end":{"line":54,"column":1}},"line":44}},"branchMap":{"0":{"loc":{"start":{"line":13,"column":2},"end":{"line":15,"column":3}},"type":"if","locations":[{"start":{"line":13,"column":2},"end":{"line":15,"column":3}},{"start":{},"end":{}}],"line":13},"1":{"loc":{"start":{"line":31,"column":4},"end":{"line":35,"column":5}},"type":"if","locations":[{"start":{"line":31,"column":4},"end":{"line":35,"column":5}},{"start":{"line":33,"column":11},"end":{"line":35,"column":5}}],"line":31},"2":{"loc":{"start":{"line":48,"column":2},"end":{"line":53,"column":3}},"type":"if","locations":[{"start":{"line":48,"column":2},"end":{"line":53,"column":3}},{"start":{"line":51,"column":9},"end":{"line":53,"column":3}}],"line":48}},"s":{"0":5,"1":5,"2":5,"3":5,"4":5,"5":5,"6":25,"7":25,"8":0,"9":25,"10":0,"11":0,"12":0,"13":25,"14":0,"15":0,"16":0,"17":0,"18":25,"19":5,"20":0,"21":0,"22":0,"23":0,"24":0},"f":{"0":25,"1":0,"2":0,"3":0,"4":0},"b":{"0":[0,25],"1":[0,0],"2":[0,0]},"_coverageSchema":"1a1c01bbd47fc00a2c39e90264f33305004495a9","hash":"37f8feb2cdd6240fa38ea39bd2f69c6130dfefd3"}
,"C:\\--iskola\\vizsgaremek\\app\\Backend\\api\\utilities\\email.js": {"path":"C:\\--iskola\\vizsgaremek\\app\\Backend\\api\\utilities\\email.js","statementMap":{"0":{"start":{"line":1,"column":19},"end":{"line":1,"column":40}},"1":{"start":{"line":2,"column":0},"end":{"line":2,"column":27}},"2":{"start":{"line":4,"column":20},"end":{"line":12,"column":2}},"3":{"start":{"line":14,"column":0},"end":{"line":38,"column":2}},"4":{"start":{"line":16,"column":2},"end":{"line":20,"column":3}},"5":{"start":{"line":17,"column":4},"end":{"line":17,"column":62}},"6":{"start":{"line":18,"column":4},"end":{"line":18,"column":31}},"7":{"start":{"line":19,"column":4},"end":{"line":19,"column":31}},"8":{"start":{"line":22,"column":2},"end":{"line":37,"column":3}},"9":{"start":{"line":23,"column":17},"end":{"line":29,"column":6}},"10":{"start":{"line":30,"column":4},"end":{"line":32,"column":5}},"11":{"start":{"line":31,"column":6},"end":{"line":31,"column":60}},"12":{"start":{"line":33,"column":4},"end":{"line":33,"column":16}},"13":{"start":{"line":35,"column":4},"end":{"line":35,"column":47}},"14":{"start":{"line":36,"column":4},"end":{"line":36,"column":14}}},"fnMap":{"0":{"name":"(anonymous_0)","decl":{"start":{"line":14,"column":20},"end":{"line":14,"column":21}},"loc":{"start":{"line":14,"column":59},"end":{"line":38,"column":1}},"line":14}},"branchMap":{"0":{"loc":{"start":{"line":6,"column":8},"end":{"line":6,"column":44}},"type":"binary-expr","locations":[{"start":{"line":6,"column":8},"end":{"line":6,"column":37}},{"start":{"line":6,"column":41},"end":{"line":6,"column":44}}],"line":6},"1":{"loc":{"start":{"line":16,"column":2},"end":{"line":20,"column":3}},"type":"if","locations":[{"start":{"line":16,"column":2},"end":{"line":20,"column":3}},{"start":{},"end":{}}],"line":16},"2":{"loc":{"start":{"line":30,"column":4},"end":{"line":32,"column":5}},"type":"if","locations":[{"start":{"line":30,"column":4},"end":{"line":32,"column":5}},{"start":{},"end":{}}],"line":30}},"s":{"0":5,"1":5,"2":5,"3":5,"4":4,"5":4,"6":4,"7":4,"8":4,"9":4,"10":4,"11":4,"12":4,"13":0,"14":0},"f":{"0":4},"b":{"0":[5,0],"1":[4,0],"2":[4,0]},"_coverageSchema":"1a1c01bbd47fc00a2c39e90264f33305004495a9","hash":"6039a653c80d6d0f18003ebd0e271e8af0b9d4e2"}
,"C:\\--iskola\\vizsgaremek\\app\\Backend\\api\\utilities\\emailTemplates.js": {"path":"C:\\--iskola\\vizsgaremek\\app\\Backend\\api\\utilities\\emailTemplates.js","statementMap":{"0":{"start":{"line":1,"column":0},"end":{"line":12,"column":2}},"1":{"start":{"line":2,"column":20},"end":{"line":4,"column":63}},"2":{"start":{"line":6,"column":17},"end":{"line":6,"column":50}},"3":{"start":{"line":7,"column":17},"end":{"line":10,"column":3}},"4":{"start":{"line":11,"column":4},"end":{"line":11,"column":26}},"5":{"start":{"line":14,"column":0},"end":{"line":24,"column":2}},"6":{"start":{"line":15,"column":20},"end":{"line":16,"column":26}},"7":{"start":{"line":18,"column":17},"end":{"line":18,"column":50}},"8":{"start":{"line":19,"column":17},"end":{"line":22,"column":5}},"9":{"start":{"line":23,"column":4},"end":{"line":23,"column":26}},"10":{"start":{"line":27,"column":0},"end":{"line":37,"column":2}},"11":{"start":{"line":28,"column":20},"end":{"line":29,"column":27}},"12":{"start":{"line":31,"column":17},"end":{"line":31,"column":50}},"13":{"start":{"line":32,"column":17},"end":{"line":35,"column":5}},"14":{"start":{"line":36,"column":4},"end":{"line":36,"column":26}},"15":{"start":{"line":40,"column":0},"end":{"line":50,"column":2}},"16":{"start":{"line":41,"column":20},"end":{"line":42,"column":25}},"17":{"start":{"line":44,"column":17},"end":{"line":44,"column":50}},"18":{"start":{"line":45,"column":17},"end":{"line":48,"column":5}},"19":{"start":{"line":49,"column":4},"end":{"line":49,"column":26}},"20":{"start":{"line":53,"column":0},"end":{"line":63,"column":2}},"21":{"start":{"line":54,"column":20},"end":{"line":55,"column":47}},"22":{"start":{"line":57,"column":17},"end":{"line":57,"column":50}},"23":{"start":{"line":58,"column":17},"end":{"line":61,"column":5}},"24":{"start":{"line":62,"column":4},"end":{"line":62,"column":26}},"25":{"start":{"line":65,"column":0},"end":{"line":75,"column":1}},"26":{"start":{"line":66,"column":17},"end":{"line":66,"column":84}},"27":{"start":{"line":67,"column":17},"end":{"line":72,"column":9}},"28":{"start":{"line":74,"column":4},"end":{"line":74,"column":26}},"29":{"start":{"line":77,"column":0},"end":{"line":85,"column":1}},"30":{"start":{"line":78,"column":17},"end":{"line":78,"column":99}},"31":{"start":{"line":79,"column":17},"end":{"line":82,"column":5}},"32":{"start":{"line":84,"column":4},"end":{"line":84,"column":26}}},"fnMap":{"0":{"name":"(anonymous_0)","decl":{"start":{"line":1,"column":36},"end":{"line":1,"column":37}},"loc":{"start":{"line":1,"column":50},"end":{"line":12,"column":1}},"line":1},"1":{"name":"(anonymous_1)","decl":{"start":{"line":14,"column":38},"end":{"line":14,"column":39}},"loc":{"start":{"line":14,"column":52},"end":{"line":24,"column":1}},"line":14},"2":{"name":"(anonymous_2)","decl":{"start":{"line":27,"column":42},"end":{"line":27,"column":43}},"loc":{"start":{"line":27,"column":56},"end":{"line":37,"column":1}},"line":27},"3":{"name":"(anonymous_3)","decl":{"start":{"line":40,"column":41},"end":{"line":40,"column":42}},"loc":{"start":{"line":40,"column":55},"end":{"line":50,"column":1}},"line":40},"4":{"name":"(anonymous_4)","decl":{"start":{"line":53,"column":47},"end":{"line":53,"column":48}},"loc":{"start":{"line":53,"column":61},"end":{"line":63,"column":1}},"line":53},"5":{"name":"(anonymous_5)","decl":{"start":{"line":65,"column":38},"end":{"line":65,"column":39}},"loc":{"start":{"line":65,"column":64},"end":{"line":75,"column":1}},"line":65},"6":{"name":"(anonymous_6)","decl":{"start":{"line":77,"column":42},"end":{"line":77,"column":43}},"loc":{"start":{"line":77,"column":59},"end":{"line":85,"column":1}},"line":77}},"branchMap":{},"s":{"0":5,"1":1,"2":1,"3":1,"4":1,"5":5,"6":0,"7":0,"8":0,"9":0,"10":5,"11":0,"12":0,"13":0,"14":0,"15":5,"16":0,"17":0,"18":0,"19":0,"20":5,"21":0,"22":0,"23":0,"24":0,"25":5,"26":1,"27":1,"28":1,"29":5,"30":3,"31":3,"32":3},"f":{"0":1,"1":0,"2":0,"3":0,"4":0,"5":1,"6":3},"b":{},"_coverageSchema":"1a1c01bbd47fc00a2c39e90264f33305004495a9","hash":"7514f6bcf74515880a5aa91621f7df8570d79213"}
}
