{"C:\\--iskola\\vizsgaremek\\app\\Backend\\api\\db\\_mocks_\\index.js": {"path":"C:\\--iskola\\vizsgaremek\\app\\Backend\\api\\db\\_mocks_\\index.js","statementMap":{"0":{"start":{"line":1,"column":22},"end":{"line":1,"column":42}},"1":{"start":{"line":4,"column":18},"end":{"line":7,"column":2}},"2":{"start":{"line":9,"column":15},"end":{"line":9,"column":49}},"3":{"start":{"line":11,"column":11},"end":{"line":15,"column":1}},"4":{"start":{"line":17,"column":0},"end":{"line":17,"column":20}}},"fnMap":{},"branchMap":{},"s":{"0":1,"1":1,"2":1,"3":1,"4":1},"f":{},"b":{},"_coverageSchema":"1a1c01bbd47fc00a2c39e90264f33305004495a9","hash":"7e3908030ab9eec529b2cf240e2f2b93e2cf9059"}
,"C:\\--iskola\\vizsgaremek\\app\\Backend\\api\\errors\\AppError.js": {"path":"C:\\--iskola\\vizsgaremek\\app\\Backend\\api\\errors\\AppError.js","statementMap":{"0":{"start":{"line":6,"column":8},"end":{"line":6,"column":23}},"1":{"start":{"line":8,"column":8},"end":{"line":8,"column":37}},"2":{"start":{"line":10,"column":8},"end":{"line":10,"column":43}},"3":{"start":{"line":12,"column":8},"end":{"line":12,"column":83}},"4":{"start":{"line":14,"column":8},"end":{"line":14,"column":77}},"5":{"start":{"line":16,"column":8},"end":{"line":16,"column":108}},"6":{"start":{"line":20,"column":0},"end":{"line":20,"column":26}}},"fnMap":{"0":{"name":"(anonymous_0)","decl":{"start":{"line":3,"column":4},"end":{"line":3,"column":5}},"loc":{"start":{"line":5,"column":4},"end":{"line":17,"column":5}},"line":5}},"branchMap":{"0":{"loc":{"start":{"line":3,"column":16},"end":{"line":3,"column":49}},"type":"default-arg","locations":[{"start":{"line":3,"column":26},"end":{"line":3,"column":49}}],"line":3},"1":{"loc":{"start":{"line":4,"column":4},"end":{"line":4,"column":90}},"type":"default-arg","locations":[{"start":{"line":4,"column":88},"end":{"line":4,"column":90}}],"line":4},"2":{"loc":{"start":{"line":4,"column":6},"end":{"line":4,"column":22}},"type":"default-arg","locations":[{"start":{"line":4,"column":19},"end":{"line":4,"column":22}}],"line":4},"3":{"loc":{"start":{"line":4,"column":24},"end":{"line":4,"column":44}},"type":"default-arg","locations":[{"start":{"line":4,"column":40},"end":{"line":4,"column":44}}],"line":4},"4":{"loc":{"start":{"line":4,"column":46},"end":{"line":4,"column":65}},"type":"default-arg","locations":[{"start":{"line":4,"column":56},"end":{"line":4,"column":65}}],"line":4},"5":{"loc":{"start":{"line":4,"column":67},"end":{"line":4,"column":83}},"type":"default-arg","locations":[{"start":{"line":4,"column":74},"end":{"line":4,"column":83}}],"line":4},"6":{"loc":{"start":{"line":12,"column":23},"end":{"line":12,"column":82}},"type":"cond-expr","locations":[{"start":{"line":12,"column":63},"end":{"line":12,"column":70}},{"start":{"line":12,"column":73},"end":{"line":12,"column":82}}],"line":12},"7":{"loc":{"start":{"line":14,"column":20},"end":{"line":14,"column":76}},"type":"cond-expr","locations":[{"start":{"line":14,"column":60},"end":{"line":14,"column":64}},{"start":{"line":14,"column":67},"end":{"line":14,"column":76}}],"line":14},"8":{"loc":{"start":{"line":16,"column":8},"end":{"line":16,"column":107}},"type":"cond-expr","locations":[{"start":{"line":16,"column":48},"end":{"line":16,"column":95}},{"start":{"line":16,"column":98},"end":{"line":16,"column":107}}],"line":16}},"s":{"0":14,"1":14,"2":14,"3":14,"4":14,"5":14,"6":1},"f":{"0":14},"b":{"0":[0],"1":[0],"2":[0],"3":[12],"4":[13],"5":[13],"6":[14,0],"7":[14,0],"8":[14,0]},"_coverageSchema":"1a1c01bbd47fc00a2c39e90264f33305004495a9","hash":"4d944eb495d7490f5b6a2e90285186997a96ac19"}
,"C:\\--iskola\\vizsgaremek\\app\\Backend\\api\\errors\\BadRequestError.js": {"path":"C:\\--iskola\\vizsgaremek\\app\\Backend\\api\\errors\\BadRequestError.js","statementMap":{"0":{"start":{"line":1,"column":17},"end":{"line":1,"column":38}},"1":{"start":{"line":7,"column":8},"end":{"line":7,"column":56}},"2":{"start":{"line":11,"column":0},"end":{"line":11,"column":33}}},"fnMap":{"0":{"name":"(anonymous_0)","decl":{"start":{"line":5,"column":4},"end":{"line":5,"column":5}},"loc":{"start":{"line":6,"column":4},"end":{"line":8,"column":5}},"line":6}},"branchMap":{"0":{"loc":{"start":{"line":5,"column":16},"end":{"line":5,"column":39}},"type":"default-arg","locations":[{"start":{"line":5,"column":26},"end":{"line":5,"column":39}}],"line":5},"1":{"loc":{"start":{"line":5,"column":41},"end":{"line":5,"column":53}},"type":"default-arg","locations":[{"start":{"line":5,"column":51},"end":{"line":5,"column":53}}],"line":5}},"s":{"0":1,"1":12,"2":1},"f":{"0":12},"b":{"0":[0],"1":[12]},"_coverageSchema":"1a1c01bbd47fc00a2c39e90264f33305004495a9","hash":"44f0b7b29433d86d784d7af99903b396b9381a82"}
,"C:\\--iskola\\vizsgaremek\\app\\Backend\\api\\errors\\DbError.js": {"path":"C:\\--iskola\\vizsgaremek\\app\\Backend\\api\\errors\\DbError.js","statementMap":{"0":{"start":{"line":1,"column":17},"end":{"line":1,"column":38}},"1":{"start":{"line":7,"column":8},"end":{"line":7,"column":78}},"2":{"start":{"line":11,"column":0},"end":{"line":11,"column":25}}},"fnMap":{"0":{"name":"(anonymous_0)","decl":{"start":{"line":5,"column":4},"end":{"line":5,"column":5}},"loc":{"start":{"line":6,"column":4},"end":{"line":8,"column":5}},"line":6}},"branchMap":{"0":{"loc":{"start":{"line":5,"column":16},"end":{"line":5,"column":61}},"type":"default-arg","locations":[{"start":{"line":5,"column":26},"end":{"line":5,"column":61}}],"line":5},"1":{"loc":{"start":{"line":5,"column":63},"end":{"line":5,"column":75}},"type":"default-arg","locations":[{"start":{"line":5,"column":73},"end":{"line":5,"column":75}}],"line":5}},"s":{"0":1,"1":1,"2":1},"f":{"0":1},"b":{"0":[0],"1":[0]},"_coverageSchema":"1a1c01bbd47fc00a2c39e90264f33305004495a9","hash":"9b1a95a6483ebc11cc6767c946321f05cf0c9dd4"}
,"C:\\--iskola\\vizsgaremek\\app\\Backend\\api\\errors\\NotFoundError.js": {"path":"C:\\--iskola\\vizsgaremek\\app\\Backend\\api\\errors\\NotFoundError.js","statementMap":{"0":{"start":{"line":1,"column":17},"end":{"line":1,"column":38}},"1":{"start":{"line":7,"column":8},"end":{"line":7,"column":77}},"2":{"start":{"line":11,"column":0},"end":{"line":11,"column":31}}},"fnMap":{"0":{"name":"(anonymous_0)","decl":{"start":{"line":5,"column":4},"end":{"line":5,"column":5}},"loc":{"start":{"line":6,"column":4},"end":{"line":8,"column":5}},"line":6}},"branchMap":{"0":{"loc":{"start":{"line":5,"column":16},"end":{"line":5,"column":67}},"type":"default-arg","locations":[{"start":{"line":5,"column":26},"end":{"line":5,"column":67}}],"line":5},"1":{"loc":{"start":{"line":5,"column":69},"end":{"line":5,"column":81}},"type":"default-arg","locations":[{"start":{"line":5,"column":79},"end":{"line":5,"column":81}}],"line":5}},"s":{"0":1,"1":1,"2":1},"f":{"0":1},"b":{"0":[0],"1":[1]},"_coverageSchema":"1a1c01bbd47fc00a2c39e90264f33305004495a9","hash":"40f1731a5e49662916ec5319d29e93fcac4b8d7f"}
,"C:\\--iskola\\vizsgaremek\\app\\Backend\\api\\errors\\UnauthorizedError.js": {"path":"C:\\--iskola\\vizsgaremek\\app\\Backend\\api\\errors\\UnauthorizedError.js","statementMap":{"0":{"start":{"line":1,"column":17},"end":{"line":1,"column":38}},"1":{"start":{"line":7,"column":8},"end":{"line":7,"column":56}},"2":{"start":{"line":11,"column":0},"end":{"line":11,"column":35}}},"fnMap":{"0":{"name":"(anonymous_0)","decl":{"start":{"line":5,"column":4},"end":{"line":5,"column":5}},"loc":{"start":{"line":6,"column":4},"end":{"line":8,"column":5}},"line":6}},"branchMap":{"0":{"loc":{"start":{"line":5,"column":16},"end":{"line":5,"column":70}},"type":"default-arg","locations":[{"start":{"line":5,"column":26},"end":{"line":5,"column":70}}],"line":5},"1":{"loc":{"start":{"line":5,"column":72},"end":{"line":5,"column":85}},"type":"default-arg","locations":[{"start":{"line":5,"column":83},"end":{"line":5,"column":85}}],"line":5}},"s":{"0":1,"1":0,"2":1},"f":{"0":0},"b":{"0":[0],"1":[0]},"_coverageSchema":"1a1c01bbd47fc00a2c39e90264f33305004495a9","hash":"58ea8c57cc9651d1147dcaf4ec7a1e60e15b8f54"}
,"C:\\--iskola\\vizsgaremek\\app\\Backend\\api\\errors\\ValidationError.js": {"path":"C:\\--iskola\\vizsgaremek\\app\\Backend\\api\\errors\\ValidationError.js","statementMap":{"0":{"start":{"line":1,"column":17},"end":{"line":1,"column":38}},"1":{"start":{"line":7,"column":8},"end":{"line":7,"column":56}},"2":{"start":{"line":11,"column":0},"end":{"line":11,"column":33}}},"fnMap":{"0":{"name":"(anonymous_0)","decl":{"start":{"line":5,"column":4},"end":{"line":5,"column":5}},"loc":{"start":{"line":6,"column":4},"end":{"line":8,"column":5}},"line":6}},"branchMap":{"0":{"loc":{"start":{"line":5,"column":16},"end":{"line":5,"column":52}},"type":"default-arg","locations":[{"start":{"line":5,"column":26},"end":{"line":5,"column":52}}],"line":5},"1":{"loc":{"start":{"line":5,"column":54},"end":{"line":5,"column":66}},"type":"default-arg","locations":[{"start":{"line":5,"column":64},"end":{"line":5,"column":66}}],"line":5}},"s":{"0":1,"1":0,"2":1},"f":{"0":0},"b":{"0":[0],"1":[0]},"_coverageSchema":"1a1c01bbd47fc00a2c39e90264f33305004495a9","hash":"64c7dd592a0619210fc7a8e6cc40c48019a6500c"}
,"C:\\--iskola\\vizsgaremek\\app\\Backend\\api\\errors\\index.js": {"path":"C:\\--iskola\\vizsgaremek\\app\\Backend\\api\\errors\\index.js","statementMap":{"0":{"start":{"line":1,"column":0},"end":{"line":9,"column":1}}},"fnMap":{},"branchMap":{},"s":{"0":1},"f":{},"b":{},"_coverageSchema":"1a1c01bbd47fc00a2c39e90264f33305004495a9","hash":"623657738e8306f2f12f6e4509eead40320477a5"}
,"C:\\--iskola\\vizsgaremek\\app\\Backend\\api\\models\\Advertisement.js": {"path":"C:\\--iskola\\vizsgaremek\\app\\Backend\\api\\models\\Advertisement.js","statementMap":{"0":{"start":{"line":1,"column":18},"end":{"line":1,"column":38}},"1":{"start":{"line":3,"column":0},"end":{"line":61,"column":1}},"2":{"start":{"line":8,"column":4},"end":{"line":58,"column":5}},"3":{"start":{"line":60,"column":4},"end":{"line":60,"column":25}}},"fnMap":{"0":{"name":"(anonymous_0)","decl":{"start":{"line":3,"column":17},"end":{"line":3,"column":18}},"loc":{"start":{"line":4,"column":0},"end":{"line":61,"column":1}},"line":4}},"branchMap":{},"s":{"0":1,"1":1,"2":1,"3":1},"f":{"0":1},"b":{},"_coverageSchema":"1a1c01bbd47fc00a2c39e90264f33305004495a9","hash":"9137aff4d002c5569508a28ba9c1262bc3886a72"}
,"C:\\--iskola\\vizsgaremek\\app\\Backend\\api\\models\\Connections.js": {"path":"C:\\--iskola\\vizsgaremek\\app\\Backend\\api\\models\\Connections.js","statementMap":{"0":{"start":{"line":1,"column":18},"end":{"line":1,"column":38}},"1":{"start":{"line":3,"column":0},"end":{"line":54,"column":1}},"2":{"start":{"line":8,"column":4},"end":{"line":51,"column":5}},"3":{"start":{"line":53,"column":4},"end":{"line":53,"column":23}}},"fnMap":{"0":{"name":"(anonymous_0)","decl":{"start":{"line":3,"column":17},"end":{"line":3,"column":18}},"loc":{"start":{"line":4,"column":0},"end":{"line":54,"column":1}},"line":4}},"branchMap":{},"s":{"0":1,"1":1,"2":1,"3":1},"f":{"0":1},"b":{},"_coverageSchema":"1a1c01bbd47fc00a2c39e90264f33305004495a9","hash":"10c664c681d8c3818920e5a8cc8788df1ba908c5"}
,"C:\\--iskola\\vizsgaremek\\app\\Backend\\api\\models\\Kick.js": {"path":"C:\\--iskola\\vizsgaremek\\app\\Backend\\api\\models\\Kick.js","statementMap":{"0":{"start":{"line":1,"column":18},"end":{"line":1,"column":38}},"1":{"start":{"line":3,"column":0},"end":{"line":60,"column":1}},"2":{"start":{"line":8,"column":4},"end":{"line":57,"column":5}},"3":{"start":{"line":59,"column":4},"end":{"line":59,"column":16}}},"fnMap":{"0":{"name":"(anonymous_0)","decl":{"start":{"line":3,"column":17},"end":{"line":3,"column":18}},"loc":{"start":{"line":4,"column":0},"end":{"line":60,"column":1}},"line":4}},"branchMap":{},"s":{"0":1,"1":1,"2":1,"3":1},"f":{"0":1},"b":{},"_coverageSchema":"1a1c01bbd47fc00a2c39e90264f33305004495a9","hash":"2801b508197b4ba51c383ce48a6e978daadaea51"}
,"C:\\--iskola\\vizsgaremek\\app\\Backend\\api\\models\\Settings.js": {"path":"C:\\--iskola\\vizsgaremek\\app\\Backend\\api\\models\\Settings.js","statementMap":{"0":{"start":{"line":1,"column":18},"end":{"line":1,"column":38}},"1":{"start":{"line":3,"column":0},"end":{"line":49,"column":1}},"2":{"start":{"line":7,"column":4},"end":{"line":46,"column":9}},"3":{"start":{"line":48,"column":4},"end":{"line":48,"column":20}}},"fnMap":{"0":{"name":"(anonymous_0)","decl":{"start":{"line":3,"column":17},"end":{"line":3,"column":18}},"loc":{"start":{"line":3,"column":43},"end":{"line":49,"column":1}},"line":3}},"branchMap":{},"s":{"0":1,"1":1,"2":1,"3":1},"f":{"0":1},"b":{},"_coverageSchema":"1a1c01bbd47fc00a2c39e90264f33305004495a9","hash":"0a60e78c519201de41630907aafa7318b75279f2"}
,"C:\\--iskola\\vizsgaremek\\app\\Backend\\api\\models\\User.js": {"path":"C:\\--iskola\\vizsgaremek\\app\\Backend\\api\\models\\User.js","statementMap":{"0":{"start":{"line":1,"column":18},"end":{"line":1,"column":38}},"1":{"start":{"line":3,"column":0},"end":{"line":97,"column":1}},"2":{"start":{"line":8,"column":4},"end":{"line":94,"column":5}},"3":{"start":{"line":31,"column":20},"end":{"line":31,"column":62}},"4":{"start":{"line":36,"column":20},"end":{"line":36,"column":62}},"5":{"start":{"line":96,"column":4},"end":{"line":96,"column":16}}},"fnMap":{"0":{"name":"(anonymous_0)","decl":{"start":{"line":3,"column":17},"end":{"line":3,"column":18}},"loc":{"start":{"line":4,"column":0},"end":{"line":97,"column":1}},"line":4},"1":{"name":"(anonymous_1)","decl":{"start":{"line":30,"column":16},"end":{"line":30,"column":17}},"loc":{"start":{"line":30,"column":22},"end":{"line":32,"column":17}},"line":30},"2":{"name":"(anonymous_2)","decl":{"start":{"line":34,"column":16},"end":{"line":34,"column":17}},"loc":{"start":{"line":34,"column":27},"end":{"line":37,"column":17}},"line":34}},"branchMap":{},"s":{"0":1,"1":1,"2":1,"3":6,"4":186,"5":1},"f":{"0":1,"1":6,"2":186},"b":{},"_coverageSchema":"1a1c01bbd47fc00a2c39e90264f33305004495a9","hash":"0a3be8aca7f79b9c7a0d636cc32cda6daea5bea4"}
,"C:\\--iskola\\vizsgaremek\\app\\Backend\\api\\models\\User_Post.js": {"path":"C:\\--iskola\\vizsgaremek\\app\\Backend\\api\\models\\User_Post.js","statementMap":{"0":{"start":{"line":1,"column":18},"end":{"line":1,"column":38}},"1":{"start":{"line":3,"column":0},"end":{"line":92,"column":1}},"2":{"start":{"line":8,"column":4},"end":{"line":89,"column":5}},"3":{"start":{"line":91,"column":4},"end":{"line":91,"column":21}}},"fnMap":{"0":{"name":"(anonymous_0)","decl":{"start":{"line":3,"column":17},"end":{"line":3,"column":18}},"loc":{"start":{"line":4,"column":0},"end":{"line":92,"column":1}},"line":4}},"branchMap":{},"s":{"0":1,"1":1,"2":1,"3":1},"f":{"0":1},"b":{},"_coverageSchema":"1a1c01bbd47fc00a2c39e90264f33305004495a9","hash":"2118b17ae788b39ddac8157190e1b54e1ba090bc"}
,"C:\\--iskola\\vizsgaremek\\app\\Backend\\api\\models\\User_Post_Comment.js": {"path":"C:\\--iskola\\vizsgaremek\\app\\Backend\\api\\models\\User_Post_Comment.js","statementMap":{"0":{"start":{"line":1,"column":18},"end":{"line":1,"column":38}},"1":{"start":{"line":3,"column":0},"end":{"line":66,"column":1}},"2":{"start":{"line":8,"column":4},"end":{"line":63,"column":5}},"3":{"start":{"line":65,"column":4},"end":{"line":65,"column":29}}},"fnMap":{"0":{"name":"(anonymous_0)","decl":{"start":{"line":3,"column":17},"end":{"line":3,"column":18}},"loc":{"start":{"line":4,"column":0},"end":{"line":66,"column":1}},"line":4}},"branchMap":{},"s":{"0":1,"1":1,"2":1,"3":1},"f":{"0":1},"b":{},"_coverageSchema":"1a1c01bbd47fc00a2c39e90264f33305004495a9","hash":"5e7e960bc95c92556fb1352e80e30f71d197897d"}
,"C:\\--iskola\\vizsgaremek\\app\\Backend\\api\\models\\User_Post_Reaction.js": {"path":"C:\\--iskola\\vizsgaremek\\app\\Backend\\api\\models\\User_Post_Reaction.js","statementMap":{"0":{"start":{"line":1,"column":18},"end":{"line":1,"column":38}},"1":{"start":{"line":3,"column":0},"end":{"line":66,"column":1}},"2":{"start":{"line":8,"column":4},"end":{"line":63,"column":5}},"3":{"start":{"line":65,"column":4},"end":{"line":65,"column":30}}},"fnMap":{"0":{"name":"(anonymous_0)","decl":{"start":{"line":3,"column":17},"end":{"line":3,"column":18}},"loc":{"start":{"line":4,"column":0},"end":{"line":66,"column":1}},"line":4}},"branchMap":{},"s":{"0":1,"1":1,"2":1,"3":1},"f":{"0":1},"b":{},"_coverageSchema":"1a1c01bbd47fc00a2c39e90264f33305004495a9","hash":"11b065785d448b20fb43e466b33e2e16edff1cec"}
,"C:\\--iskola\\vizsgaremek\\app\\Backend\\api\\models\\User_Profile.js": {"path":"C:\\--iskola\\vizsgaremek\\app\\Backend\\api\\models\\User_Profile.js","statementMap":{"0":{"start":{"line":1,"column":18},"end":{"line":1,"column":38}},"1":{"start":{"line":3,"column":0},"end":{"line":249,"column":2}},"2":{"start":{"line":8,"column":12},"end":{"line":10,"column":13}},"3":{"start":{"line":9,"column":16},"end":{"line":9,"column":67}},"4":{"start":{"line":12,"column":33},"end":{"line":12,"column":45}},"5":{"start":{"line":13,"column":39},"end":{"line":13,"column":83}},"6":{"start":{"line":16,"column":12},"end":{"line":71,"column":13}},"7":{"start":{"line":18,"column":16},"end":{"line":21,"column":19}},"8":{"start":{"line":23,"column":37},"end":{"line":23,"column":41}},"9":{"start":{"line":24,"column":34},"end":{"line":24,"column":54}},"10":{"start":{"line":25,"column":37},"end":{"line":25,"column":60}},"11":{"start":{"line":26,"column":34},"end":{"line":26,"column":48}},"12":{"start":{"line":29,"column":38},"end":{"line":29,"column":83}},"13":{"start":{"line":30,"column":37},"end":{"line":30,"column":62}},"14":{"start":{"line":31,"column":33},"end":{"line":31,"column":90}},"15":{"start":{"line":32,"column":30},"end":{"line":32,"column":57}},"16":{"start":{"line":34,"column":33},"end":{"line":34,"column":56}},"17":{"start":{"line":37,"column":16},"end":{"line":37,"column":52}},"18":{"start":{"line":38,"column":16},"end":{"line":38,"column":38}},"19":{"start":{"line":42,"column":16},"end":{"line":42,"column":69}},"20":{"start":{"line":45,"column":16},"end":{"line":47,"column":17}},"21":{"start":{"line":46,"column":20},"end":{"line":46,"column":54}},"22":{"start":{"line":50,"column":16},"end":{"line":57,"column":18}},"23":{"start":{"line":61,"column":16},"end":{"line":63,"column":17}},"24":{"start":{"line":62,"column":20},"end":{"line":62,"column":56}},"25":{"start":{"line":65,"column":16},"end":{"line":65,"column":97}},"26":{"start":{"line":67,"column":16},"end":{"line":69,"column":17}},"27":{"start":{"line":68,"column":20},"end":{"line":68,"column":70}},"28":{"start":{"line":70,"column":16},"end":{"line":70,"column":26}},"29":{"start":{"line":78,"column":33},"end":{"line":78,"column":37}},"30":{"start":{"line":79,"column":30},"end":{"line":79,"column":50}},"31":{"start":{"line":80,"column":33},"end":{"line":80,"column":56}},"32":{"start":{"line":81,"column":12},"end":{"line":81,"column":65}},"33":{"start":{"line":88,"column":33},"end":{"line":88,"column":37}},"34":{"start":{"line":89,"column":30},"end":{"line":89,"column":50}},"35":{"start":{"line":90,"column":12},"end":{"line":90,"column":79}},"36":{"start":{"line":97,"column":33},"end":{"line":97,"column":37}},"37":{"start":{"line":98,"column":30},"end":{"line":98,"column":50}},"38":{"start":{"line":99,"column":12},"end":{"line":99,"column":44}},"39":{"start":{"line":103,"column":4},"end":{"line":205,"column":11}},"40":{"start":{"line":210,"column":4},"end":{"line":231,"column":7}},"41":{"start":{"line":212,"column":19},"end":{"line":212,"column":34}},"42":{"start":{"line":213,"column":22},"end":{"line":213,"column":40}},"43":{"start":{"line":216,"column":8},"end":{"line":222,"column":9}},"44":{"start":{"line":217,"column":12},"end":{"line":217,"column":24}},"45":{"start":{"line":218,"column":15},"end":{"line":222,"column":9}},"46":{"start":{"line":219,"column":12},"end":{"line":219,"column":26}},"47":{"start":{"line":221,"column":12},"end":{"line":221,"column":25}},"48":{"start":{"line":224,"column":8},"end":{"line":230,"column":9}},"49":{"start":{"line":225,"column":12},"end":{"line":225,"column":27}},"50":{"start":{"line":226,"column":15},"end":{"line":230,"column":9}},"51":{"start":{"line":227,"column":12},"end":{"line":227,"column":28}},"52":{"start":{"line":229,"column":12},"end":{"line":229,"column":31}},"53":{"start":{"line":248,"column":4},"end":{"line":248,"column":25}}},"fnMap":{"0":{"name":"(anonymous_0)","decl":{"start":{"line":3,"column":17},"end":{"line":3,"column":18}},"loc":{"start":{"line":3,"column":43},"end":{"line":249,"column":1}},"line":3},"1":{"name":"(anonymous_1)","decl":{"start":{"line":7,"column":8},"end":{"line":7,"column":9}},"loc":{"start":{"line":7,"column":48},"end":{"line":72,"column":9}},"line":7},"2":{"name":"(anonymous_2)","decl":{"start":{"line":77,"column":8},"end":{"line":77,"column":9}},"loc":{"start":{"line":77,"column":21},"end":{"line":82,"column":9}},"line":77},"3":{"name":"(anonymous_3)","decl":{"start":{"line":87,"column":8},"end":{"line":87,"column":9}},"loc":{"start":{"line":87,"column":24},"end":{"line":91,"column":9}},"line":87},"4":{"name":"(anonymous_4)","decl":{"start":{"line":96,"column":8},"end":{"line":96,"column":9}},"loc":{"start":{"line":96,"column":34},"end":{"line":100,"column":9}},"line":96},"5":{"name":"(anonymous_5)","decl":{"start":{"line":210,"column":29},"end":{"line":210,"column":30}},"loc":{"start":{"line":210,"column":39},"end":{"line":231,"column":5}},"line":210}},"branchMap":{"0":{"loc":{"start":{"line":7,"column":28},"end":{"line":7,"column":46}},"type":"default-arg","locations":[{"start":{"line":7,"column":42},"end":{"line":7,"column":46}}],"line":7},"1":{"loc":{"start":{"line":8,"column":12},"end":{"line":10,"column":13}},"type":"if","locations":[{"start":{"line":8,"column":12},"end":{"line":10,"column":13}},{"start":{},"end":{}}],"line":8},"2":{"loc":{"start":{"line":8,"column":16},"end":{"line":8,"column":47}},"type":"binary-expr","locations":[{"start":{"line":8,"column":16},"end":{"line":8,"column":30}},{"start":{"line":8,"column":34},"end":{"line":8,"column":47}}],"line":8},"3":{"loc":{"start":{"line":13,"column":39},"end":{"line":13,"column":83}},"type":"binary-expr","locations":[{"start":{"line":13,"column":39},"end":{"line":13,"column":50}},{"start":{"line":13,"column":54},"end":{"line":13,"column":83}}],"line":13},"4":{"loc":{"start":{"line":24,"column":34},"end":{"line":24,"column":54}},"type":"binary-expr","locations":[{"start":{"line":24,"column":34},"end":{"line":24,"column":49}},{"start":{"line":24,"column":53},"end":{"line":24,"column":54}}],"line":24},"5":{"loc":{"start":{"line":25,"column":37},"end":{"line":25,"column":60}},"type":"binary-expr","locations":[{"start":{"line":25,"column":37},"end":{"line":25,"column":55}},{"start":{"line":25,"column":59},"end":{"line":25,"column":60}}],"line":25},"6":{"loc":{"start":{"line":37,"column":26},"end":{"line":37,"column":51}},"type":"cond-expr","locations":[{"start":{"line":37,"column":42},"end":{"line":37,"column":47}},{"start":{"line":37,"column":50},"end":{"line":37,"column":51}}],"line":37},"7":{"loc":{"start":{"line":45,"column":16},"end":{"line":47,"column":17}},"type":"if","locations":[{"start":{"line":45,"column":16},"end":{"line":47,"column":17}},{"start":{},"end":{}}],"line":45},"8":{"loc":{"start":{"line":61,"column":16},"end":{"line":63,"column":17}},"type":"if","locations":[{"start":{"line":61,"column":16},"end":{"line":63,"column":17}},{"start":{},"end":{}}],"line":61},"9":{"loc":{"start":{"line":61,"column":20},"end":{"line":61,"column":54}},"type":"binary-expr","locations":[{"start":{"line":61,"column":20},"end":{"line":61,"column":32}},{"start":{"line":61,"column":36},"end":{"line":61,"column":54}}],"line":61},"10":{"loc":{"start":{"line":67,"column":16},"end":{"line":69,"column":17}},"type":"if","locations":[{"start":{"line":67,"column":16},"end":{"line":69,"column":17}},{"start":{},"end":{}}],"line":67},"11":{"loc":{"start":{"line":79,"column":30},"end":{"line":79,"column":50}},"type":"binary-expr","locations":[{"start":{"line":79,"column":30},"end":{"line":79,"column":45}},{"start":{"line":79,"column":49},"end":{"line":79,"column":50}}],"line":79},"12":{"loc":{"start":{"line":80,"column":33},"end":{"line":80,"column":56}},"type":"binary-expr","locations":[{"start":{"line":80,"column":33},"end":{"line":80,"column":51}},{"start":{"line":80,"column":55},"end":{"line":80,"column":56}}],"line":80},"13":{"loc":{"start":{"line":89,"column":30},"end":{"line":89,"column":50}},"type":"binary-expr","locations":[{"start":{"line":89,"column":30},"end":{"line":89,"column":45}},{"start":{"line":89,"column":49},"end":{"line":89,"column":50}}],"line":89},"14":{"loc":{"start":{"line":98,"column":30},"end":{"line":98,"column":50}},"type":"binary-expr","locations":[{"start":{"line":98,"column":30},"end":{"line":98,"column":45}},{"start":{"line":98,"column":49},"end":{"line":98,"column":50}}],"line":98},"15":{"loc":{"start":{"line":216,"column":8},"end":{"line":222,"column":9}},"type":"if","locations":[{"start":{"line":216,"column":8},"end":{"line":222,"column":9}},{"start":{"line":218,"column":15},"end":{"line":222,"column":9}}],"line":216},"16":{"loc":{"start":{"line":216,"column":12},"end":{"line":216,"column":31}},"type":"binary-expr","locations":[{"start":{"line":216,"column":12},"end":{"line":216,"column":21}},{"start":{"line":216,"column":25},"end":{"line":216,"column":31}}],"line":216},"17":{"loc":{"start":{"line":218,"column":15},"end":{"line":222,"column":9}},"type":"if","locations":[{"start":{"line":218,"column":15},"end":{"line":222,"column":9}},{"start":{"line":220,"column":15},"end":{"line":222,"column":9}}],"line":218},"18":{"loc":{"start":{"line":224,"column":8},"end":{"line":230,"column":9}},"type":"if","locations":[{"start":{"line":224,"column":8},"end":{"line":230,"column":9}},{"start":{"line":226,"column":15},"end":{"line":230,"column":9}}],"line":224},"19":{"loc":{"start":{"line":224,"column":12},"end":{"line":224,"column":37}},"type":"binary-expr","locations":[{"start":{"line":224,"column":12},"end":{"line":224,"column":24}},{"start":{"line":224,"column":28},"end":{"line":224,"column":37}}],"line":224},"20":{"loc":{"start":{"line":226,"column":15},"end":{"line":230,"column":9}},"type":"if","locations":[{"start":{"line":226,"column":15},"end":{"line":230,"column":9}},{"start":{"line":228,"column":15},"end":{"line":230,"column":9}}],"line":226}},"s":{"0":1,"1":1,"2":0,"3":0,"4":0,"5":0,"6":0,"7":0,"8":0,"9":0,"10":0,"11":0,"12":0,"13":0,"14":0,"15":0,"16":0,"17":0,"18":0,"19":0,"20":0,"21":0,"22":0,"23":0,"24":0,"25":0,"26":0,"27":0,"28":0,"29":0,"30":0,"31":0,"32":0,"33":0,"34":0,"35":0,"36":0,"37":0,"38":0,"39":1,"40":1,"41":0,"42":0,"43":0,"44":0,"45":0,"46":0,"47":0,"48":0,"49":0,"50":0,"51":0,"52":0,"53":1},"f":{"0":1,"1":0,"2":0,"3":0,"4":0,"5":0},"b":{"0":[0],"1":[0,0],"2":[0,0],"3":[0,0],"4":[0,0],"5":[0,0],"6":[0,0],"7":[0,0],"8":[0,0],"9":[0,0],"10":[0,0],"11":[0,0],"12":[0,0],"13":[0,0],"14":[0,0],"15":[0,0],"16":[0,0],"17":[0,0],"18":[0,0],"19":[0,0],"20":[0,0]},"_coverageSchema":"1a1c01bbd47fc00a2c39e90264f33305004495a9","hash":"cd590f4d3d4bab1de551e3d2212fb2fb4239030d"}
,"C:\\--iskola\\vizsgaremek\\app\\Backend\\api\\models\\Verify_Code.js": {"path":"C:\\--iskola\\vizsgaremek\\app\\Backend\\api\\models\\Verify_Code.js","statementMap":{"0":{"start":{"line":1,"column":24},"end":{"line":1,"column":44}},"1":{"start":{"line":3,"column":0},"end":{"line":70,"column":1}},"2":{"start":{"line":8,"column":4},"end":{"line":67,"column":5}},"3":{"start":{"line":43,"column":36},"end":{"line":43,"column":72}},"4":{"start":{"line":69,"column":4},"end":{"line":69,"column":23}}},"fnMap":{"0":{"name":"(anonymous_0)","decl":{"start":{"line":3,"column":17},"end":{"line":3,"column":18}},"loc":{"start":{"line":4,"column":0},"end":{"line":70,"column":1}},"line":4},"1":{"name":"(anonymous_1)","decl":{"start":{"line":43,"column":30},"end":{"line":43,"column":31}},"loc":{"start":{"line":43,"column":36},"end":{"line":43,"column":72}},"line":43}},"branchMap":{},"s":{"0":1,"1":1,"2":1,"3":0,"4":1},"f":{"0":1,"1":0},"b":{},"_coverageSchema":"1a1c01bbd47fc00a2c39e90264f33305004495a9","hash":"dd981c6ab28e1ae39900b3c4b232b5c1d84098b9"}
,"C:\\--iskola\\vizsgaremek\\app\\Backend\\api\\models\\index.js": {"path":"C:\\--iskola\\vizsgaremek\\app\\Backend\\api\\models\\index.js","statementMap":{"0":{"start":{"line":1,"column":22},"end":{"line":1,"column":42}},"1":{"start":{"line":3,"column":0},"end":{"line":156,"column":2}},"2":{"start":{"line":4,"column":17},"end":{"line":4,"column":56}},"3":{"start":{"line":5,"column":25},"end":{"line":5,"column":72}},"4":{"start":{"line":6,"column":22},"end":{"line":6,"column":66}},"5":{"start":{"line":7,"column":31},"end":{"line":7,"column":84}},"6":{"start":{"line":8,"column":30},"end":{"line":8,"column":82}},"7":{"start":{"line":9,"column":24},"end":{"line":9,"column":70}},"8":{"start":{"line":10,"column":24},"end":{"line":10,"column":70}},"9":{"start":{"line":11,"column":21},"end":{"line":11,"column":64}},"10":{"start":{"line":12,"column":17},"end":{"line":12,"column":56}},"11":{"start":{"line":13,"column":26},"end":{"line":13,"column":74}},"12":{"start":{"line":16,"column":4},"end":{"line":19,"column":7}},"13":{"start":{"line":20,"column":4},"end":{"line":23,"column":7}},"14":{"start":{"line":27,"column":4},"end":{"line":30,"column":7}},"15":{"start":{"line":31,"column":4},"end":{"line":34,"column":7}},"16":{"start":{"line":38,"column":4},"end":{"line":41,"column":7}},"17":{"start":{"line":42,"column":4},"end":{"line":45,"column":7}},"18":{"start":{"line":48,"column":4},"end":{"line":51,"column":7}},"19":{"start":{"line":52,"column":4},"end":{"line":55,"column":7}},"20":{"start":{"line":59,"column":4},"end":{"line":62,"column":7}},"21":{"start":{"line":63,"column":4},"end":{"line":66,"column":7}},"22":{"start":{"line":69,"column":4},"end":{"line":72,"column":7}},"23":{"start":{"line":73,"column":4},"end":{"line":76,"column":7}},"24":{"start":{"line":82,"column":4},"end":{"line":85,"column":7}},"25":{"start":{"line":87,"column":4},"end":{"line":90,"column":7}},"26":{"start":{"line":92,"column":4},"end":{"line":95,"column":7}},"27":{"start":{"line":97,"column":4},"end":{"line":100,"column":7}},"28":{"start":{"line":105,"column":4},"end":{"line":109,"column":7}},"29":{"start":{"line":111,"column":4},"end":{"line":115,"column":7}},"30":{"start":{"line":123,"column":4},"end":{"line":128,"column":7}},"31":{"start":{"line":131,"column":4},"end":{"line":136,"column":7}},"32":{"start":{"line":144,"column":4},"end":{"line":155,"column":6}}},"fnMap":{"0":{"name":"(anonymous_0)","decl":{"start":{"line":3,"column":17},"end":{"line":3,"column":18}},"loc":{"start":{"line":3,"column":32},"end":{"line":156,"column":1}},"line":3}},"branchMap":{},"s":{"0":1,"1":1,"2":1,"3":1,"4":1,"5":1,"6":1,"7":1,"8":1,"9":1,"10":1,"11":1,"12":1,"13":1,"14":1,"15":1,"16":1,"17":1,"18":1,"19":1,"20":1,"21":1,"22":1,"23":1,"24":1,"25":1,"26":1,"27":1,"28":1,"29":1,"30":1,"31":1,"32":1},"f":{"0":1},"b":{},"_coverageSchema":"1a1c01bbd47fc00a2c39e90264f33305004495a9","hash":"ca7e3c8f34e00095f7880d1025599dcff519c9ff"}
,"C:\\--iskola\\vizsgaremek\\app\\Backend\\api\\repositories\\AdvertisementRepository.js": {"path":"C:\\--iskola\\vizsgaremek\\app\\Backend\\api\\repositories\\AdvertisementRepository.js","statementMap":{"0":{"start":{"line":2,"column":20},"end":{"line":2,"column":40}},"1":{"start":{"line":6,"column":8},"end":{"line":6,"column":46}},"2":{"start":{"line":7,"column":8},"end":{"line":7,"column":38}},"3":{"start":{"line":11,"column":8},"end":{"line":15,"column":9}},"4":{"start":{"line":12,"column":12},"end":{"line":12,"column":84}},"5":{"start":{"line":14,"column":12},"end":{"line":14,"column":98}},"6":{"start":{"line":19,"column":8},"end":{"line":25,"column":9}},"7":{"start":{"line":20,"column":12},"end":{"line":22,"column":15}},"8":{"start":{"line":24,"column":12},"end":{"line":24,"column":95}},"9":{"start":{"line":29,"column":8},"end":{"line":35,"column":9}},"10":{"start":{"line":30,"column":12},"end":{"line":32,"column":15}},"11":{"start":{"line":34,"column":12},"end":{"line":34,"column":95}},"12":{"start":{"line":39,"column":8},"end":{"line":44,"column":9}},"13":{"start":{"line":40,"column":31},"end":{"line":40,"column":99}},"14":{"start":{"line":41,"column":12},"end":{"line":41,"column":58}},"15":{"start":{"line":43,"column":12},"end":{"line":43,"column":92}},"16":{"start":{"line":48,"column":8},"end":{"line":55,"column":9}},"17":{"start":{"line":49,"column":12},"end":{"line":49,"column":70}},"18":{"start":{"line":51,"column":12},"end":{"line":54,"column":15}},"19":{"start":{"line":60,"column":0},"end":{"line":60,"column":41}}},"fnMap":{"0":{"name":"(anonymous_0)","decl":{"start":{"line":5,"column":4},"end":{"line":5,"column":5}},"loc":{"start":{"line":5,"column":20},"end":{"line":8,"column":5}},"line":5},"1":{"name":"(anonymous_1)","decl":{"start":{"line":10,"column":4},"end":{"line":10,"column":5}},"loc":{"start":{"line":10,"column":30},"end":{"line":16,"column":5}},"line":10},"2":{"name":"(anonymous_2)","decl":{"start":{"line":18,"column":4},"end":{"line":18,"column":5}},"loc":{"start":{"line":18,"column":44},"end":{"line":26,"column":5}},"line":18},"3":{"name":"(anonymous_3)","decl":{"start":{"line":28,"column":4},"end":{"line":28,"column":5}},"loc":{"start":{"line":28,"column":35},"end":{"line":36,"column":5}},"line":28},"4":{"name":"(anonymous_4)","decl":{"start":{"line":38,"column":4},"end":{"line":38,"column":5}},"loc":{"start":{"line":38,"column":47},"end":{"line":45,"column":5}},"line":38},"5":{"name":"(anonymous_5)","decl":{"start":{"line":47,"column":4},"end":{"line":47,"column":5}},"loc":{"start":{"line":47,"column":49},"end":{"line":56,"column":5}},"line":47}},"branchMap":{},"s":{"0":1,"1":1,"2":1,"3":0,"4":0,"5":0,"6":0,"7":0,"8":0,"9":0,"10":0,"11":0,"12":0,"13":0,"14":0,"15":0,"16":0,"17":0,"18":0,"19":1},"f":{"0":1,"1":0,"2":0,"3":0,"4":0,"5":0},"b":{},"_coverageSchema":"1a1c01bbd47fc00a2c39e90264f33305004495a9","hash":"66cde83c7c830166fbbce481f5750df9fed2d19c"}
,"C:\\--iskola\\vizsgaremek\\app\\Backend\\api\\repositories\\ConnectionsRepository.js": {"path":"C:\\--iskola\\vizsgaremek\\app\\Backend\\api\\repositories\\ConnectionsRepository.js","statementMap":{"0":{"start":{"line":1,"column":20},"end":{"line":1,"column":40}},"1":{"start":{"line":5,"column":8},"end":{"line":5,"column":42}},"2":{"start":{"line":6,"column":8},"end":{"line":6,"column":38}},"3":{"start":{"line":7,"column":8},"end":{"line":7,"column":36}},"4":{"start":{"line":11,"column":8},"end":{"line":15,"column":9}},"5":{"start":{"line":12,"column":12},"end":{"line":12,"column":79}},"6":{"start":{"line":14,"column":12},"end":{"line":14,"column":99}},"7":{"start":{"line":19,"column":8},"end":{"line":38,"column":9}},"8":{"start":{"line":20,"column":12},"end":{"line":35,"column":15}},"9":{"start":{"line":37,"column":12},"end":{"line":37,"column":97}},"10":{"start":{"line":42,"column":8},"end":{"line":53,"column":9}},"11":{"start":{"line":43,"column":12},"end":{"line":50,"column":15}},"12":{"start":{"line":52,"column":12},"end":{"line":52,"column":110}},"13":{"start":{"line":57,"column":8},"end":{"line":66,"column":9}},"14":{"start":{"line":58,"column":12},"end":{"line":63,"column":15}},"15":{"start":{"line":65,"column":12},"end":{"line":65,"column":110}},"16":{"start":{"line":70,"column":8},"end":{"line":78,"column":9}},"17":{"start":{"line":71,"column":12},"end":{"line":75,"column":15}},"18":{"start":{"line":77,"column":12},"end":{"line":77,"column":101}},"19":{"start":{"line":82,"column":8},"end":{"line":94,"column":9}},"20":{"start":{"line":83,"column":12},"end":{"line":91,"column":15}},"21":{"start":{"line":93,"column":12},"end":{"line":93,"column":97}},"22":{"start":{"line":98,"column":8},"end":{"line":110,"column":9}},"23":{"start":{"line":99,"column":12},"end":{"line":107,"column":15}},"24":{"start":{"line":109,"column":12},"end":{"line":109,"column":97}},"25":{"start":{"line":114,"column":8},"end":{"line":114,"column":51}},"26":{"start":{"line":116,"column":8},"end":{"line":135,"column":9}},"27":{"start":{"line":117,"column":31},"end":{"line":130,"column":14}},"28":{"start":{"line":132,"column":12},"end":{"line":132,"column":58}},"29":{"start":{"line":134,"column":12},"end":{"line":134,"column":93}},"30":{"start":{"line":139,"column":8},"end":{"line":146,"column":9}},"31":{"start":{"line":140,"column":12},"end":{"line":140,"column":65}},"32":{"start":{"line":142,"column":12},"end":{"line":145,"column":15}},"33":{"start":{"line":150,"column":8},"end":{"line":161,"column":9}},"34":{"start":{"line":151,"column":35},"end":{"line":156,"column":14}},"35":{"start":{"line":158,"column":12},"end":{"line":158,"column":32}},"36":{"start":{"line":160,"column":12},"end":{"line":160,"column":96}},"37":{"start":{"line":165,"column":0},"end":{"line":165,"column":39}}},"fnMap":{"0":{"name":"(anonymous_0)","decl":{"start":{"line":4,"column":4},"end":{"line":4,"column":5}},"loc":{"start":{"line":4,"column":20},"end":{"line":8,"column":5}},"line":4},"1":{"name":"(anonymous_1)","decl":{"start":{"line":10,"column":4},"end":{"line":10,"column":5}},"loc":{"start":{"line":10,"column":27},"end":{"line":16,"column":5}},"line":10},"2":{"name":"(anonymous_2)","decl":{"start":{"line":18,"column":4},"end":{"line":18,"column":5}},"loc":{"start":{"line":18,"column":55},"end":{"line":39,"column":5}},"line":18},"3":{"name":"(anonymous_3)","decl":{"start":{"line":41,"column":4},"end":{"line":41,"column":5}},"loc":{"start":{"line":41,"column":58},"end":{"line":54,"column":5}},"line":41},"4":{"name":"(anonymous_4)","decl":{"start":{"line":56,"column":4},"end":{"line":56,"column":5}},"loc":{"start":{"line":56,"column":63},"end":{"line":67,"column":5}},"line":56},"5":{"name":"(anonymous_5)","decl":{"start":{"line":69,"column":4},"end":{"line":69,"column":5}},"loc":{"start":{"line":69,"column":58},"end":{"line":79,"column":5}},"line":69},"6":{"name":"(anonymous_6)","decl":{"start":{"line":81,"column":4},"end":{"line":81,"column":5}},"loc":{"start":{"line":81,"column":43},"end":{"line":95,"column":5}},"line":81},"7":{"name":"(anonymous_7)","decl":{"start":{"line":97,"column":4},"end":{"line":97,"column":5}},"loc":{"start":{"line":97,"column":40},"end":{"line":111,"column":5}},"line":97},"8":{"name":"(anonymous_8)","decl":{"start":{"line":113,"column":4},"end":{"line":113,"column":5}},"loc":{"start":{"line":113,"column":58},"end":{"line":136,"column":5}},"line":113},"9":{"name":"(anonymous_9)","decl":{"start":{"line":138,"column":4},"end":{"line":138,"column":5}},"loc":{"start":{"line":138,"column":43},"end":{"line":147,"column":5}},"line":138},"10":{"name":"(anonymous_10)","decl":{"start":{"line":149,"column":4},"end":{"line":149,"column":5}},"loc":{"start":{"line":149,"column":70},"end":{"line":162,"column":5}},"line":149}},"branchMap":{},"s":{"0":1,"1":1,"2":1,"3":1,"4":0,"5":0,"6":0,"7":0,"8":0,"9":0,"10":0,"11":0,"12":0,"13":0,"14":0,"15":0,"16":0,"17":0,"18":0,"19":0,"20":0,"21":0,"22":0,"23":0,"24":0,"25":0,"26":0,"27":0,"28":0,"29":0,"30":0,"31":0,"32":0,"33":0,"34":0,"35":0,"36":0,"37":1},"f":{"0":1,"1":0,"2":0,"3":0,"4":0,"5":0,"6":0,"7":0,"8":0,"9":0,"10":0},"b":{},"_coverageSchema":"1a1c01bbd47fc00a2c39e90264f33305004495a9","hash":"88c915f4c75db482923bf32e9226ae69583d68f0"}
,"C:\\--iskola\\vizsgaremek\\app\\Backend\\api\\repositories\\KickRepository.js": {"path":"C:\\--iskola\\vizsgaremek\\app\\Backend\\api\\repositories\\KickRepository.js","statementMap":{"0":{"start":{"line":1,"column":20},"end":{"line":1,"column":40}},"1":{"start":{"line":5,"column":8},"end":{"line":5,"column":28}},"2":{"start":{"line":6,"column":8},"end":{"line":6,"column":28}},"3":{"start":{"line":7,"column":8},"end":{"line":7,"column":38}},"4":{"start":{"line":11,"column":8},"end":{"line":15,"column":9}},"5":{"start":{"line":12,"column":12},"end":{"line":12,"column":66}},"6":{"start":{"line":14,"column":12},"end":{"line":14,"column":95}},"7":{"start":{"line":19,"column":8},"end":{"line":28,"column":9}},"8":{"start":{"line":20,"column":12},"end":{"line":25,"column":15}},"9":{"start":{"line":27,"column":12},"end":{"line":27,"column":92}},"10":{"start":{"line":33,"column":8},"end":{"line":39,"column":9}},"11":{"start":{"line":34,"column":12},"end":{"line":36,"column":15}},"12":{"start":{"line":38,"column":12},"end":{"line":38,"column":92}},"13":{"start":{"line":44,"column":8},"end":{"line":50,"column":9}},"14":{"start":{"line":45,"column":12},"end":{"line":47,"column":15}},"15":{"start":{"line":49,"column":12},"end":{"line":49,"column":92}},"16":{"start":{"line":54,"column":22},"end":{"line":54,"column":24}},"17":{"start":{"line":55,"column":23},"end":{"line":55,"column":41}},"18":{"start":{"line":56,"column":8},"end":{"line":64,"column":9}},"19":{"start":{"line":57,"column":12},"end":{"line":61,"column":15}},"20":{"start":{"line":63,"column":12},"end":{"line":63,"column":93}},"21":{"start":{"line":68,"column":8},"end":{"line":73,"column":9}},"22":{"start":{"line":69,"column":31},"end":{"line":69,"column":81}},"23":{"start":{"line":70,"column":12},"end":{"line":70,"column":58}},"24":{"start":{"line":72,"column":12},"end":{"line":72,"column":89}},"25":{"start":{"line":77,"column":8},"end":{"line":84,"column":9}},"26":{"start":{"line":78,"column":12},"end":{"line":78,"column":52}},"27":{"start":{"line":80,"column":12},"end":{"line":83,"column":15}},"28":{"start":{"line":88,"column":8},"end":{"line":100,"column":9}},"29":{"start":{"line":89,"column":35},"end":{"line":96,"column":18}},"30":{"start":{"line":97,"column":12},"end":{"line":97,"column":32}},"31":{"start":{"line":99,"column":12},"end":{"line":99,"column":93}},"32":{"start":{"line":104,"column":0},"end":{"line":104,"column":32}}},"fnMap":{"0":{"name":"(anonymous_0)","decl":{"start":{"line":4,"column":4},"end":{"line":4,"column":5}},"loc":{"start":{"line":4,"column":20},"end":{"line":8,"column":5}},"line":4},"1":{"name":"(anonymous_1)","decl":{"start":{"line":10,"column":4},"end":{"line":10,"column":5}},"loc":{"start":{"line":10,"column":21},"end":{"line":16,"column":5}},"line":10},"2":{"name":"(anonymous_2)","decl":{"start":{"line":18,"column":4},"end":{"line":18,"column":5}},"loc":{"start":{"line":18,"column":52},"end":{"line":29,"column":5}},"line":18},"3":{"name":"(anonymous_3)","decl":{"start":{"line":32,"column":4},"end":{"line":32,"column":5}},"loc":{"start":{"line":32,"column":37},"end":{"line":40,"column":5}},"line":32},"4":{"name":"(anonymous_4)","decl":{"start":{"line":43,"column":4},"end":{"line":43,"column":5}},"loc":{"start":{"line":43,"column":41},"end":{"line":51,"column":5}},"line":43},"5":{"name":"(anonymous_5)","decl":{"start":{"line":53,"column":4},"end":{"line":53,"column":5}},"loc":{"start":{"line":53,"column":31},"end":{"line":65,"column":5}},"line":53},"6":{"name":"(anonymous_6)","decl":{"start":{"line":67,"column":4},"end":{"line":67,"column":5}},"loc":{"start":{"line":67,"column":29},"end":{"line":74,"column":5}},"line":67},"7":{"name":"(anonymous_7)","decl":{"start":{"line":76,"column":4},"end":{"line":76,"column":5}},"loc":{"start":{"line":76,"column":31},"end":{"line":85,"column":5}},"line":76},"8":{"name":"(anonymous_8)","decl":{"start":{"line":87,"column":4},"end":{"line":87,"column":5}},"loc":{"start":{"line":87,"column":29},"end":{"line":101,"column":5}},"line":87}},"branchMap":{},"s":{"0":1,"1":1,"2":1,"3":1,"4":0,"5":0,"6":0,"7":0,"8":0,"9":0,"10":0,"11":0,"12":0,"13":0,"14":0,"15":0,"16":0,"17":0,"18":0,"19":0,"20":0,"21":0,"22":0,"23":0,"24":0,"25":0,"26":0,"27":0,"28":0,"29":0,"30":0,"31":0,"32":1},"f":{"0":1,"1":0,"2":0,"3":0,"4":0,"5":0,"6":0,"7":0,"8":0},"b":{},"_coverageSchema":"1a1c01bbd47fc00a2c39e90264f33305004495a9","hash":"46a132453e5ebf8bc2b4eca85c254484e394e051"}
,"C:\\--iskola\\vizsgaremek\\app\\Backend\\api\\repositories\\UserRepository.js": {"path":"C:\\--iskola\\vizsgaremek\\app\\Backend\\api\\repositories\\UserRepository.js","statementMap":{"0":{"start":{"line":1,"column":20},"end":{"line":1,"column":40}},"1":{"start":{"line":5,"column":8},"end":{"line":5,"column":28}},"2":{"start":{"line":6,"column":8},"end":{"line":6,"column":44}},"3":{"start":{"line":7,"column":8},"end":{"line":7,"column":42}},"4":{"start":{"line":8,"column":8},"end":{"line":8,"column":38}},"5":{"start":{"line":12,"column":8},"end":{"line":24,"column":9}},"6":{"start":{"line":13,"column":12},"end":{"line":21,"column":15}},"7":{"start":{"line":23,"column":12},"end":{"line":23,"column":100}},"8":{"start":{"line":28,"column":8},"end":{"line":41,"column":9}},"9":{"start":{"line":29,"column":12},"end":{"line":38,"column":15}},"10":{"start":{"line":40,"column":12},"end":{"line":40,"column":98}},"11":{"start":{"line":45,"column":8},"end":{"line":58,"column":9}},"12":{"start":{"line":46,"column":12},"end":{"line":55,"column":15}},"13":{"start":{"line":57,"column":12},"end":{"line":57,"column":98}},"14":{"start":{"line":62,"column":8},"end":{"line":69,"column":9}},"15":{"start":{"line":63,"column":12},"end":{"line":66,"column":15}},"16":{"start":{"line":68,"column":12},"end":{"line":68,"column":98}},"17":{"start":{"line":73,"column":8},"end":{"line":86,"column":9}},"18":{"start":{"line":74,"column":12},"end":{"line":83,"column":15}},"19":{"start":{"line":85,"column":12},"end":{"line":85,"column":117}},"20":{"start":{"line":90,"column":22},"end":{"line":90,"column":24}},"21":{"start":{"line":91,"column":23},"end":{"line":91,"column":41}},"22":{"start":{"line":92,"column":8},"end":{"line":100,"column":9}},"23":{"start":{"line":93,"column":12},"end":{"line":97,"column":15}},"24":{"start":{"line":99,"column":12},"end":{"line":99,"column":93}},"25":{"start":{"line":104,"column":8},"end":{"line":109,"column":9}},"26":{"start":{"line":105,"column":31},"end":{"line":105,"column":81}},"27":{"start":{"line":106,"column":12},"end":{"line":106,"column":58}},"28":{"start":{"line":108,"column":12},"end":{"line":108,"column":95}},"29":{"start":{"line":113,"column":8},"end":{"line":122,"column":9}},"30":{"start":{"line":114,"column":12},"end":{"line":116,"column":15}},"31":{"start":{"line":118,"column":12},"end":{"line":121,"column":15}},"32":{"start":{"line":126,"column":8},"end":{"line":133,"column":9}},"33":{"start":{"line":127,"column":35},"end":{"line":129,"column":14}},"34":{"start":{"line":130,"column":12},"end":{"line":130,"column":32}},"35":{"start":{"line":132,"column":12},"end":{"line":132,"column":98}},"36":{"start":{"line":137,"column":8},"end":{"line":144,"column":9}},"37":{"start":{"line":138,"column":35},"end":{"line":140,"column":14}},"38":{"start":{"line":141,"column":12},"end":{"line":141,"column":32}},"39":{"start":{"line":143,"column":12},"end":{"line":143,"column":93}},"40":{"start":{"line":148,"column":8},"end":{"line":154,"column":9}},"41":{"start":{"line":149,"column":12},"end":{"line":151,"column":15}},"42":{"start":{"line":153,"column":12},"end":{"line":153,"column":116}},"43":{"start":{"line":158,"column":0},"end":{"line":158,"column":32}}},"fnMap":{"0":{"name":"(anonymous_0)","decl":{"start":{"line":4,"column":4},"end":{"line":4,"column":5}},"loc":{"start":{"line":4,"column":20},"end":{"line":9,"column":5}},"line":4},"1":{"name":"(anonymous_1)","decl":{"start":{"line":11,"column":4},"end":{"line":11,"column":5}},"loc":{"start":{"line":11,"column":21},"end":{"line":25,"column":5}},"line":11},"2":{"name":"(anonymous_2)","decl":{"start":{"line":27,"column":4},"end":{"line":27,"column":5}},"loc":{"start":{"line":27,"column":38},"end":{"line":42,"column":5}},"line":27},"3":{"name":"(anonymous_3)","decl":{"start":{"line":44,"column":4},"end":{"line":44,"column":5}},"loc":{"start":{"line":44,"column":30},"end":{"line":59,"column":5}},"line":44},"4":{"name":"(anonymous_4)","decl":{"start":{"line":61,"column":4},"end":{"line":61,"column":5}},"loc":{"start":{"line":61,"column":40},"end":{"line":70,"column":5}},"line":61},"5":{"name":"(anonymous_5)","decl":{"start":{"line":72,"column":4},"end":{"line":72,"column":5}},"loc":{"start":{"line":72,"column":32},"end":{"line":87,"column":5}},"line":72},"6":{"name":"(anonymous_6)","decl":{"start":{"line":89,"column":4},"end":{"line":89,"column":5}},"loc":{"start":{"line":89,"column":31},"end":{"line":101,"column":5}},"line":89},"7":{"name":"(anonymous_7)","decl":{"start":{"line":103,"column":4},"end":{"line":103,"column":5}},"loc":{"start":{"line":103,"column":29},"end":{"line":110,"column":5}},"line":103},"8":{"name":"(anonymous_8)","decl":{"start":{"line":112,"column":4},"end":{"line":112,"column":5}},"loc":{"start":{"line":112,"column":45},"end":{"line":123,"column":5}},"line":112},"9":{"name":"(anonymous_9)","decl":{"start":{"line":125,"column":4},"end":{"line":125,"column":5}},"loc":{"start":{"line":125,"column":41},"end":{"line":134,"column":5}},"line":125},"10":{"name":"(anonymous_10)","decl":{"start":{"line":136,"column":4},"end":{"line":136,"column":5}},"loc":{"start":{"line":136,"column":50},"end":{"line":145,"column":5}},"line":136},"11":{"name":"(anonymous_11)","decl":{"start":{"line":147,"column":4},"end":{"line":147,"column":5}},"loc":{"start":{"line":147,"column":43},"end":{"line":155,"column":5}},"line":147}},"branchMap":{"0":{"loc":{"start":{"line":61,"column":26},"end":{"line":61,"column":38}},"type":"default-arg","locations":[{"start":{"line":61,"column":36},"end":{"line":61,"column":38}}],"line":61},"1":{"loc":{"start":{"line":112,"column":31},"end":{"line":112,"column":43}},"type":"default-arg","locations":[{"start":{"line":112,"column":41},"end":{"line":112,"column":43}}],"line":112}},"s":{"0":1,"1":1,"2":1,"3":1,"4":1,"5":4,"6":4,"7":0,"8":15,"9":15,"10":0,"11":2,"12":2,"13":0,"14":4,"15":4,"16":0,"17":2,"18":2,"19":0,"20":6,"21":6,"22":6,"23":6,"24":0,"25":2,"26":2,"27":2,"28":0,"29":8,"30":8,"31":1,"32":2,"33":2,"34":2,"35":0,"36":1,"37":1,"38":1,"39":0,"40":2,"41":2,"42":0,"43":1},"f":{"0":1,"1":4,"2":15,"3":2,"4":4,"5":2,"6":6,"7":2,"8":8,"9":2,"10":1,"11":2},"b":{"0":[4],"1":[0]},"_coverageSchema":"1a1c01bbd47fc00a2c39e90264f33305004495a9","hash":"da172bdc4af6c3062eb59fd610f994e34dd1122e"}
,"C:\\--iskola\\vizsgaremek\\app\\Backend\\api\\repositories\\User_PostRepository.js": {"path":"C:\\--iskola\\vizsgaremek\\app\\Backend\\api\\repositories\\User_PostRepository.js","statementMap":{"0":{"start":{"line":1,"column":20},"end":{"line":1,"column":40}},"1":{"start":{"line":5,"column":8},"end":{"line":5,"column":38}},"2":{"start":{"line":6,"column":8},"end":{"line":6,"column":54}},"3":{"start":{"line":7,"column":8},"end":{"line":7,"column":56}},"4":{"start":{"line":8,"column":8},"end":{"line":8,"column":38}},"5":{"start":{"line":13,"column":8},"end":{"line":28,"column":9}},"6":{"start":{"line":14,"column":12},"end":{"line":25,"column":15}},"7":{"start":{"line":27,"column":12},"end":{"line":27,"column":112}},"8":{"start":{"line":32,"column":8},"end":{"line":67,"column":9}},"9":{"start":{"line":33,"column":22},"end":{"line":33,"column":34}},"10":{"start":{"line":34,"column":23},"end":{"line":34,"column":38}},"11":{"start":{"line":36,"column":26},"end":{"line":36,"column":28}},"12":{"start":{"line":37,"column":27},"end":{"line":37,"column":33}},"13":{"start":{"line":39,"column":26},"end":{"line":39,"column":67}},"14":{"start":{"line":41,"column":26},"end":{"line":57,"column":14}},"15":{"start":{"line":59,"column":28},"end":{"line":59,"column":50}},"16":{"start":{"line":61,"column":12},"end":{"line":64,"column":14}},"17":{"start":{"line":66,"column":12},"end":{"line":66,"column":112}},"18":{"start":{"line":71,"column":8},"end":{"line":77,"column":9}},"19":{"start":{"line":72,"column":12},"end":{"line":74,"column":15}},"20":{"start":{"line":76,"column":12},"end":{"line":76,"column":110}},"21":{"start":{"line":81,"column":8},"end":{"line":87,"column":9}},"22":{"start":{"line":82,"column":12},"end":{"line":84,"column":15}},"23":{"start":{"line":86,"column":12},"end":{"line":86,"column":96}},"24":{"start":{"line":91,"column":8},"end":{"line":97,"column":9}},"25":{"start":{"line":92,"column":31},"end":{"line":92,"column":86}},"26":{"start":{"line":94,"column":12},"end":{"line":94,"column":58}},"27":{"start":{"line":96,"column":12},"end":{"line":96,"column":93}},"28":{"start":{"line":101,"column":8},"end":{"line":110,"column":9}},"29":{"start":{"line":102,"column":12},"end":{"line":104,"column":15}},"30":{"start":{"line":106,"column":12},"end":{"line":109,"column":15}},"31":{"start":{"line":114,"column":8},"end":{"line":123,"column":9}},"32":{"start":{"line":115,"column":35},"end":{"line":118,"column":14}},"33":{"start":{"line":120,"column":12},"end":{"line":120,"column":32}},"34":{"start":{"line":122,"column":12},"end":{"line":122,"column":96}},"35":{"start":{"line":127,"column":8},"end":{"line":133,"column":9}},"36":{"start":{"line":128,"column":12},"end":{"line":130,"column":15}},"37":{"start":{"line":132,"column":12},"end":{"line":132,"column":96}},"38":{"start":{"line":137,"column":0},"end":{"line":137,"column":37}}},"fnMap":{"0":{"name":"(anonymous_0)","decl":{"start":{"line":4,"column":4},"end":{"line":4,"column":5}},"loc":{"start":{"line":4,"column":20},"end":{"line":9,"column":5}},"line":4},"1":{"name":"(anonymous_1)","decl":{"start":{"line":12,"column":4},"end":{"line":12,"column":5}},"loc":{"start":{"line":12,"column":26},"end":{"line":29,"column":5}},"line":12},"2":{"name":"(anonymous_2)","decl":{"start":{"line":31,"column":4},"end":{"line":31,"column":5}},"loc":{"start":{"line":31,"column":46},"end":{"line":68,"column":5}},"line":31},"3":{"name":"(anonymous_3)","decl":{"start":{"line":70,"column":4},"end":{"line":70,"column":5}},"loc":{"start":{"line":70,"column":41},"end":{"line":78,"column":5}},"line":70},"4":{"name":"(anonymous_4)","decl":{"start":{"line":80,"column":4},"end":{"line":80,"column":5}},"loc":{"start":{"line":80,"column":36},"end":{"line":88,"column":5}},"line":80},"5":{"name":"(anonymous_5)","decl":{"start":{"line":90,"column":4},"end":{"line":90,"column":5}},"loc":{"start":{"line":90,"column":34},"end":{"line":98,"column":5}},"line":90},"6":{"name":"(anonymous_6)","decl":{"start":{"line":100,"column":4},"end":{"line":100,"column":5}},"loc":{"start":{"line":100,"column":50},"end":{"line":111,"column":5}},"line":100},"7":{"name":"(anonymous_7)","decl":{"start":{"line":113,"column":4},"end":{"line":113,"column":5}},"loc":{"start":{"line":113,"column":60},"end":{"line":124,"column":5}},"line":113},"8":{"name":"(anonymous_8)","decl":{"start":{"line":126,"column":4},"end":{"line":126,"column":5}},"loc":{"start":{"line":126,"column":61},"end":{"line":134,"column":5}},"line":126}},"branchMap":{"0":{"loc":{"start":{"line":63,"column":28},"end":{"line":63,"column":50}},"type":"cond-expr","locations":[{"start":{"line":63,"column":38},"end":{"line":63,"column":43}},{"start":{"line":63,"column":46},"end":{"line":63,"column":50}}],"line":63},"1":{"loc":{"start":{"line":100,"column":36},"end":{"line":100,"column":48}},"type":"default-arg","locations":[{"start":{"line":100,"column":46},"end":{"line":100,"column":48}}],"line":100},"2":{"loc":{"start":{"line":113,"column":46},"end":{"line":113,"column":58}},"type":"default-arg","locations":[{"start":{"line":113,"column":56},"end":{"line":113,"column":58}}],"line":113}},"s":{"0":1,"1":1,"2":1,"3":1,"4":1,"5":0,"6":0,"7":0,"8":0,"9":0,"10":0,"11":0,"12":0,"13":0,"14":0,"15":0,"16":0,"17":0,"18":0,"19":0,"20":0,"21":0,"22":0,"23":0,"24":0,"25":0,"26":0,"27":0,"28":0,"29":0,"30":0,"31":0,"32":0,"33":0,"34":0,"35":0,"36":0,"37":0,"38":1},"f":{"0":1,"1":0,"2":0,"3":0,"4":0,"5":0,"6":0,"7":0,"8":0},"b":{"0":[0,0],"1":[0],"2":[0]},"_coverageSchema":"1a1c01bbd47fc00a2c39e90264f33305004495a9","hash":"36f41aa604189622b73bacdc640c142440c6577d"}
,"C:\\--iskola\\vizsgaremek\\app\\Backend\\api\\repositories\\User_Post_CommentRepository.js": {"path":"C:\\--iskola\\vizsgaremek\\app\\Backend\\api\\repositories\\User_Post_CommentRepository.js","statementMap":{"0":{"start":{"line":1,"column":20},"end":{"line":1,"column":40}},"1":{"start":{"line":5,"column":8},"end":{"line":5,"column":54}},"2":{"start":{"line":6,"column":8},"end":{"line":6,"column":38}},"3":{"start":{"line":10,"column":4},"end":{"line":14,"column":5}},"4":{"start":{"line":11,"column":8},"end":{"line":11,"column":86}},"5":{"start":{"line":13,"column":8},"end":{"line":13,"column":108}},"6":{"start":{"line":18,"column":4},"end":{"line":24,"column":5}},"7":{"start":{"line":19,"column":8},"end":{"line":21,"column":11}},"8":{"start":{"line":23,"column":8},"end":{"line":23,"column":94}},"9":{"start":{"line":28,"column":4},"end":{"line":37,"column":5}},"10":{"start":{"line":29,"column":27},"end":{"line":32,"column":10}},"11":{"start":{"line":34,"column":8},"end":{"line":34,"column":54}},"12":{"start":{"line":36,"column":8},"end":{"line":36,"column":91}},"13":{"start":{"line":41,"column":4},"end":{"line":50,"column":5}},"14":{"start":{"line":42,"column":8},"end":{"line":44,"column":11}},"15":{"start":{"line":46,"column":8},"end":{"line":49,"column":11}},"16":{"start":{"line":54,"column":4},"end":{"line":63,"column":5}},"17":{"start":{"line":55,"column":31},"end":{"line":58,"column":10}},"18":{"start":{"line":60,"column":8},"end":{"line":60,"column":28}},"19":{"start":{"line":62,"column":8},"end":{"line":62,"column":94}},"20":{"start":{"line":68,"column":0},"end":{"line":68,"column":45}}},"fnMap":{"0":{"name":"(anonymous_0)","decl":{"start":{"line":4,"column":4},"end":{"line":4,"column":5}},"loc":{"start":{"line":4,"column":20},"end":{"line":7,"column":5}},"line":4},"1":{"name":"(anonymous_1)","decl":{"start":{"line":9,"column":4},"end":{"line":9,"column":5}},"loc":{"start":{"line":9,"column":36},"end":{"line":15,"column":1}},"line":9},"2":{"name":"(anonymous_2)","decl":{"start":{"line":17,"column":0},"end":{"line":17,"column":1}},"loc":{"start":{"line":17,"column":37},"end":{"line":25,"column":1}},"line":17},"3":{"name":"(anonymous_3)","decl":{"start":{"line":27,"column":0},"end":{"line":27,"column":1}},"loc":{"start":{"line":27,"column":54},"end":{"line":38,"column":1}},"line":27},"4":{"name":"(anonymous_4)","decl":{"start":{"line":40,"column":0},"end":{"line":40,"column":1}},"loc":{"start":{"line":40,"column":59},"end":{"line":51,"column":1}},"line":40},"5":{"name":"(anonymous_5)","decl":{"start":{"line":53,"column":0},"end":{"line":53,"column":1}},"loc":{"start":{"line":53,"column":58},"end":{"line":64,"column":1}},"line":53}},"branchMap":{"0":{"loc":{"start":{"line":27,"column":40},"end":{"line":27,"column":52}},"type":"default-arg","locations":[{"start":{"line":27,"column":50},"end":{"line":27,"column":52}}],"line":27},"1":{"loc":{"start":{"line":40,"column":45},"end":{"line":40,"column":57}},"type":"default-arg","locations":[{"start":{"line":40,"column":55},"end":{"line":40,"column":57}}],"line":40},"2":{"loc":{"start":{"line":53,"column":44},"end":{"line":53,"column":56}},"type":"default-arg","locations":[{"start":{"line":53,"column":54},"end":{"line":53,"column":56}}],"line":53}},"s":{"0":1,"1":1,"2":1,"3":0,"4":0,"5":0,"6":0,"7":0,"8":0,"9":0,"10":0,"11":0,"12":0,"13":0,"14":0,"15":0,"16":0,"17":0,"18":0,"19":0,"20":1},"f":{"0":1,"1":0,"2":0,"3":0,"4":0,"5":0},"b":{"0":[0],"1":[0],"2":[0]},"_coverageSchema":"1a1c01bbd47fc00a2c39e90264f33305004495a9","hash":"a54dd89f81f50e1127904314edaa3c1ff0004aa4"}
,"C:\\--iskola\\vizsgaremek\\app\\Backend\\api\\repositories\\User_Post_ReactionRepository.js": {"path":"C:\\--iskola\\vizsgaremek\\app\\Backend\\api\\repositories\\User_Post_ReactionRepository.js","statementMap":{"0":{"start":{"line":1,"column":20},"end":{"line":1,"column":40}},"1":{"start":{"line":5,"column":8},"end":{"line":5,"column":56}},"2":{"start":{"line":6,"column":8},"end":{"line":6,"column":38}},"3":{"start":{"line":10,"column":8},"end":{"line":16,"column":9}},"4":{"start":{"line":11,"column":12},"end":{"line":13,"column":15}},"5":{"start":{"line":15,"column":12},"end":{"line":15,"column":109}},"6":{"start":{"line":20,"column":8},"end":{"line":30,"column":9}},"7":{"start":{"line":21,"column":12},"end":{"line":27,"column":15}},"8":{"start":{"line":29,"column":12},"end":{"line":29,"column":108}},"9":{"start":{"line":34,"column":8},"end":{"line":43,"column":9}},"10":{"start":{"line":35,"column":31},"end":{"line":38,"column":14}},"11":{"start":{"line":40,"column":12},"end":{"line":40,"column":58}},"12":{"start":{"line":42,"column":12},"end":{"line":42,"column":91}},"13":{"start":{"line":48,"column":8},"end":{"line":57,"column":9}},"14":{"start":{"line":49,"column":12},"end":{"line":51,"column":15}},"15":{"start":{"line":53,"column":12},"end":{"line":56,"column":15}},"16":{"start":{"line":61,"column":8},"end":{"line":73,"column":9}},"17":{"start":{"line":62,"column":35},"end":{"line":68,"column":14}},"18":{"start":{"line":70,"column":12},"end":{"line":70,"column":32}},"19":{"start":{"line":72,"column":12},"end":{"line":72,"column":94}},"20":{"start":{"line":77,"column":0},"end":{"line":77,"column":46}}},"fnMap":{"0":{"name":"(anonymous_0)","decl":{"start":{"line":4,"column":4},"end":{"line":4,"column":5}},"loc":{"start":{"line":4,"column":20},"end":{"line":7,"column":5}},"line":4},"1":{"name":"(anonymous_1)","decl":{"start":{"line":9,"column":4},"end":{"line":9,"column":5}},"loc":{"start":{"line":9,"column":49},"end":{"line":17,"column":5}},"line":9},"2":{"name":"(anonymous_2)","decl":{"start":{"line":19,"column":4},"end":{"line":19,"column":5}},"loc":{"start":{"line":19,"column":64},"end":{"line":31,"column":5}},"line":19},"3":{"name":"(anonymous_3)","decl":{"start":{"line":33,"column":4},"end":{"line":33,"column":5}},"loc":{"start":{"line":33,"column":59},"end":{"line":44,"column":5}},"line":33},"4":{"name":"(anonymous_4)","decl":{"start":{"line":46,"column":4},"end":{"line":46,"column":5}},"loc":{"start":{"line":46,"column":65},"end":{"line":58,"column":5}},"line":46},"5":{"name":"(anonymous_5)","decl":{"start":{"line":60,"column":4},"end":{"line":60,"column":5}},"loc":{"start":{"line":60,"column":63},"end":{"line":74,"column":5}},"line":60}},"branchMap":{"0":{"loc":{"start":{"line":9,"column":35},"end":{"line":9,"column":47}},"type":"default-arg","locations":[{"start":{"line":9,"column":45},"end":{"line":9,"column":47}}],"line":9},"1":{"loc":{"start":{"line":19,"column":50},"end":{"line":19,"column":62}},"type":"default-arg","locations":[{"start":{"line":19,"column":60},"end":{"line":19,"column":62}}],"line":19},"2":{"loc":{"start":{"line":33,"column":45},"end":{"line":33,"column":57}},"type":"default-arg","locations":[{"start":{"line":33,"column":55},"end":{"line":33,"column":57}}],"line":33},"3":{"loc":{"start":{"line":46,"column":51},"end":{"line":46,"column":63}},"type":"default-arg","locations":[{"start":{"line":46,"column":61},"end":{"line":46,"column":63}}],"line":46},"4":{"loc":{"start":{"line":60,"column":49},"end":{"line":60,"column":61}},"type":"default-arg","locations":[{"start":{"line":60,"column":59},"end":{"line":60,"column":61}}],"line":60}},"s":{"0":1,"1":1,"2":1,"3":0,"4":0,"5":0,"6":0,"7":0,"8":0,"9":0,"10":0,"11":0,"12":0,"13":0,"14":0,"15":0,"16":0,"17":0,"18":0,"19":0,"20":1},"f":{"0":1,"1":0,"2":0,"3":0,"4":0,"5":0},"b":{"0":[0],"1":[0],"2":[0],"3":[0],"4":[0]},"_coverageSchema":"1a1c01bbd47fc00a2c39e90264f33305004495a9","hash":"d66430e4873d8203fc15ed446d7e28d53188f9cc"}
,"C:\\--iskola\\vizsgaremek\\app\\Backend\\api\\repositories\\User_ProfileRepository.js": {"path":"C:\\--iskola\\vizsgaremek\\app\\Backend\\api\\repositories\\User_ProfileRepository.js","statementMap":{"0":{"start":{"line":1,"column":20},"end":{"line":1,"column":40}},"1":{"start":{"line":5,"column":8},"end":{"line":5,"column":44}},"2":{"start":{"line":6,"column":8},"end":{"line":6,"column":28}},"3":{"start":{"line":7,"column":8},"end":{"line":7,"column":38}},"4":{"start":{"line":8,"column":8},"end":{"line":8,"column":42}},"5":{"start":{"line":9,"column":8},"end":{"line":9,"column":38}},"6":{"start":{"line":14,"column":8},"end":{"line":18,"column":9}},"7":{"start":{"line":15,"column":12},"end":{"line":15,"column":82}},"8":{"start":{"line":17,"column":12},"end":{"line":17,"column":109}},"9":{"start":{"line":22,"column":8},"end":{"line":31,"column":9}},"10":{"start":{"line":23,"column":12},"end":{"line":25,"column":15}},"11":{"start":{"line":27,"column":12},"end":{"line":30,"column":15}},"12":{"start":{"line":35,"column":8},"end":{"line":43,"column":9}},"13":{"start":{"line":36,"column":35},"end":{"line":38,"column":14}},"14":{"start":{"line":40,"column":12},"end":{"line":40,"column":32}},"15":{"start":{"line":42,"column":12},"end":{"line":42,"column":106}},"16":{"start":{"line":47,"column":8},"end":{"line":57,"column":9}},"17":{"start":{"line":48,"column":31},"end":{"line":48,"column":94}},"18":{"start":{"line":50,"column":12},"end":{"line":52,"column":13}},"19":{"start":{"line":51,"column":16},"end":{"line":51,"column":108}},"20":{"start":{"line":54,"column":12},"end":{"line":54,"column":58}},"21":{"start":{"line":56,"column":12},"end":{"line":56,"column":103}},"22":{"start":{"line":61,"column":22},"end":{"line":61,"column":24}},"23":{"start":{"line":62,"column":23},"end":{"line":62,"column":41}},"24":{"start":{"line":63,"column":8},"end":{"line":71,"column":9}},"25":{"start":{"line":64,"column":12},"end":{"line":68,"column":15}},"26":{"start":{"line":70,"column":12},"end":{"line":70,"column":93}},"27":{"start":{"line":75,"column":8},"end":{"line":118,"column":9}},"28":{"start":{"line":76,"column":12},"end":{"line":76,"column":37}},"29":{"start":{"line":76,"column":25},"end":{"line":76,"column":37}},"30":{"start":{"line":79,"column":30},"end":{"line":81,"column":38}},"31":{"start":{"line":83,"column":28},"end":{"line":100,"column":14}},"32":{"start":{"line":102,"column":12},"end":{"line":102,"column":38}},"33":{"start":{"line":102,"column":26},"end":{"line":102,"column":38}},"34":{"start":{"line":104,"column":30},"end":{"line":106,"column":14}},"35":{"start":{"line":108,"column":34},"end":{"line":110,"column":14}},"36":{"start":{"line":112,"column":27},"end":{"line":112,"column":43}},"37":{"start":{"line":113,"column":12},"end":{"line":113,"column":59}},"38":{"start":{"line":115,"column":12},"end":{"line":115,"column":39}},"39":{"start":{"line":117,"column":12},"end":{"line":117,"column":106}},"40":{"start":{"line":122,"column":0},"end":{"line":122,"column":40}}},"fnMap":{"0":{"name":"(anonymous_0)","decl":{"start":{"line":4,"column":4},"end":{"line":4,"column":5}},"loc":{"start":{"line":4,"column":20},"end":{"line":10,"column":5}},"line":4},"1":{"name":"(anonymous_1)","decl":{"start":{"line":13,"column":4},"end":{"line":13,"column":5}},"loc":{"start":{"line":13,"column":29},"end":{"line":19,"column":5}},"line":13},"2":{"name":"(anonymous_2)","decl":{"start":{"line":21,"column":4},"end":{"line":21,"column":5}},"loc":{"start":{"line":21,"column":53},"end":{"line":32,"column":5}},"line":21},"3":{"name":"(anonymous_3)","decl":{"start":{"line":34,"column":4},"end":{"line":34,"column":5}},"loc":{"start":{"line":34,"column":49},"end":{"line":44,"column":5}},"line":34},"4":{"name":"(anonymous_4)","decl":{"start":{"line":46,"column":4},"end":{"line":46,"column":5}},"loc":{"start":{"line":46,"column":37},"end":{"line":58,"column":5}},"line":46},"5":{"name":"(anonymous_5)","decl":{"start":{"line":60,"column":4},"end":{"line":60,"column":5}},"loc":{"start":{"line":60,"column":39},"end":{"line":72,"column":5}},"line":60},"6":{"name":"(anonymous_6)","decl":{"start":{"line":74,"column":4},"end":{"line":74,"column":5}},"loc":{"start":{"line":74,"column":34},"end":{"line":119,"column":5}},"line":74}},"branchMap":{"0":{"loc":{"start":{"line":21,"column":39},"end":{"line":21,"column":51}},"type":"default-arg","locations":[{"start":{"line":21,"column":49},"end":{"line":21,"column":51}}],"line":21},"1":{"loc":{"start":{"line":50,"column":12},"end":{"line":52,"column":13}},"type":"if","locations":[{"start":{"line":50,"column":12},"end":{"line":52,"column":13}},{"start":{},"end":{}}],"line":50},"2":{"loc":{"start":{"line":76,"column":12},"end":{"line":76,"column":37}},"type":"if","locations":[{"start":{"line":76,"column":12},"end":{"line":76,"column":37}},{"start":{},"end":{}}],"line":76},"3":{"loc":{"start":{"line":79,"column":30},"end":{"line":81,"column":38}},"type":"cond-expr","locations":[{"start":{"line":80,"column":18},"end":{"line":80,"column":40}},{"start":{"line":81,"column":18},"end":{"line":81,"column":38}}],"line":79},"4":{"loc":{"start":{"line":102,"column":12},"end":{"line":102,"column":38}},"type":"if","locations":[{"start":{"line":102,"column":12},"end":{"line":102,"column":38}},{"start":{},"end":{}}],"line":102}},"s":{"0":1,"1":1,"2":1,"3":1,"4":1,"5":1,"6":0,"7":0,"8":0,"9":0,"10":0,"11":0,"12":0,"13":0,"14":0,"15":0,"16":0,"17":0,"18":0,"19":0,"20":0,"21":0,"22":0,"23":0,"24":0,"25":0,"26":0,"27":0,"28":0,"29":0,"30":0,"31":0,"32":0,"33":0,"34":0,"35":0,"36":0,"37":0,"38":0,"39":0,"40":1},"f":{"0":1,"1":0,"2":0,"3":0,"4":0,"5":0,"6":0},"b":{"0":[0],"1":[0,0],"2":[0,0],"3":[0,0],"4":[0,0]},"_coverageSchema":"1a1c01bbd47fc00a2c39e90264f33305004495a9","hash":"667b84c398ed3e15074149c060391f88d60e910a"}
,"C:\\--iskola\\vizsgaremek\\app\\Backend\\api\\repositories\\User_SettingsRepository.js": {"path":"C:\\--iskola\\vizsgaremek\\app\\Backend\\api\\repositories\\User_SettingsRepository.js","statementMap":{"0":{"start":{"line":1,"column":20},"end":{"line":1,"column":40}},"1":{"start":{"line":5,"column":8},"end":{"line":5,"column":41}},"2":{"start":{"line":6,"column":8},"end":{"line":6,"column":38}},"3":{"start":{"line":11,"column":8},"end":{"line":15,"column":9}},"4":{"start":{"line":12,"column":12},"end":{"line":12,"column":84}},"5":{"start":{"line":14,"column":12},"end":{"line":14,"column":100}},"6":{"start":{"line":19,"column":8},"end":{"line":25,"column":9}},"7":{"start":{"line":20,"column":12},"end":{"line":22,"column":15}},"8":{"start":{"line":24,"column":12},"end":{"line":24,"column":98}},"9":{"start":{"line":29,"column":8},"end":{"line":35,"column":9}},"10":{"start":{"line":30,"column":12},"end":{"line":32,"column":15}},"11":{"start":{"line":34,"column":12},"end":{"line":34,"column":98}},"12":{"start":{"line":39,"column":8},"end":{"line":44,"column":9}},"13":{"start":{"line":40,"column":31},"end":{"line":40,"column":99}},"14":{"start":{"line":41,"column":12},"end":{"line":41,"column":58}},"15":{"start":{"line":43,"column":12},"end":{"line":43,"column":95}},"16":{"start":{"line":48,"column":8},"end":{"line":55,"column":9}},"17":{"start":{"line":49,"column":12},"end":{"line":49,"column":63}},"18":{"start":{"line":51,"column":12},"end":{"line":54,"column":15}},"19":{"start":{"line":59,"column":8},"end":{"line":68,"column":9}},"20":{"start":{"line":60,"column":12},"end":{"line":62,"column":15}},"21":{"start":{"line":64,"column":12},"end":{"line":67,"column":15}},"22":{"start":{"line":72,"column":8},"end":{"line":79,"column":9}},"23":{"start":{"line":73,"column":35},"end":{"line":75,"column":14}},"24":{"start":{"line":76,"column":12},"end":{"line":76,"column":32}},"25":{"start":{"line":78,"column":12},"end":{"line":78,"column":98}},"26":{"start":{"line":84,"column":0},"end":{"line":84,"column":41}}},"fnMap":{"0":{"name":"(anonymous_0)","decl":{"start":{"line":4,"column":4},"end":{"line":4,"column":5}},"loc":{"start":{"line":4,"column":20},"end":{"line":7,"column":5}},"line":4},"1":{"name":"(anonymous_1)","decl":{"start":{"line":10,"column":4},"end":{"line":10,"column":5}},"loc":{"start":{"line":10,"column":29},"end":{"line":16,"column":5}},"line":10},"2":{"name":"(anonymous_2)","decl":{"start":{"line":18,"column":4},"end":{"line":18,"column":5}},"loc":{"start":{"line":18,"column":51},"end":{"line":26,"column":5}},"line":18},"3":{"name":"(anonymous_3)","decl":{"start":{"line":28,"column":4},"end":{"line":28,"column":5}},"loc":{"start":{"line":28,"column":48},"end":{"line":36,"column":5}},"line":28},"4":{"name":"(anonymous_4)","decl":{"start":{"line":38,"column":4},"end":{"line":38,"column":5}},"loc":{"start":{"line":38,"column":47},"end":{"line":45,"column":5}},"line":38},"5":{"name":"(anonymous_5)","decl":{"start":{"line":47,"column":4},"end":{"line":47,"column":5}},"loc":{"start":{"line":47,"column":42},"end":{"line":56,"column":5}},"line":47},"6":{"name":"(anonymous_6)","decl":{"start":{"line":58,"column":4},"end":{"line":58,"column":5}},"loc":{"start":{"line":58,"column":55},"end":{"line":69,"column":5}},"line":58},"7":{"name":"(anonymous_7)","decl":{"start":{"line":71,"column":4},"end":{"line":71,"column":5}},"loc":{"start":{"line":71,"column":46},"end":{"line":80,"column":5}},"line":71}},"branchMap":{},"s":{"0":1,"1":1,"2":1,"3":0,"4":0,"5":0,"6":0,"7":0,"8":0,"9":0,"10":0,"11":0,"12":0,"13":0,"14":0,"15":0,"16":0,"17":0,"18":0,"19":0,"20":0,"21":0,"22":0,"23":0,"24":0,"25":0,"26":1},"f":{"0":1,"1":0,"2":0,"3":0,"4":0,"5":0,"6":0,"7":0},"b":{},"_coverageSchema":"1a1c01bbd47fc00a2c39e90264f33305004495a9","hash":"a4265d15d0fe5f57217f8e3d9264f5c4438eaf20"}
,"C:\\--iskola\\vizsgaremek\\app\\Backend\\api\\repositories\\Verify_CodeRepository.js": {"path":"C:\\--iskola\\vizsgaremek\\app\\Backend\\api\\repositories\\Verify_CodeRepository.js","statementMap":{"0":{"start":{"line":1,"column":20},"end":{"line":1,"column":40}},"1":{"start":{"line":5,"column":8},"end":{"line":5,"column":42}},"2":{"start":{"line":6,"column":8},"end":{"line":6,"column":38}},"3":{"start":{"line":10,"column":8},"end":{"line":14,"column":9}},"4":{"start":{"line":11,"column":12},"end":{"line":11,"column":82}},"5":{"start":{"line":13,"column":12},"end":{"line":13,"column":97}},"6":{"start":{"line":18,"column":8},"end":{"line":26,"column":9}},"7":{"start":{"line":19,"column":12},"end":{"line":23,"column":15}},"8":{"start":{"line":25,"column":12},"end":{"line":25,"column":96}},"9":{"start":{"line":30,"column":8},"end":{"line":38,"column":9}},"10":{"start":{"line":31,"column":12},"end":{"line":35,"column":15}},"11":{"start":{"line":37,"column":12},"end":{"line":37,"column":96}},"12":{"start":{"line":42,"column":8},"end":{"line":48,"column":9}},"13":{"start":{"line":43,"column":31},"end":{"line":43,"column":88}},"14":{"start":{"line":45,"column":12},"end":{"line":45,"column":58}},"15":{"start":{"line":47,"column":12},"end":{"line":47,"column":79}},"16":{"start":{"line":52,"column":8},"end":{"line":58,"column":9}},"17":{"start":{"line":53,"column":31},"end":{"line":53,"column":90}},"18":{"start":{"line":55,"column":12},"end":{"line":55,"column":58}},"19":{"start":{"line":57,"column":12},"end":{"line":57,"column":79}},"20":{"start":{"line":62,"column":8},"end":{"line":69,"column":9}},"21":{"start":{"line":63,"column":12},"end":{"line":63,"column":66}},"22":{"start":{"line":65,"column":12},"end":{"line":68,"column":15}},"23":{"start":{"line":73,"column":8},"end":{"line":81,"column":9}},"24":{"start":{"line":74,"column":35},"end":{"line":76,"column":14}},"25":{"start":{"line":78,"column":12},"end":{"line":78,"column":32}},"26":{"start":{"line":80,"column":12},"end":{"line":80,"column":82}},"27":{"start":{"line":85,"column":8},"end":{"line":93,"column":9}},"28":{"start":{"line":86,"column":35},"end":{"line":88,"column":14}},"29":{"start":{"line":90,"column":12},"end":{"line":90,"column":32}},"30":{"start":{"line":92,"column":12},"end":{"line":92,"column":82}},"31":{"start":{"line":97,"column":0},"end":{"line":97,"column":39}}},"fnMap":{"0":{"name":"(anonymous_0)","decl":{"start":{"line":4,"column":4},"end":{"line":4,"column":5}},"loc":{"start":{"line":4,"column":20},"end":{"line":7,"column":5}},"line":4},"1":{"name":"(anonymous_1)","decl":{"start":{"line":9,"column":4},"end":{"line":9,"column":5}},"loc":{"start":{"line":9,"column":28},"end":{"line":15,"column":5}},"line":9},"2":{"name":"(anonymous_2)","decl":{"start":{"line":17,"column":4},"end":{"line":17,"column":5}},"loc":{"start":{"line":17,"column":33},"end":{"line":27,"column":5}},"line":17},"3":{"name":"(anonymous_3)","decl":{"start":{"line":29,"column":4},"end":{"line":29,"column":5}},"loc":{"start":{"line":29,"column":39},"end":{"line":39,"column":5}},"line":29},"4":{"name":"(anonymous_4)","decl":{"start":{"line":41,"column":4},"end":{"line":41,"column":5}},"loc":{"start":{"line":41,"column":36},"end":{"line":49,"column":5}},"line":41},"5":{"name":"(anonymous_5)","decl":{"start":{"line":51,"column":4},"end":{"line":51,"column":5}},"loc":{"start":{"line":51,"column":43},"end":{"line":59,"column":5}},"line":51},"6":{"name":"(anonymous_6)","decl":{"start":{"line":61,"column":4},"end":{"line":61,"column":5}},"loc":{"start":{"line":61,"column":45},"end":{"line":70,"column":5}},"line":61},"7":{"name":"(anonymous_7)","decl":{"start":{"line":72,"column":4},"end":{"line":72,"column":5}},"loc":{"start":{"line":72,"column":48},"end":{"line":82,"column":5}},"line":72},"8":{"name":"(anonymous_8)","decl":{"start":{"line":84,"column":4},"end":{"line":84,"column":5}},"loc":{"start":{"line":84,"column":54},"end":{"line":94,"column":5}},"line":84}},"branchMap":{},"s":{"0":1,"1":1,"2":1,"3":0,"4":0,"5":0,"6":0,"7":0,"8":0,"9":0,"10":0,"11":0,"12":0,"13":0,"14":0,"15":0,"16":0,"17":0,"18":0,"19":0,"20":0,"21":0,"22":0,"23":0,"24":0,"25":0,"26":0,"27":0,"28":0,"29":0,"30":0,"31":1},"f":{"0":1,"1":0,"2":0,"3":0,"4":0,"5":0,"6":0,"7":0,"8":0},"b":{},"_coverageSchema":"1a1c01bbd47fc00a2c39e90264f33305004495a9","hash":"96d5bb47a22010682045b565c3ac35a3b4aca565"}
,"C:\\--iskola\\vizsgaremek\\app\\Backend\\api\\repositories\\index.js": {"path":"C:\\--iskola\\vizsgaremek\\app\\Backend\\api\\repositories\\index.js","statementMap":{"0":{"start":{"line":1,"column":23},"end":{"line":1,"column":50}},"1":{"start":{"line":2,"column":31},"end":{"line":2,"column":66}},"2":{"start":{"line":3,"column":28},"end":{"line":3,"column":60}},"3":{"start":{"line":4,"column":37},"end":{"line":4,"column":78}},"4":{"start":{"line":5,"column":36},"end":{"line":5,"column":76}},"5":{"start":{"line":6,"column":30},"end":{"line":6,"column":64}},"6":{"start":{"line":7,"column":30},"end":{"line":7,"column":64}},"7":{"start":{"line":8,"column":32},"end":{"line":8,"column":68}},"8":{"start":{"line":9,"column":23},"end":{"line":9,"column":50}},"9":{"start":{"line":10,"column":32},"end":{"line":10,"column":68}},"10":{"start":{"line":12,"column":0},"end":{"line":36,"column":2}},"11":{"start":{"line":14,"column":27},"end":{"line":14,"column":49}},"12":{"start":{"line":15,"column":35},"end":{"line":15,"column":65}},"13":{"start":{"line":16,"column":32},"end":{"line":16,"column":59}},"14":{"start":{"line":17,"column":41},"end":{"line":17,"column":77}},"15":{"start":{"line":18,"column":40},"end":{"line":18,"column":75}},"16":{"start":{"line":19,"column":34},"end":{"line":19,"column":63}},"17":{"start":{"line":20,"column":34},"end":{"line":20,"column":63}},"18":{"start":{"line":21,"column":36},"end":{"line":21,"column":67}},"19":{"start":{"line":22,"column":27},"end":{"line":22,"column":49}},"20":{"start":{"line":23,"column":36},"end":{"line":23,"column":67}},"21":{"start":{"line":25,"column":4},"end":{"line":35,"column":6}}},"fnMap":{"0":{"name":"(anonymous_0)","decl":{"start":{"line":12,"column":17},"end":{"line":12,"column":18}},"loc":{"start":{"line":13,"column":0},"end":{"line":36,"column":1}},"line":13}},"branchMap":{},"s":{"0":1,"1":1,"2":1,"3":1,"4":1,"5":1,"6":1,"7":1,"8":1,"9":1,"10":1,"11":1,"12":1,"13":1,"14":1,"15":1,"16":1,"17":1,"18":1,"19":1,"20":1,"21":1},"f":{"0":1},"b":{},"_coverageSchema":"1a1c01bbd47fc00a2c39e90264f33305004495a9","hash":"f88fe379bc6d74b82471882330b269c0f90855c2"}
[...]
"line":68,"column":43}}],"line":68},"4":{"loc":{"start":{"line":72,"column":8},"end":{"line":74,"column":9}},"type":"if","locations":[{"start":{"line":72,"column":8},"end":{"line":74,"column":9}},{"start":{},"end":{}}],"line":72},"5":{"loc":{"start":{"line":82,"column":8},"end":{"line":84,"column":9}},"type":"if","locations":[{"start":{"line":82,"column":8},"end":{"line":84,"column":9}},{"start":{},"end":{}}],"line":82},"6":{"loc":{"start":{"line":85,"column":8},"end":{"line":87,"column":9}},"type":"if","locations":[{"start":{"line":85,"column":8},"end":{"line":87,"column":9}},{"start":{},"end":{}}],"line":85},"7":{"loc":{"start":{"line":88,"column":8},"end":{"line":90,"column":9}},"type":"if","locations":[{"start":{"line":88,"column":8},"end":{"line":90,"column":9}},{"start":{},"end":{}}],"line":88},"8":{"loc":{"start":{"line":91,"column":8},"end":{"line":93,"column":9}},"type":"if","locations":[{"start":{"line":91,"column":8},"end":{"line":93,"column":9}},{"start":{},"end":{}}],"line":91},"9":{"loc":{"start":{"line":95,"column":8},"end":{"line":97,"column":9}},"type":"if","locations":[{"start":{"line":95,"column":8},"end":{"line":97,"column":9}},{"start":{},"end":{}}],"line":95},"10":{"loc":{"start":{"line":98,"column":8},"end":{"line":100,"column":9}},"type":"if","locations":[{"start":{"line":98,"column":8},"end":{"line":100,"column":9}},{"start":{},"end":{}}],"line":98},"11":{"loc":{"start":{"line":101,"column":8},"end":{"line":103,"column":9}},"type":"if","locations":[{"start":{"line":101,"column":8},"end":{"line":103,"column":9}},{"start":{},"end":{}}],"line":101},"12":{"loc":{"start":{"line":104,"column":8},"end":{"line":106,"column":9}},"type":"if","locations":[{"start":{"line":104,"column":8},"end":{"line":106,"column":9}},{"start":{},"end":{}}],"line":104},"13":{"loc":{"start":{"line":107,"column":8},"end":{"line":109,"column":9}},"type":"if","locations":[{"start":{"line":107,"column":8},"end":{"line":109,"column":9}},{"start":{},"end":{}}],"line":107},"14":{"loc":{"start":{"line":110,"column":8},"end":{"line":112,"column":9}},"type":"if","locations":[{"start":{"line":110,"column":8},"end":{"line":112,"column":9}},{"start":{},"end":{}}],"line":110},"15":{"loc":{"start":{"line":119,"column":8},"end":{"line":119,"column":66}},"type":"if","locations":[{"start":{"line":119,"column":8},"end":{"line":119,"column":66}},{"start":{},"end":{}}],"line":119},"16":{"loc":{"start":{"line":120,"column":8},"end":{"line":122,"column":9}},"type":"if","locations":[{"start":{"line":120,"column":8},"end":{"line":122,"column":9}},{"start":{},"end":{}}],"line":120},"17":{"loc":{"start":{"line":123,"column":8},"end":{"line":125,"column":9}},"type":"if","locations":[{"start":{"line":123,"column":8},"end":{"line":125,"column":9}},{"start":{},"end":{}}],"line":123},"18":{"loc":{"start":{"line":126,"column":8},"end":{"line":128,"column":9}},"type":"if","locations":[{"start":{"line":126,"column":8},"end":{"line":128,"column":9}},{"start":{},"end":{}}],"line":126},"19":{"loc":{"start":{"line":132,"column":8},"end":{"line":134,"column":9}},"type":"if","locations":[{"start":{"line":132,"column":8},"end":{"line":134,"column":9}},{"start":{},"end":{}}],"line":132},"20":{"loc":{"start":{"line":138,"column":8},"end":{"line":140,"column":9}},"type":"if","locations":[{"start":{"line":138,"column":8},"end":{"line":140,"column":9}},{"start":{},"end":{}}],"line":138},"21":{"loc":{"start":{"line":146,"column":8},"end":{"line":146,"column":66}},"type":"if","locations":[{"start":{"line":146,"column":8},"end":{"line":146,"column":66}},{"start":{},"end":{}}],"line":146},"22":{"loc":{"start":{"line":147,"column":8},"end":{"line":149,"column":9}},"type":"if","locations":[{"start":{"line":147,"column":8},"end":{"line":149,"column":9}},{"start":{},"end":{}}],"line":147},"23":{"loc":{"start":{"line":153,"column":8},"end":{"line":155,"column":9}},"type":"if","locations":[{"start":{"line":153,"column":8},"end":{"line":155,"column":9}},{"start":{},"end":{}}],"line":153},"24":{"loc":{"start":{"line":159,"column":8},"end":{"line":161,"column":9}},"type":"if","locations":[{"start":{"line":159,"column":8},"end":{"line":161,"column":9}},{"start":{},"end":{}}],"line":159},"25":{"loc":{"start":{"line":169,"column":8},"end":{"line":169,"column":68}},"type":"if","locations":[{"start":{"line":169,"column":8},"end":{"line":169,"column":68}},{"start":{},"end":{}}],"line":169},"26":{"loc":{"start":{"line":171,"column":8},"end":{"line":173,"column":9}},"type":"if","locations":[{"start":{"line":171,"column":8},"end":{"line":173,"column":9}},{"start":{},"end":{}}],"line":171},"27":{"loc":{"start":{"line":177,"column":8},"end":{"line":179,"column":9}},"type":"if","locations":[{"start":{"line":177,"column":8},"end":{"line":179,"column":9}},{"start":{},"end":{}}],"line":177}},"s":{"0":1,"1":1,"2":1,"3":1,"4":1,"5":1,"6":4,"7":2,"8":2,"9":2,"10":2,"11":7,"12":1,"13":6,"14":1,"15":1,"16":2,"17":0,"18":2,"19":2,"20":1,"21":1,"22":10,"23":10,"24":2,"25":8,"26":3,"27":0,"28":3,"29":0,"30":3,"31":0,"32":3,"33":0,"34":3,"35":3,"36":1,"37":2,"38":0,"39":2,"40":0,"41":2,"42":0,"43":2,"44":0,"45":2,"46":1,"47":1,"48":3,"49":1,"50":2,"51":1,"52":1,"53":0,"54":1,"55":0,"56":1,"57":1,"58":1,"59":0,"60":1,"61":1,"62":0,"63":1,"64":3,"65":1,"66":2,"67":1,"68":1,"69":1,"70":0,"71":1,"72":1,"73":0,"74":1,"75":4,"76":1,"77":3,"78":3,"79":1,"80":2,"81":2,"82":1,"83":1,"84":1},"f":{"0":1,"1":4,"2":2,"3":2,"4":2,"5":2,"6":7,"7":1,"8":2,"9":10,"10":3,"11":3,"12":3,"13":4},"b":{"0":[1,6],"1":[0,2],"2":[1,1],"3":[10],"4":[2,8],"5":[0,3],"6":[0,3],"7":[0,3],"8":[0,3],"9":[1,2],"10":[0,2],"11":[0,2],"12":[0,2],"13":[0,2],"14":[1,1],"15":[1,2],"16":[1,1],"17":[0,1],"18":[0,1],"19":[0,1],"20":[0,1],"21":[1,2],"22":[1,1],"23":[0,1],"24":[0,1],"25":[1,3],"26":[1,2],"27":[1,1]},"_coverageSchema":"1a1c01bbd47fc00a2c39e90264f33305004495a9","hash":"61ecfbb098117cbdc22beec40dfaa6495691fdf1"}
,"C:\\--iskola\\vizsgaremek\\app\\Backend\\api\\utilities\\authUtils.js": {"path":"C:\\--iskola\\vizsgaremek\\app\\Backend\\api\\utilities\\authUtils.js","statementMap":{"0":{"start":{"line":1,"column":12},"end":{"line":1,"column":35}},"1":{"start":{"line":3,"column":15},"end":{"line":3,"column":32}},"2":{"start":{"line":5,"column":13},"end":{"line":5,"column":15}},"3":{"start":{"line":7,"column":0},"end":{"line":11,"column":1}},"4":{"start":{"line":8,"column":4},"end":{"line":10,"column":7}},"5":{"start":{"line":13,"column":0},"end":{"line":20,"column":1}},"6":{"start":{"line":14,"column":4},"end":{"line":19,"column":5}},"7":{"start":{"line":15,"column":8},"end":{"line":15,"column":57}},"8":{"start":{"line":18,"column":8},"end":{"line":18,"column":20}},"9":{"start":{"line":23,"column":0},"end":{"line":30,"column":2}},"10":{"start":{"line":24,"column":26},"end":{"line":24,"column":66}},"11":{"start":{"line":25,"column":4},"end":{"line":29,"column":6}},"12":{"start":{"line":32,"column":0},"end":{"line":40,"column":1}},"13":{"start":{"line":33,"column":4},"end":{"line":39,"column":11}},"14":{"start":{"line":43,"column":0},"end":{"line":45,"column":1}},"15":{"start":{"line":44,"column":4},"end":{"line":44,"column":43}},"16":{"start":{"line":47,"column":0},"end":{"line":49,"column":1}},"17":{"start":{"line":48,"column":4},"end":{"line":48,"column":46}},"18":{"start":{"line":51,"column":0},"end":{"line":53,"column":1}},"19":{"start":{"line":52,"column":4},"end":{"line":52,"column":55}},"20":{"start":{"line":55,"column":0},"end":{"line":58,"column":1}},"21":{"start":{"line":56,"column":18},"end":{"line":56,"column":46}},"22":{"start":{"line":57,"column":4},"end":{"line":57,"column":29}},"23":{"start":{"line":60,"column":0},"end":{"line":63,"column":1}},"24":{"start":{"line":61,"column":18},"end":{"line":61,"column":35}},"25":{"start":{"line":62,"column":4},"end":{"line":62,"column":32}},"26":{"start":{"line":65,"column":0},"end":{"line":68,"column":1}},"27":{"start":{"line":66,"column":18},"end":{"line":66,"column":96}},"28":{"start":{"line":67,"column":4},"end":{"line":67,"column":32}},"29":{"start":{"line":72,"column":17},"end":{"line":72,"column":53}},"30":{"start":{"line":72,"column":28},"end":{"line":72,"column":53}},"31":{"start":{"line":74,"column":0},"end":{"line":77,"column":2}},"32":{"start":{"line":75,"column":4},"end":{"line":75,"column":40}},"33":{"start":{"line":75,"column":28},"end":{"line":75,"column":40}},"34":{"start":{"line":76,"column":4},"end":{"line":76,"column":91}},"35":{"start":{"line":79,"column":0},"end":{"line":82,"column":2}},"36":{"start":{"line":80,"column":4},"end":{"line":80,"column":39}},"37":{"start":{"line":80,"column":27},"end":{"line":80,"column":39}},"38":{"start":{"line":81,"column":4},"end":{"line":81,"column":88}},"39":{"start":{"line":84,"column":0},"end":{"line":87,"column":2}},"40":{"start":{"line":85,"column":4},"end":{"line":85,"column":37}},"41":{"start":{"line":85,"column":25},"end":{"line":85,"column":37}},"42":{"start":{"line":86,"column":4},"end":{"line":86,"column":56}},"43":{"start":{"line":89,"column":0},"end":{"line":103,"column":2}},"44":{"start":{"line":90,"column":4},"end":{"line":90,"column":33}},"45":{"start":{"line":90,"column":21},"end":{"line":90,"column":33}},"46":{"start":{"line":91,"column":4},"end":{"line":91,"column":44}},"47":{"start":{"line":91,"column":31},"end":{"line":91,"column":44}},"48":{"start":{"line":93,"column":17},"end":{"line":93,"column":37}},"49":{"start":{"line":94,"column":4},"end":{"line":94,"column":34}},"50":{"start":{"line":94,"column":21},"end":{"line":94,"column":34}},"51":{"start":{"line":96,"column":18},"end":{"line":96,"column":28}},"52":{"start":{"line":97,"column":16},"end":{"line":97,"column":31}},"53":{"start":{"line":98,"column":4},"end":{"line":98,"column":45}},"54":{"start":{"line":99,"column":16},"end":{"line":99,"column":31}},"55":{"start":{"line":100,"column":4},"end":{"line":100,"column":47}},"56":{"start":{"line":102,"column":4},"end":{"line":102,"column":38}},"57":{"start":{"line":105,"column":0},"end":{"line":108,"column":2}},"58":{"start":{"line":106,"column":4},"end":{"line":106,"column":41}},"59":{"start":{"line":106,"column":29},"end":{"line":106,"column":41}},"60":{"start":{"line":107,"column":4},"end":{"line":107,"column":64}},"61":{"start":{"line":110,"column":0},"end":{"line":113,"column":2}},"62":{"start":{"line":111,"column":4},"end":{"line":111,"column":34}},"63":{"start":{"line":111,"column":22},"end":{"line":111,"column":34}},"64":{"start":{"line":112,"column":4},"end":{"line":112,"column":49}},"65":{"start":{"line":115,"column":0},"end":{"line":118,"column":2}},"66":{"start":{"line":116,"column":4},"end":{"line":116,"column":33}},"67":{"start":{"line":116,"column":21},"end":{"line":116,"column":33}},"68":{"start":{"line":117,"column":4},"end":{"line":117,"column":48}},"69":{"start":{"line":120,"column":0},"end":{"line":122,"column":2}},"70":{"start":{"line":121,"column":4},"end":{"line":121,"column":95}},"71":{"start":{"line":124,"column":0},"end":{"line":126,"column":2}},"72":{"start":{"line":125,"column":4},"end":{"line":125,"column":102}}},"fnMap":{"0":{"name":"(anonymous_0)","decl":{"start":{"line":7,"column":28},"end":{"line":7,"column":29}},"loc":{"start":{"line":7,"column":38},"end":{"line":11,"column":1}},"line":7},"1":{"name":"(anonymous_1)","decl":{"start":{"line":13,"column":22},"end":{"line":13,"column":23}},"loc":{"start":{"line":13,"column":33},"end":{"line":20,"column":1}},"line":13},"2":{"name":"(anonymous_2)","decl":{"start":{"line":23,"column":36},"end":{"line":23,"column":37}},"loc":{"start":{"line":23,"column":50},"end":{"line":30,"column":1}},"line":23},"3":{"name":"(anonymous_3)","decl":{"start":{"line":32,"column":20},"end":{"line":32,"column":21}},"loc":{"start":{"line":32,"column":48},"end":{"line":40,"column":1}},"line":32},"4":{"name":"(anonymous_4)","decl":{"start":{"line":43,"column":23},"end":{"line":43,"column":24}},"loc":{"start":{"line":43,"column":37},"end":{"line":45,"column":1}},"line":43},"5":{"name":"(anonymous_5)","decl":{"start":{"line":47,"column":19},"end":{"line":47,"column":20}},"loc":{"start":{"line":47,"column":36},"end":{"line":49,"column":1}},"line":47},"6":{"name":"(anonymous_6)","decl":{"start":{"line":51,"column":29},"end":{"line":51,"column":30}},"loc":{"start":{"line":51,"column":35},"end":{"line":53,"column":1}},"line":51},"7":{"name":"(anonymous_7)","decl":{"start":{"line":55,"column":23},"end":{"line":55,"column":24}},"loc":{"start":{"line":55,"column":34},"end":{"line":58,"column":1}},"line":55},"8":{"name":"(anonymous_8)","decl":{"start":{"line":60,"column":26},"end":{"line":60,"column":27}},"loc":{"start":{"line":60,"column":40},"end":{"line":63,"column":1}},"line":60},"9":{"name":"(anonymous_9)","decl":{"start":{"line":65,"column":26},"end":{"line":65,"column":27}},"loc":{"start":{"line":65,"column":40},"end":{"line":68,"column":1}},"line":65},"10":{"name":"(anonymous_10)","decl":{"start":{"line":72,"column":17},"end":{"line":72,"column":18}},"loc":{"start":{"line":72,"column":28},"end":{"line":72,"column":53}},"line":72},"11":{"name":"(anonymous_11)","decl":{"start":{"line":74,"column":27},"end":{"line":74,"column":28}},"loc":{"start":{"line":74,"column":43},"end":{"line":77,"column":1}},"line":74},"12":{"name":"(anonymous_12)","decl":{"start":{"line":79,"column":26},"end":{"line":79,"column":27}},"loc":{"start":{"line":79,"column":41},"end":{"line":82,"column":1}},"line":79},"13":{"name":"(anonymous_13)","decl":{"start":{"line":84,"column":25},"end":{"line":84,"column":26}},"loc":{"start":{"line":84,"column":38},"end":{"line":87,"column":1}},"line":84},"14":{"name":"(anonymous_14)","decl":{"start":{"line":89,"column":27},"end":{"line":89,"column":28}},"loc":{"start":{"line":89,"column":43},"end":{"line":103,"column":1}},"line":89},"15":{"name":"(anonymous_15)","decl":{"start":{"line":105,"column":28},"end":{"line":105,"column":29}},"loc":{"start":{"line":105,"column":45},"end":{"line":108,"column":1}},"line":105},"16":{"name":"(anonymous_16)","decl":{"start":{"line":110,"column":24},"end":{"line":110,"column":25}},"loc":{"start":{"line":110,"column":34},"end":{"line":113,"column":1}},"line":110},"17":{"name":"(anonymous_17)","decl":{"start":{"line":115,"column":21},"end":{"line":115,"column":22}},"loc":{"start":{"line":115,"column":30},"end":{"line":118,"column":1}},"line":115},"18":{"name":"(anonymous_18)","decl":{"start":{"line":120,"column":28},"end":{"line":120,"column":29}},"loc":{"start":{"line":120,"column":39},"end":{"line":122,"column":1}},"line":120},"19":{"name":"(anonymous_19)","decl":{"start":{"line":124,"column":29},"end":{"line":124,"column":30}},"loc":{"start":{"line":124,"column":42},"end":{"line":126,"column":1}},"line":124}},"branchMap":{"0":{"loc":{"start":{"line":75,"column":4},"end":{"line":75,"column":40}},"type":"if","locations":[{"start":{"line":75,"column":4},"end":{"line":75,"column":40}},{"start":{},"end":{}}],"line":75},"1":{"loc":{"start":{"line":76,"column":11},"end":{"line":76,"column":90}},"type":"binary-expr","locations":[{"start":{"line":76,"column":11},"end":{"line":76,"column":31}},{"start":{"line":76,"column":35},"end":{"line":76,"column":63}},{"start":{"line":76,"column":67},"end":{"line":76,"column":90}}],"line":76},"2":{"loc":{"start":{"line":80,"column":4},"end":{"line":80,"column":39}},"type":"if","locations":[{"start":{"line":80,"column":4},"end":{"line":80,"column":39}},{"start":{},"end":{}}],"line":80},"3":{"loc":{"start":{"line":81,"column":11},"end":{"line":81,"column":87}},"type":"binary-expr","locations":[{"start":{"line":81,"column":11},"end":{"line":81,"column":30}},{"start":{"line":81,"column":34},"end":{"line":81,"column":61}},{"start":{"line":81,"column":65},"end":{"line":81,"column":87}}],"line":81},"4":{"loc":{"start":{"line":85,"column":4},"end":{"line":85,"column":37}},"type":"if","locations":[{"start":{"line":85,"column":4},"end":{"line":85,"column":37}},{"start":{},"end":{}}],"line":85},"5":{"loc":{"start":{"line":86,"column":12},"end":{"line":86,"column":54}},"type":"binary-expr","locations":[{"start":{"line":86,"column":12},"end":{"line":86,"column":29}},{"start":{"line":86,"column":33},"end":{"line":86,"column":54}}],"line":86},"6":{"loc":{"start":{"line":90,"column":4},"end":{"line":90,"column":33}},"type":"if","locations":[{"start":{"line":90,"column":4},"end":{"line":90,"column":33}},{"start":{},"end":{}}],"line":90},"7":{"loc":{"start":{"line":91,"column":4},"end":{"line":91,"column":44}},"type":"if","locations":[{"start":{"line":91,"column":4},"end":{"line":91,"column":44}},{"start":{},"end":{}}],"line":91},"8":{"loc":{"start":{"line":94,"column":4},"end":{"line":94,"column":34}},"type":"if","locations":[{"start":{"line":94,"column":4},"end":{"line":94,"column":34}},{"start":{},"end":{}}],"line":94},"9":{"loc":{"start":{"line":102,"column":11},"end":{"line":102,"column":37}},"type":"binary-expr","locations":[{"start":{"line":102,"column":11},"end":{"line":102,"column":22}},{"start":{"line":102,"column":26},"end":{"line":102,"column":37}}],"line":102},"10":{"loc":{"start":{"line":106,"column":4},"end":{"line":106,"column":41}},"type":"if","locations":[{"start":{"line":106,"column":4},"end":{"line":106,"column":41}},{"start":{},"end":{}}],"line":106},"11":{"loc":{"start":{"line":107,"column":12},"end":{"line":107,"column":62}},"type":"binary-expr","locations":[{"start":{"line":107,"column":12},"end":{"line":107,"column":33}},{"start":{"line":107,"column":37},"end":{"line":107,"column":62}}],"line":107},"12":{"loc":{"start":{"line":111,"column":4},"end":{"line":111,"column":34}},"type":"if","locations":[{"start":{"line":111,"column":4},"end":{"line":111,"column":34}},{"start":{},"end":{}}],"line":111},"13":{"loc":{"start":{"line":112,"column":12},"end":{"line":112,"column":47}},"type":"binary-expr","locations":[{"start":{"line":112,"column":12},"end":{"line":112,"column":21}},{"start":{"line":112,"column":25},"end":{"line":112,"column":47}}],"line":112},"14":{"loc":{"start":{"line":116,"column":4},"end":{"line":116,"column":33}},"type":"if","locations":[{"start":{"line":116,"column":4},"end":{"line":116,"column":33}},{"start":{},"end":{}}],"line":116},"15":{"loc":{"start":{"line":117,"column":12},"end":{"line":117,"column":46}},"type":"binary-expr","locations":[{"start":{"line":117,"column":12},"end":{"line":117,"column":25}},{"start":{"line":117,"column":29},"end":{"line":117,"column":46}}],"line":117},"16":{"loc":{"start":{"line":121,"column":11},"end":{"line":121,"column":94}},"type":"binary-expr","locations":[{"start":{"line":121,"column":11},"end":{"line":121,"column":36}},{"start":{"line":121,"column":40},"end":{"line":121,"column":64}},{"start":{"line":121,"column":68},"end":{"line":121,"column":94}}],"line":121},"17":{"loc":{"start":{"line":125,"column":11},"end":{"line":125,"column":101}},"type":"binary-expr","locations":[{"start":{"line":125,"column":11},"end":{"line":125,"column":38}},{"start":{"line":125,"column":42},"end":{"line":125,"column":68}},{"start":{"line":125,"column":72},"end":{"line":125,"column":101}}],"line":125}},"s":{"0":1,"1":1,"2":1,"3":1,"4":0,"5":1,"6":0,"7":0,"8":0,"9":1,"10":0,"11":0,"12":1,"13":0,"14":1,"15":0,"16":1,"17":0,"18":1,"19":0,"20":1,"21":0,"22":0,"23":1,"24":0,"25":0,"26":1,"27":0,"28":0,"29":1,"30":0,"31":1,"32":0,"33":0,"34":0,"35":1,"36":0,"37":0,"38":0,"39":1,"40":0,"41":0,"42":0,"43":1,"44":0,"45":0,"46":0,"47":0,"48":0,"49":0,"50":0,"51":0,"52":0,"53":0,"54":0,"55":0,"56":0,"57":1,"58":0,"59":0,"60":0,"61":1,"62":0,"63":0,"64":0,"65":1,"66":0,"67":0,"68":0,"69":1,"70":0,"71":1,"72":0},"f":{"0":0,"1":0,"2":0,"3":0,"4":0,"5":0,"6":0,"7":0,"8":0,"9":0,"10":0,"11":0,"12":0,"13":0,"14":0,"15":0,"16":0,"17":0,"18":0,"19":0},"b":{"0":[0,0],"1":[0,0,0],"2":[0,0],"3":[0,0,0],"4":[0,0],"5":[0,0],"6":[0,0],"7":[0,0],"8":[0,0],"9":[0,0],"10":[0,0],"11":[0,0],"12":[0,0],"13":[0,0],"14":[0,0],"15":[0,0],"16":[0,0,0],"17":[0,0,0]},"_coverageSchema":"1a1c01bbd47fc00a2c39e90264f33305004495a9","hash":"cb866989941326f482479f369d6583bca5b5450b"}
}
