TN:
SF:api\db\_mocks_\index.js
FNF:0
FNH:0
DA:1,1
DA:4,1
DA:9,1
DA:11,1
DA:17,1
LF:5
LH:5
BRF:0
BRH:0
end_of_record
TN:
SF:api\errors\AppError.js
FN:3,(anonymous_0)
FNF:1
FNH:1
FNDA:14,(anonymous_0)
DA:6,14
DA:8,14
DA:10,14
DA:12,14
DA:14,14
DA:16,14
DA:20,1
LF:7
LH:7
BRDA:3,0,0,0
BRDA:4,1,0,0
BRDA:4,2,0,0
BRDA:4,3,0,12
BRDA:4,4,0,13
BRDA:4,5,0,13
BRDA:12,6,0,14
BRDA:12,6,1,0
BRDA:14,7,0,14
BRDA:14,7,1,0
BRDA:16,8,0,14
BRDA:16,8,1,0
BRF:12
BRH:6
end_of_record
TN:
SF:api\errors\BadRequestError.js
FN:5,(anonymous_0)
FNF:1
FNH:1
FNDA:12,(anonymous_0)
DA:1,1
DA:7,12
DA:11,1
LF:3
LH:3
BRDA:5,0,0,0
BRDA:5,1,0,12
BRF:2
BRH:1
end_of_record
TN:
SF:api\errors\DbError.js
FN:5,(anonymous_0)
FNF:1
FNH:1
FNDA:1,(anonymous_0)
DA:1,1
DA:7,1
DA:11,1
LF:3
LH:3
BRDA:5,0,0,0
BRDA:5,1,0,0
BRF:2
BRH:0
end_of_record
TN:
SF:api\errors\NotFoundError.js
FN:5,(anonymous_0)
FNF:1
FNH:1
FNDA:1,(anonymous_0)
DA:1,1
DA:7,1
DA:11,1
LF:3
LH:3
BRDA:5,0,0,0
BRDA:5,1,0,1
BRF:2
BRH:1
end_of_record
TN:
SF:api\errors\UnauthorizedError.js
FN:5,(anonymous_0)
FNF:1
FNH:0
FNDA:0,(anonymous_0)
DA:1,1
DA:7,0
DA:11,1
LF:3
LH:2
BRDA:5,0,0,0
BRDA:5,1,0,0
BRF:2
BRH:0
end_of_record
TN:
SF:api\errors\ValidationError.js
FN:5,(anonymous_0)
FNF:1
FNH:0
FNDA:0,(anonymous_0)
DA:1,1
DA:7,0
DA:11,1
LF:3
LH:2
BRDA:5,0,0,0
BRDA:5,1,0,0
BRF:2
BRH:0
end_of_record
TN:
SF:api\errors\index.js
FNF:0
FNH:0
DA:1,1
LF:1
LH:1
BRF:0
BRH:0
end_of_record
TN:
SF:api\models\Advertisement.js
FN:3,(anonymous_0)
FNF:1
FNH:1
FNDA:1,(anonymous_0)
DA:1,1
DA:3,1
DA:8,1
DA:60,1
LF:4
LH:4
BRF:0
BRH:0
end_of_record
TN:
SF:api\models\Connections.js
FN:3,(anonymous_0)
FNF:1
FNH:1
FNDA:1,(anonymous_0)
DA:1,1
DA:3,1
DA:8,1
DA:53,1
LF:4
LH:4
BRF:0
BRH:0
end_of_record
TN:
SF:api\models\Kick.js
FN:3,(anonymous_0)
FNF:1
FNH:1
FNDA:1,(anonymous_0)
DA:1,1
DA:3,1
DA:8,1
DA:59,1
LF:4
LH:4
BRF:0
BRH:0
end_of_record
TN:
SF:api\models\Settings.js
FN:3,(anonymous_0)
FNF:1
FNH:1
FNDA:1,(anonymous_0)
DA:1,1
DA:3,1
DA:7,1
DA:48,1
LF:4
LH:4
BRF:0
BRH:0
end_of_record
TN:
SF:api\models\User.js
FN:3,(anonymous_0)
FN:30,(anonymous_1)
FN:34,(anonymous_2)
FNF:3
FNH:3
FNDA:1,(anonymous_0)
FNDA:6,(anonymous_1)
FNDA:186,(anonymous_2)
DA:1,1
DA:3,1
DA:8,1
DA:31,6
DA:36,186
DA:96,1
LF:6
LH:6
BRF:0
BRH:0
end_of_record
TN:
SF:api\models\User_Post.js
FN:3,(anonymous_0)
FNF:1
FNH:1
FNDA:1,(anonymous_0)
DA:1,1
DA:3,1
DA:8,1
DA:91,1
LF:4
LH:4
BRF:0
BRH:0
end_of_record
TN:
SF:api\models\User_Post_Comment.js
FN:3,(anonymous_0)
FNF:1
FNH:1
FNDA:1,(anonymous_0)
DA:1,1
DA:3,1
DA:8,1
DA:65,1
LF:4
LH:4
BRF:0
BRH:0
end_of_record
TN:
SF:api\models\User_Post_Reaction.js
FN:3,(anonymous_0)
FNF:1
FNH:1
FNDA:1,(anonymous_0)
DA:1,1
DA:3,1
DA:8,1
DA:65,1
LF:4
LH:4
BRF:0
BRH:0
end_of_record
TN:
SF:api\models\User_Profile.js
FN:3,(anonymous_0)
FN:7,(anonymous_1)
FN:77,(anonymous_2)
FN:87,(anonymous_3)
FN:96,(anonymous_4)
FN:210,(anonymous_5)
FNF:6
FNH:1
FNDA:1,(anonymous_0)
FNDA:0,(anonymous_1)
FNDA:0,(anonymous_2)
FNDA:0,(anonymous_3)
FNDA:0,(anonymous_4)
FNDA:0,(anonymous_5)
DA:1,1
DA:3,1
DA:8,0
DA:9,0
DA:12,0
DA:13,0
DA:16,0
DA:18,0
DA:23,0
DA:24,0
DA:25,0
DA:26,0
DA:29,0
DA:30,0
DA:31,0
DA:32,0
DA:34,0
DA:37,0
DA:38,0
DA:42,0
DA:45,0
DA:46,0
DA:50,0
DA:61,0
DA:62,0
DA:65,0
DA:67,0
DA:68,0
DA:70,0
DA:78,0
DA:79,0
DA:80,0
DA:81,0
DA:88,0
DA:89,0
DA:90,0
DA:97,0
DA:98,0
DA:99,0
DA:103,1
DA:210,1
DA:212,0
DA:213,0
DA:216,0
DA:217,0
DA:218,0
DA:219,0
DA:221,0
DA:224,0
DA:225,0
DA:226,0
DA:227,0
DA:229,0
DA:248,1
LF:54
LH:5
BRDA:7,0,0,0
BRDA:8,1,0,0
BRDA:8,1,1,0
BRDA:8,2,0,0
BRDA:8,2,1,0
BRDA:13,3,0,0
BRDA:13,3,1,0
BRDA:24,4,0,0
BRDA:24,4,1,0
BRDA:25,5,0,0
BRDA:25,5,1,0
BRDA:37,6,0,0
BRDA:37,6,1,0
BRDA:45,7,0,0
BRDA:45,7,1,0
BRDA:61,8,0,0
BRDA:61,8,1,0
BRDA:61,9,0,0
BRDA:61,9,1,0
BRDA:67,10,0,0
BRDA:67,10,1,0
BRDA:79,11,0,0
BRDA:79,11,1,0
BRDA:80,12,0,0
BRDA:80,12,1,0
BRDA:89,13,0,0
BRDA:89,13,1,0
BRDA:98,14,0,0
BRDA:98,14,1,0
BRDA:216,15,0,0
BRDA:216,15,1,0
BRDA:216,16,0,0
BRDA:216,16,1,0
BRDA:218,17,0,0
BRDA:218,17,1,0
BRDA:224,18,0,0
BRDA:224,18,1,0
BRDA:224,19,0,0
BRDA:224,19,1,0
BRDA:226,20,0,0
BRDA:226,20,1,0
BRF:41
BRH:0
end_of_record
TN:
SF:api\models\Verify_Code.js
FN:3,(anonymous_0)
FN:43,(anonymous_1)
FNF:2
FNH:1
FNDA:1,(anonymous_0)
FNDA:0,(anonymous_1)
DA:1,1
DA:3,1
DA:8,1
DA:43,0
DA:69,1
LF:5
LH:4
BRF:0
BRH:0
end_of_record
TN:
SF:api\models\index.js
FN:3,(anonymous_0)
FNF:1
FNH:1
FNDA:1,(anonymous_0)
DA:1,1
DA:3,1
DA:4,1
DA:5,1
DA:6,1
DA:7,1
DA:8,1
DA:9,1
DA:10,1
DA:11,1
DA:12,1
DA:13,1
DA:16,1
DA:20,1
DA:27,1
DA:31,1
DA:38,1
DA:42,1
DA:48,1
DA:52,1
DA:59,1
DA:63,1
DA:69,1
DA:73,1
DA:82,1
DA:87,1
DA:92,1
DA:97,1
DA:105,1
DA:111,1
DA:123,1
DA:131,1
DA:144,1
LF:33
LH:33
BRF:0
BRH:0
end_of_record
TN:
SF:api\repositories\AdvertisementRepository.js
FN:5,(anonymous_0)
FN:10,(anonymous_1)
FN:18,(anonymous_2)
FN:28,(anonymous_3)
FN:38,(anonymous_4)
FN:47,(anonymous_5)
FNF:6
FNH:1
FNDA:1,(anonymous_0)
FNDA:0,(anonymous_1)
FNDA:0,(anonymous_2)
FNDA:0,(anonymous_3)
FNDA:0,(anonymous_4)
FNDA:0,(anonymous_5)
DA:2,1
DA:6,1
DA:7,1
DA:11,0
DA:12,0
DA:14,0
DA:19,0
DA:20,0
DA:24,0
DA:29,0
DA:30,0
DA:34,0
DA:39,0
DA:40,0
DA:41,0
DA:43,0
DA:48,0
DA:49,0
DA:51,0
DA:60,1
LF:20
LH:4
BRF:0
BRH:0
end_of_record
TN:
SF:api\repositories\ConnectionsRepository.js
FN:4,(anonymous_0)
FN:10,(anonymous_1)
FN:18,(anonymous_2)
FN:41,(anonymous_3)
FN:56,(anonymous_4)
FN:69,(anonymous_5)
FN:81,(anonymous_6)
FN:97,(anonymous_7)
FN:113,(anonymous_8)
FN:138,(anonymous_9)
FN:149,(anonymous_10)
FNF:11
FNH:1
FNDA:1,(anonymous_0)
FNDA:0,(anonymous_1)
FNDA:0,(anonymous_2)
FNDA:0,(anonymous_3)
FNDA:0,(anonymous_4)
FNDA:0,(anonymous_5)
FNDA:0,(anonymous_6)
FNDA:0,(anonymous_7)
FNDA:0,(anonymous_8)
FNDA:0,(anonymous_9)
FNDA:0,(anonymous_10)
DA:1,1
DA:5,1
DA:6,1
DA:7,1
DA:11,0
DA:12,0
DA:14,0
DA:19,0
DA:20,0
DA:37,0
DA:42,0
DA:43,0
DA:52,0
DA:57,0
DA:58,0
DA:65,0
DA:70,0
DA:71,0
DA:77,0
DA:82,0
DA:83,0
DA:93,0
DA:98,0
DA:99,0
DA:109,0
DA:114,0
DA:116,0
DA:117,0
DA:132,0
DA:134,0
DA:139,0
DA:140,0
DA:142,0
DA:150,0
DA:151,0
DA:158,0
DA:160,0
DA:165,1
LF:38
LH:5
BRF:0
BRH:0
end_of_record
TN:
SF:api\repositories\KickRepository.js
FN:4,(anonymous_0)
FN:10,(anonymous_1)
FN:18,(anonymous_2)
FN:32,(anonymous_3)
FN:43,(anonymous_4)
FN:53,(anonymous_5)
FN:67,(anonymous_6)
FN:76,(anonymous_7)
FN:87,(anonymous_8)
FNF:9
FNH:1
FNDA:1,(anonymous_0)
FNDA:0,(anonymous_1)
FNDA:0,(anonymous_2)
FNDA:0,(anonymous_3)
FNDA:0,(anonymous_4)
FNDA:0,(anonymous_5)
FNDA:0,(anonymous_6)
FNDA:0,(anonymous_7)
FNDA:0,(anonymous_8)
DA:1,1
DA:5,1
DA:6,1
DA:7,1
DA:11,0
DA:12,0
DA:14,0
DA:19,0
DA:20,0
DA:27,0
DA:33,0
DA:34,0
DA:38,0
DA:44,0
DA:45,0
DA:49,0
DA:54,0
DA:55,0
DA:56,0
DA:57,0
DA:63,0
DA:68,0
DA:69,0
DA:70,0
DA:72,0
DA:77,0
DA:78,0
DA:80,0
DA:88,0
DA:89,0
DA:97,0
DA:99,0
DA:104,1
LF:33
LH:5
BRF:0
BRH:0
end_of_record
TN:
SF:api\repositories\UserRepository.js
FN:4,(anonymous_0)
FN:11,(anonymous_1)
FN:27,(anonymous_2)
FN:44,(anonymous_3)
FN:61,(anonymous_4)
FN:72,(anonymous_5)
FN:89,(anonymous_6)
FN:103,(anonymous_7)
FN:112,(anonymous_8)
FN:125,(anonymous_9)
FN:136,(anonymous_10)
FN:147,(anonymous_11)
FNF:12
FNH:12
FNDA:1,(anonymous_0)
FNDA:4,(anonymous_1)
FNDA:15,(anonymous_2)
FNDA:2,(anonymous_3)
FNDA:4,(anonymous_4)
FNDA:2,(anonymous_5)
FNDA:6,(anonymous_6)
FNDA:2,(anonymous_7)
FNDA:8,(anonymous_8)
FNDA:2,(anonymous_9)
FNDA:1,(anonymous_10)
FNDA:2,(anonymous_11)
DA:1,1
DA:5,1
DA:6,1
DA:7,1
DA:8,1
DA:12,4
DA:13,4
DA:23,0
DA:28,15
DA:29,15
DA:40,0
DA:45,2
DA:46,2
DA:57,0
DA:62,4
DA:63,4
DA:68,0
DA:73,2
DA:74,2
DA:85,0
DA:90,6
DA:91,6
DA:92,6
DA:93,6
DA:99,0
DA:104,2
DA:105,2
DA:106,2
DA:108,0
DA:113,8
DA:114,8
DA:118,1
DA:126,2
DA:127,2
DA:130,2
DA:132,0
DA:137,1
DA:138,1
DA:141,1
DA:143,0
DA:148,2
DA:149,2
DA:153,0
DA:158,1
LF:44
LH:34
BRDA:61,0,0,4
BRDA:112,1,0,0
BRF:2
BRH:1
end_of_record
TN:
SF:api\repositories\User_PostRepository.js
FN:4,(anonymous_0)
FN:12,(anonymous_1)
FN:31,(anonymous_2)
FN:70,(anonymous_3)
FN:80,(anonymous_4)
FN:90,(anonymous_5)
FN:100,(anonymous_6)
FN:113,(anonymous_7)
FN:126,(anonymous_8)
FNF:9
FNH:1
FNDA:1,(anonymous_0)
FNDA:0,(anonymous_1)
FNDA:0,(anonymous_2)
FNDA:0,(anonymous_3)
FNDA:0,(anonymous_4)
FNDA:0,(anonymous_5)
FNDA:0,(anonymous_6)
FNDA:0,(anonymous_7)
FNDA:0,(anonymous_8)
DA:1,1
DA:5,1
DA:6,1
DA:7,1
DA:8,1
DA:13,0
DA:14,0
DA:27,0
DA:32,0
DA:33,0
DA:34,0
DA:36,0
DA:37,0
DA:39,0
DA:41,0
DA:59,0
DA:61,0
DA:66,0
DA:71,0
DA:72,0
DA:76,0
DA:81,0
DA:82,0
DA:86,0
DA:91,0
DA:92,0
DA:94,0
DA:96,0
DA:101,0
DA:102,0
DA:106,0
DA:114,0
DA:115,0
DA:120,0
DA:122,0
DA:127,0
DA:128,0
DA:132,0
DA:137,1
LF:39
LH:6
BRDA:63,0,0,0
BRDA:63,0,1,0
BRDA:100,1,0,0
BRDA:113,2,0,0
BRF:4
BRH:0
end_of_record
TN:
SF:api\repositories\User_Post_CommentRepository.js
FN:4,(anonymous_0)
FN:9,(anonymous_1)
FN:17,(anonymous_2)
FN:27,(anonymous_3)
FN:40,(anonymous_4)
FN:53,(anonymous_5)
FNF:6
FNH:1
FNDA:1,(anonymous_0)
FNDA:0,(anonymous_1)
FNDA:0,(anonymous_2)
FNDA:0,(anonymous_3)
FNDA:0,(anonymous_4)
FNDA:0,(anonymous_5)
DA:1,1
DA:5,1
DA:6,1
DA:10,0
DA:11,0
DA:13,0
DA:18,0
DA:19,0
DA:23,0
DA:28,0
DA:29,0
DA:34,0
DA:36,0
DA:41,0
DA:42,0
DA:46,0
DA:54,0
DA:55,0
DA:60,0
DA:62,0
DA:68,1
LF:21
LH:4
BRDA:27,0,0,0
BRDA:40,1,0,0
BRDA:53,2,0,0
BRF:3
BRH:0
end_of_record
TN:
SF:api\repositories\User_Post_ReactionRepository.js
FN:4,(anonymous_0)
FN:9,(anonymous_1)
FN:19,(anonymous_2)
FN:33,(anonymous_3)
FN:46,(anonymous_4)
FN:60,(anonymous_5)
FNF:6
FNH:1
FNDA:1,(anonymous_0)
FNDA:0,(anonymous_1)
FNDA:0,(anonymous_2)
FNDA:0,(anonymous_3)
FNDA:0,(anonymous_4)
FNDA:0,(anonymous_5)
DA:1,1
DA:5,1
DA:6,1
DA:10,0
DA:11,0
DA:15,0
DA:20,0
DA:21,0
DA:29,0
DA:34,0
DA:35,0
DA:40,0
DA:42,0
DA:48,0
DA:49,0
DA:53,0
DA:61,0
DA:62,0
DA:70,0
DA:72,0
DA:77,1
LF:21
LH:4
BRDA:9,0,0,0
BRDA:19,1,0,0
BRDA:33,2,0,0
BRDA:46,3,0,0
BRDA:60,4,0,0
BRF:5
BRH:0
end_of_record
TN:
SF:api\repositories\User_ProfileRepository.js
FN:4,(anonymous_0)
FN:13,(anonymous_1)
FN:21,(anonymous_2)
FN:34,(anonymous_3)
FN:46,(anonymous_4)
FN:60,(anonymous_5)
FN:74,(anonymous_6)
FNF:7
FNH:1
FNDA:1,(anonymous_0)
FNDA:0,(anonymous_1)
FNDA:0,(anonymous_2)
FNDA:0,(anonymous_3)
FNDA:0,(anonymous_4)
FNDA:0,(anonymous_5)
FNDA:0,(anonymous_6)
DA:1,1
DA:5,1
DA:6,1
DA:7,1
DA:8,1
DA:9,1
DA:14,0
DA:15,0
DA:17,0
DA:22,0
DA:23,0
DA:27,0
DA:35,0
DA:36,0
DA:40,0
DA:42,0
DA:47,0
DA:48,0
DA:50,0
DA:51,0
DA:54,0
DA:56,0
DA:61,0
DA:62,0
DA:63,0
DA:64,0
DA:70,0
DA:75,0
DA:76,0
DA:79,0
DA:83,0
DA:102,0
DA:104,0
DA:108,0
DA:112,0
DA:113,0
DA:115,0
DA:117,0
DA:122,1
LF:39
LH:7
BRDA:21,0,0,0
BRDA:50,1,0,0
BRDA:50,1,1,0
BRDA:76,2,0,0
BRDA:76,2,1,0
BRDA:79,3,0,0
BRDA:79,3,1,0
BRDA:102,4,0,0
BRDA:102,4,1,0
BRF:9
BRH:0
end_of_record
TN:
SF:api\repositories\User_SettingsRepository.js
FN:4,(anonymous_0)
FN:10,(anonymous_1)
FN:18,(anonymous_2)
FN:28,(anonymous_3)
FN:38,(anonymous_4)
FN:47,(anonymous_5)
FN:58,(anonymous_6)
FN:71,(anonymous_7)
FNF:8
FNH:1
FNDA:1,(anonymous_0)
FNDA:0,(anonymous_1)
FNDA:0,(anonymous_2)
FNDA:0,(anonymous_3)
FNDA:0,(anonymous_4)
FNDA:0,(anonymous_5)
FNDA:0,(anonymous_6)
FNDA:0,(anonymous_7)
DA:1,1
DA:5,1
DA:6,1
DA:11,0
DA:12,0
DA:14,0
DA:19,0
DA:20,0
DA:24,0
DA:29,0
DA:30,0
DA:34,0
DA:39,0
DA:40,0
DA:41,0
DA:43,0
DA:48,0
DA:49,0
DA:51,0
DA:59,0
DA:60,0
DA:64,0
DA:72,0
DA:73,0
DA:76,0
DA:78,0
DA:84,1
LF:27
LH:4
BRF:0
BRH:0
end_of_record
TN:
SF:api\repositories\Verify_CodeRepository.js
FN:4,(anonymous_0)
FN:9,(anonymous_1)
FN:17,(anonymous_2)
FN:29,(anonymous_3)
FN:41,(anonymous_4)
FN:51,(anonymous_5)
FN:61,(anonymous_6)
FN:72,(anonymous_7)
FN:84,(anonymous_8)
FNF:9
FNH:1
FNDA:1,(anonymous_0)
FNDA:0,(anonymous_1)
FNDA:0,(anonymous_2)
FNDA:0,(anonymous_3)
FNDA:0,(anonymous_4)
FNDA:0,(anonymous_5)
FNDA:0,(anonymous_6)
FNDA:0,(anonymous_7)
FNDA:0,(anonymous_8)
DA:1,1
DA:5,1
DA:6,1
DA:10,0
DA:11,0
DA:13,0
DA:18,0
DA:19,0
DA:25,0
DA:30,0
DA:31,0
DA:37,0
DA:42,0
DA:43,0
DA:45,0
DA:47,0
DA:52,0
DA:53,0
DA:55,0
DA:57,0
DA:62,0
DA:63,0
DA:65,0
DA:73,0
DA:74,0
DA:78,0
DA:80,0
DA:85,0
DA:86,0
DA:90,0
DA:92,0
DA:97,1
LF:32
LH:4
BRF:0
BRH:0
end_of_record
TN:
SF:api\repositories\index.js
FN:12,(anonymous_0)
FNF:1
FNH:1
FNDA:1,(anonymous_0)
DA:1,1
DA:2,1
DA:3,1
DA:4,1
DA:5,1
DA:6,1
DA:7,1
DA:8,1
DA:9,1
DA:10,1
DA:12,1
DA:14,1
DA:15,1
DA:16,1
DA:17,1
DA:18,1
DA:19,1
DA:20,1
DA:21,1
DA:22,1
DA:23,1
DA:25,1
LF:22
LH:22
BRF:0
BRH:0
end_of_record
TN:
SF:api\services\UserService.js
FN:9,(anonymous_0)
FN:14,(anonymous_1)
FN:19,(anonymous_2)
FN:24,(anonymous_3)
FN:29,(anonymous_4)
FN:34,(anonymous_5)
FN:39,(anonymous_6)
FN:48,(anonymous_7)
FN:54,(anonymous_8)
FN:68,(anonymous_9)
FN:79,(anonymous_10)
FN:117,(anonymous_11)
FN:144,(anonymous_12)
FN:167,(anonymous_13)
FNF:14
FNH:14
FNDA:1,(anonymous_0)
FNDA:4,(anonymous_1)
FNDA:2,(anonymous_2)
FNDA:2,(anonymous_3)
FNDA:2,(anonymous_4)
FNDA:2,(anonymous_5)
FNDA:7,(anonymous_6)
FNDA:1,(anonymous_7)
FNDA:2,(anonymous_8)
FNDA:10,(anonymous_9)
FNDA:3,(anonymous_10)
FNDA:3,(anonymous_11)
FNDA:3,(anonymous_12)
FNDA:4,(anonymous_13)
DA:1,1
DA:2,1
DA:3,1
DA:4,1
DA:5,1
DA:11,1
DA:16,4
DA:21,2
DA:26,2
DA:31,2
DA:36,2
DA:41,7
DA:42,1
DA:45,6
DA:50,1
DA:51,1
DA:56,2
DA:57,0
DA:60,2
DA:62,2
DA:63,1
DA:65,1
DA:71,10
DA:72,10
DA:73,2
DA:76,8
DA:82,3
DA:83,0
DA:85,3
DA:86,0
DA:88,3
DA:89,0
DA:91,3
DA:92,0
DA:94,3
DA:95,3
DA:96,1
DA:98,2
DA:99,0
DA:101,2
DA:102,0
DA:104,2
DA:105,0
DA:107,2
DA:108,0
DA:110,2
DA:111,1
DA:114,1
DA:119,3
DA:120,2
DA:121,1
DA:123,1
DA:124,0
DA:126,1
DA:127,0
DA:129,1
DA:131,1
DA:132,1
DA:133,0
DA:136,1
DA:138,1
DA:139,0
DA:141,1
DA:146,3
DA:147,2
DA:148,1
DA:151,1
DA:153,1
DA:154,0
DA:157,1
DA:159,1
DA:160,0
DA:162,1
DA:169,4
DA:170,3
DA:171,3
DA:172,1
DA:175,2
DA:177,2
DA:178,1
DA:181,1
DA:187,1
LF:82
LH:67
BRDA:41,0,0,1
BRDA:41,0,1,6
BRDA:56,1,0,0
BRDA:56,1,1,2
BRDA:62,2,0,1
BRDA:62,2,1,1
BRDA:68,3,0,10
BRDA:72,4,0,2
BRDA:72,4,1,8
BRDA:82,5,0,0
BRDA:82,5,1,3
BRDA:85,6,0,0
BRDA:85,6,1,3
BRDA:88,7,0,0
BRDA:88,7,1,3
BRDA:91,8,0,0
BRDA:91,8,1,3
BRDA:95,9,0,1
BRDA:95,9,1,2
BRDA:98,10,0,0
BRDA:98,10,1,2
BRDA:101,11,0,0
BRDA:101,11,1,2
BRDA:104,12,0,0
BRDA:104,12,1,2
BRDA:107,13,0,0
BRDA:107,13,1,2
BRDA:110,14,0,1
BRDA:110,14,1,1
BRDA:119,15,0,1
BRDA:119,15,1,2
BRDA:120,16,0,1
BRDA:120,16,1,1
BRDA:123,17,0,0
BRDA:123,17,1,1
BRDA:126,18,0,0
BRDA:126,18,1,1
BRDA:132,19,0,0
BRDA:132,19,1,1
BRDA:138,20,0,0
BRDA:138,20,1,1
BRDA:146,21,0,1
BRDA:146,21,1,2
BRDA:147,22,0,1
BRDA:147,22,1,1
BRDA:153,23,0,0
BRDA:153,23,1,1
BRDA:159,24,0,0
BRDA:159,24,1,1
BRDA:169,25,0,1
BRDA:169,25,1,3
BRDA:171,26,0,1
BRDA:171,26,1,2
BRDA:177,27,0,1
BRDA:177,27,1,1
BRF:55
BRH:40
end_of_record
TN:
SF:api\utilities\authUtils.js
FN:7,(anonymous_0)
FN:13,(anonymous_1)
FN:23,(anonymous_2)
FN:32,(anonymous_3)
FN:43,(anonymous_4)
FN:47,(anonymous_5)
FN:51,(anonymous_6)
FN:55,(anonymous_7)
FN:60,(anonymous_8)
FN:65,(anonymous_9)
FN:72,(anonymous_10)
FN:74,(anonymous_11)
FN:79,(anonymous_12)
FN:84,(anonymous_13)
FN:89,(anonymous_14)
FN:105,(anonymous_15)
FN:110,(anonymous_16)
FN:115,(anonymous_17)
FN:120,(anonymous_18)
FN:124,(anonymous_19)
FNF:20
FNH:0
FNDA:0,(anonymous_0)
FNDA:0,(anonymous_1)
FNDA:0,(anonymous_2)
FNDA:0,(anonymous_3)
FNDA:0,(anonymous_4)
FNDA:0,(anonymous_5)
FNDA:0,(anonymous_6)
FNDA:0,(anonymous_7)
FNDA:0,(anonymous_8)
FNDA:0,(anonymous_9)
FNDA:0,(anonymous_10)
FNDA:0,(anonymous_11)
FNDA:0,(anonymous_12)
FNDA:0,(anonymous_13)
FNDA:0,(anonymous_14)
FNDA:0,(anonymous_15)
FNDA:0,(anonymous_16)
FNDA:0,(anonymous_17)
FNDA:0,(anonymous_18)
FNDA:0,(anonymous_19)
DA:1,1
DA:3,1
DA:5,1
DA:7,1
DA:8,0
DA:13,1
DA:14,0
DA:15,0
DA:18,0
DA:23,1
DA:24,0
DA:25,0
DA:32,1
DA:33,0
DA:43,1
DA:44,0
DA:47,1
DA:48,0
DA:51,1
DA:52,0
DA:55,1
DA:56,0
DA:57,0
DA:60,1
DA:61,0
DA:62,0
DA:65,1
DA:66,0
DA:67,0
DA:72,1
DA:74,1
DA:75,0
DA:76,0
DA:79,1
DA:80,0
DA:81,0
DA:84,1
DA:85,0
DA:86,0
DA:89,1
DA:90,0
DA:91,0
DA:93,0
DA:94,0
DA:96,0
DA:97,0
DA:98,0
DA:99,0
DA:100,0
DA:102,0
DA:105,1
DA:106,0
DA:107,0
DA:110,1
DA:111,0
DA:112,0
DA:115,1
DA:116,0
DA:117,0
DA:120,1
DA:121,0
DA:124,1
DA:125,0
LF:63
LH:23
BRDA:75,0,0,0
BRDA:75,0,1,0
BRDA:76,1,0,0
BRDA:76,1,1,0
BRDA:76,1,2,0
BRDA:80,2,0,0
BRDA:80,2,1,0
BRDA:81,3,0,0
BRDA:81,3,1,0
BRDA:81,3,2,0
BRDA:85,4,0,0
BRDA:85,4,1,0
BRDA:86,5,0,0
BRDA:86,5,1,0
BRDA:90,6,0,0
BRDA:90,6,1,0
BRDA:91,7,0,0
BRDA:91,7,1,0
BRDA:94,8,0,0
BRDA:94,8,1,0
BRDA:102,9,0,0
BRDA:102,9,1,0
BRDA:106,10,0,0
BRDA:106,10,1,0
BRDA:107,11,0,0
BRDA:107,11,1,0
BRDA:111,12,0,0
BRDA:111,12,1,0
BRDA:112,13,0,0
BRDA:112,13,1,0
BRDA:116,14,0,0
BRDA:116,14,1,0
BRDA:117,15,0,0
BRDA:117,15,1,0
BRDA:121,16,0,0
BRDA:121,16,1,0
BRDA:121,16,2,0
BRDA:125,17,0,0
BRDA:125,17,1,0
BRDA:125,17,2,0
BRF:40
BRH:0
end_of_record
