TN:
SF:app.js
FNF:0
FNH:0
DA:1,1
DA:2,1
DA:3,1
DA:6,1
DA:8,1
DA:10,1
DA:12,1
DA:16,1
DA:17,0
DA:18,0
DA:24,1
DA:25,1
DA:32,1
DA:34,1
DA:35,1
DA:36,1
DA:37,1
DA:38,1
DA:39,1
DA:40,1
DA:41,1
DA:42,1
DA:43,1
DA:44,1
DA:45,1
DA:47,1
DA:51,1
DA:52,0
DA:55,1
DA:57,1
DA:58,1
DA:59,1
DA:60,1
DA:61,1
DA:62,1
DA:63,1
DA:64,1
DA:65,1
DA:66,1
DA:67,1
DA:69,1
DA:70,1
DA:72,1
DA:73,1
DA:76,1
LF:45
LH:42
BRDA:16,0,0,0
BRDA:16,0,1,1
BRDA:51,1,0,0
BRDA:51,1,1,1
BRF:4
BRH:2
end_of_record
TN:
SF:api\controllers\advertisementController.js
FN:4,(anonymous_0)
FN:12,(anonymous_1)
FN:20,(anonymous_2)
FN:31,(anonymous_3)
FN:39,(anonymous_4)
FNF:5
FNH:0
FNDA:0,(anonymous_0)
FNDA:0,(anonymous_1)
FNDA:0,(anonymous_2)
FNDA:0,(anonymous_3)
FNDA:0,(anonymous_4)
DA:1,1
DA:2,1
DA:4,1
DA:5,0
DA:6,0
DA:8,0
DA:12,1
DA:13,0
DA:14,0
DA:16,0
DA:20,1
DA:21,0
DA:22,0
DA:23,0
DA:25,0
DA:31,1
DA:32,0
DA:33,0
DA:35,0
DA:39,1
DA:40,0
DA:41,0
DA:43,0
DA:44,0
DA:50,0
DA:52,0
LF:26
LH:7
BRDA:40,0,0,0
BRDA:40,0,1,0
BRF:2
BRH:0
end_of_record
TN:
SF:api\controllers\authController.js
FN:7,(anonymous_0)
FN:37,(anonymous_1)
FN:47,(anonymous_2)
FN:102,(anonymous_3)
FN:136,(anonymous_4)
FN:140,(anonymous_5)
FN:146,(anonymous_6)
FN:158,(anonymous_7)
FN:168,(anonymous_8)
FN:182,(anonymous_9)
FNF:10
FNH:0
FNDA:0,(anonymous_0)
FNDA:0,(anonymous_1)
FNDA:0,(anonymous_2)
FNDA:0,(anonymous_3)
FNDA:0,(anonymous_4)
FNDA:0,(anonymous_5)
FNDA:0,(anonymous_6)
FNDA:0,(anonymous_7)
FNDA:0,(anonymous_8)
FNDA:0,(anonymous_9)
DA:1,1
DA:2,1
DA:3,1
DA:4,1
DA:7,1
DA:8,0
DA:10,0
DA:12,0
DA:21,0
DA:24,0
DA:27,0
DA:29,0
DA:32,0
DA:37,1
DA:38,0
DA:39,0
DA:41,0
DA:42,0
DA:43,0
DA:44,0
DA:47,0
DA:49,0
DA:59,0
DA:69,0
DA:70,0
DA:71,0
DA:74,0
DA:80,0
DA:82,0
DA:90,0
DA:97,0
DA:98,0
DA:102,1
DA:103,0
DA:105,0
DA:106,0
DA:107,0
DA:112,0
DA:113,0
DA:114,0
DA:117,0
DA:118,0
DA:121,0
DA:123,0
DA:124,0
DA:127,0
DA:129,0
DA:132,0
DA:136,1
DA:137,0
DA:140,1
DA:141,0
DA:143,0
DA:146,1
DA:147,0
DA:149,0
DA:150,0
DA:153,0
DA:158,1
DA:159,0
DA:161,0
DA:162,0
DA:164,0
DA:168,1
DA:169,0
DA:171,0
DA:172,0
DA:177,0
DA:182,1
DA:183,0
DA:185,0
DA:186,0
DA:191,0
LF:73
LH:13
BRDA:8,0,0,0
BRDA:8,0,1,0
BRDA:39,1,0,0
BRDA:39,1,1,0
BRDA:43,2,0,0
BRDA:43,2,1,0
BRDA:69,3,0,0
BRDA:69,3,1,0
BRDA:106,4,0,0
BRDA:106,4,1,0
BRDA:113,5,0,0
BRDA:113,5,1,0
BRDA:117,6,0,0
BRDA:117,6,1,0
BRDA:149,7,0,0
BRDA:149,7,1,0
BRDA:159,8,0,0
BRDA:159,8,1,0
BRDA:169,9,0,0
BRDA:169,9,1,0
BRDA:183,10,0,0
BRDA:183,10,1,0
BRF:22
BRH:0
end_of_record
TN:
SF:api\controllers\cloudController.js
FN:1,(anonymous_0)
FNF:1
FNH:0
FNDA:0,(anonymous_0)
DA:1,1
DA:2,0
LF:2
LH:1
BRF:0
BRH:0
end_of_record
TN:
SF:api\controllers\connectionsController.js
FN:4,(anonymous_0)
FN:12,(anonymous_1)
FN:21,(anonymous_2)
FN:31,(anonymous_3)
FN:41,(anonymous_4)
FN:51,(anonymous_5)
FN:62,(anonymous_6)
FN:73,(anonymous_7)
FN:90,(anonymous_8)
FNF:9
FNH:0
FNDA:0,(anonymous_0)
FNDA:0,(anonymous_1)
FNDA:0,(anonymous_2)
FNDA:0,(anonymous_3)
FNDA:0,(anonymous_4)
FNDA:0,(anonymous_5)
FNDA:0,(anonymous_6)
FNDA:0,(anonymous_7)
FNDA:0,(anonymous_8)
DA:1,1
DA:2,1
DA:4,1
DA:5,0
DA:6,0
DA:8,0
DA:12,1
DA:13,0
DA:15,0
DA:16,0
DA:18,0
DA:21,1
DA:22,0
DA:24,0
DA:25,0
DA:27,0
DA:31,1
DA:32,0
DA:34,0
DA:35,0
DA:37,0
DA:41,1
DA:42,0
DA:44,0
DA:45,0
DA:47,0
DA:51,1
DA:52,0
DA:54,0
DA:55,0
DA:57,0
DA:62,1
DA:63,0
DA:64,0
DA:66,0
DA:67,0
DA:69,0
DA:73,1
DA:74,0
DA:75,0
DA:76,0
DA:78,0
DA:79,0
DA:81,0
DA:86,0
DA:90,1
DA:91,0
DA:92,0
DA:93,0
DA:96,0
DA:97,0
DA:98,0
DA:100,0
LF:53
LH:11
BRDA:75,0,0,0
BRDA:75,0,1,0
BRF:2
BRH:0
end_of_record
TN:
SF:api\controllers\kickController.js
FN:4,(anonymous_0)
FN:12,(anonymous_1)
FN:22,(anonymous_2)
FN:33,(anonymous_3)
FN:44,(anonymous_4)
FN:55,(anonymous_5)
FN:63,(anonymous_6)
FN:72,(anonymous_7)
FNF:8
FNH:0
FNDA:0,(anonymous_0)
FNDA:0,(anonymous_1)
FNDA:0,(anonymous_2)
FNDA:0,(anonymous_3)
FNDA:0,(anonymous_4)
FNDA:0,(anonymous_5)
FNDA:0,(anonymous_6)
FNDA:0,(anonymous_7)
DA:1,1
DA:2,1
DA:4,1
DA:5,0
DA:6,0
DA:8,0
DA:12,1
DA:13,0
DA:15,0
DA:16,0
DA:18,0
DA:22,1
DA:23,0
DA:24,0
DA:26,0
DA:27,0
DA:29,0
DA:33,1
DA:34,0
DA:36,0
DA:37,0
DA:39,0
DA:44,1
DA:45,0
DA:47,0
DA:48,0
DA:50,0
DA:55,1
DA:56,0
DA:57,0
DA:59,0
DA:63,1
DA:65,0
DA:66,0
DA:68,0
DA:72,1
DA:73,0
DA:74,0
DA:76,0
DA:78,0
DA:81,0
LF:41
LH:10
BRF:0
BRH:0
end_of_record
TN:
SF:api\controllers\userController.js
FN:5,(anonymous_0)
FN:13,(anonymous_1)
FN:20,(anonymous_2)
FN:42,(anonymous_3)
FN:50,(anonymous_4)
FN:60,(anonymous_5)
FN:80,(anonymous_6)
FN:89,(anonymous_7)
FNF:8
FNH:0
FNDA:0,(anonymous_0)
FNDA:0,(anonymous_1)
FNDA:0,(anonymous_2)
FNDA:0,(anonymous_3)
FNDA:0,(anonymous_4)
FNDA:0,(anonymous_5)
FNDA:0,(anonymous_6)
FNDA:0,(anonymous_7)
DA:1,1
DA:2,1
DA:3,1
DA:5,1
DA:6,0
DA:7,0
DA:9,0
DA:13,1
DA:14,0
DA:15,0
DA:17,0
DA:20,1
DA:21,0
DA:23,0
DA:24,0
DA:26,0
DA:28,0
DA:29,0
DA:31,0
DA:34,0
DA:36,0
DA:42,1
DA:43,0
DA:44,0
DA:46,0
DA:50,1
DA:51,0
DA:52,0
DA:54,0
DA:56,0
DA:60,1
DA:61,0
DA:62,0
DA:63,0
DA:69,0
DA:71,0
DA:76,0
DA:80,1
DA:81,0
DA:82,0
DA:83,0
DA:85,0
DA:89,1
DA:90,0
DA:92,0
DA:93,0
DA:95,0
LF:47
LH:11
BRDA:28,0,0,0
BRDA:28,0,1,0
BRDA:28,1,0,0
BRDA:28,1,1,0
BRDA:61,2,0,0
BRDA:61,2,1,0
BRF:6
BRH:0
end_of_record
TN:
SF:api\controllers\user_postController.js
FN:4,(anonymous_0)
FN:12,(anonymous_1)
FN:23,(anonymous_2)
FN:31,(anonymous_3)
FN:39,(anonymous_4)
FN:47,(anonymous_5)
FN:64,(anonymous_6)
FNF:7
FNH:0
FNDA:0,(anonymous_0)
FNDA:0,(anonymous_1)
FNDA:0,(anonymous_2)
FNDA:0,(anonymous_3)
FNDA:0,(anonymous_4)
FNDA:0,(anonymous_5)
FNDA:0,(anonymous_6)
DA:1,1
DA:2,1
DA:4,1
DA:5,0
DA:6,0
DA:8,0
DA:12,1
DA:13,0
DA:14,0
DA:15,0
DA:17,0
DA:19,0
DA:23,1
DA:24,0
DA:25,0
DA:27,0
DA:31,1
DA:32,0
DA:33,0
DA:35,0
DA:39,1
DA:40,0
DA:41,0
DA:43,0
DA:47,1
DA:48,0
DA:49,0
DA:52,0
DA:53,0
DA:60,0
DA:64,1
DA:65,0
DA:66,0
DA:67,0
DA:69,0
LF:35
LH:9
BRDA:48,0,0,0
BRDA:48,0,1,0
BRDA:57,1,0,0
BRDA:57,1,1,0
BRF:4
BRH:0
end_of_record
TN:
SF:api\controllers\user_post_commentController.js
FN:5,(anonymous_0)
FN:13,(anonymous_1)
FN:22,(anonymous_2)
FN:30,(anonymous_3)
FN:49,(anonymous_4)
FNF:5
FNH:0
FNDA:0,(anonymous_0)
FNDA:0,(anonymous_1)
FNDA:0,(anonymous_2)
FNDA:0,(anonymous_3)
FNDA:0,(anonymous_4)
DA:1,1
DA:2,1
DA:5,1
DA:6,0
DA:7,0
DA:9,0
DA:13,1
DA:14,0
DA:15,0
DA:17,0
DA:22,1
DA:23,0
DA:24,0
DA:26,0
DA:30,1
DA:31,0
DA:32,0
DA:34,0
DA:35,0
DA:42,0
DA:44,0
DA:49,1
DA:50,0
DA:51,0
DA:53,0
DA:54,0
DA:61,0
DA:63,0
LF:28
LH:7
BRDA:31,0,0,0
BRDA:31,0,1,0
BRDA:50,1,0,0
BRDA:50,1,1,0
BRF:4
BRH:0
end_of_record
TN:
SF:api\controllers\user_post_reactionController.js
FN:5,(anonymous_0)
FN:13,(anonymous_1)
FN:24,(anonymous_2)
FN:32,(anonymous_3)
FNF:4
FNH:0
FNDA:0,(anonymous_0)
FNDA:0,(anonymous_1)
FNDA:0,(anonymous_2)
FNDA:0,(anonymous_3)
DA:1,1
DA:2,1
DA:5,1
DA:6,0
DA:7,0
DA:9,0
DA:13,1
DA:14,0
DA:16,0
DA:17,0
DA:19,0
DA:24,1
DA:25,0
DA:26,0
DA:28,0
DA:32,1
DA:33,0
DA:34,0
DA:36,0
DA:37,0
DA:44,0
DA:46,0
LF:22
LH:6
BRDA:33,0,0,0
BRDA:33,0,1,0
BRF:2
BRH:0
end_of_record
TN:
SF:api\controllers\user_profileController.js
FN:5,(anonymous_0)
FN:13,(anonymous_1)
FN:22,(anonymous_2)
FN:30,(anonymous_3)
FN:38,(anonymous_4)
FN:56,(anonymous_5)
FNF:6
FNH:6
FNDA:1,(anonymous_0)
FNDA:1,(anonymous_1)
FNDA:2,(anonymous_2)
FNDA:2,(anonymous_3)
FNDA:10,(anonymous_4)
FNDA:11,(anonymous_5)
DA:1,1
DA:2,1
DA:5,1
DA:6,1
DA:7,1
DA:9,0
DA:13,1
DA:14,1
DA:15,1
DA:16,1
DA:18,0
DA:22,1
DA:23,2
DA:24,2
DA:26,0
DA:30,1
DA:31,2
DA:32,2
DA:34,1
DA:38,1
DA:39,10
DA:40,10
DA:41,10
DA:52,9
DA:56,1
DA:57,11
DA:58,11
DA:59,11
DA:68,11
DA:69,0
DA:72,11
DA:73,2
DA:75,9
LF:33
LH:29
BRDA:39,0,0,10
BRDA:39,0,1,0
BRDA:68,1,0,0
BRDA:68,1,1,11
BRF:4
BRH:2
end_of_record
TN:
SF:api\controllers\user_settingsController.js
FN:4,(anonymous_0)
FN:12,(anonymous_1)
FN:22,(anonymous_2)
FN:32,(anonymous_3)
FN:47,(anonymous_4)
FNF:5
FNH:0
FNDA:0,(anonymous_0)
FNDA:0,(anonymous_1)
FNDA:0,(anonymous_2)
FNDA:0,(anonymous_3)
FNDA:0,(anonymous_4)
DA:1,1
DA:2,1
DA:4,1
DA:5,0
DA:6,0
DA:8,0
DA:12,1
DA:13,0
DA:15,0
DA:16,0
DA:18,0
DA:22,1
DA:23,0
DA:25,0
DA:26,0
DA:28,0
DA:32,1
DA:33,0
DA:35,0
DA:36,0
DA:38,0
DA:43,0
DA:47,1
DA:48,0
DA:50,0
DA:51,0
DA:52,0
DA:54,0
LF:28
LH:7
BRF:0
BRH:0
end_of_record
TN:
SF:api\controllers\verify_codeController.js
FN:4,(anonymous_0)
FN:12,(anonymous_1)
FN:20,(anonymous_2)
FN:30,(anonymous_3)
FN:38,(anonymous_4)
FN:47,(anonymous_5)
FN:60,(anonymous_6)
FN:69,(anonymous_7)
FNF:8
FNH:0
FNDA:0,(anonymous_0)
FNDA:0,(anonymous_1)
FNDA:0,(anonymous_2)
FNDA:0,(anonymous_3)
FNDA:0,(anonymous_4)
FNDA:0,(anonymous_5)
FNDA:0,(anonymous_6)
FNDA:0,(anonymous_7)
DA:1,1
DA:2,1
DA:4,1
DA:5,0
DA:6,0
DA:8,0
DA:12,1
DA:13,0
DA:14,0
DA:16,0
DA:20,1
DA:21,0
DA:23,0
DA:24,0
DA:26,0
DA:30,1
DA:31,0
DA:32,0
DA:34,0
DA:38,1
DA:39,0
DA:40,0
DA:41,0
DA:43,0
DA:47,1
DA:48,0
DA:49,0
DA:50,0
DA:54,0
DA:56,0
DA:60,1
DA:61,0
DA:62,0
DA:63,0
DA:65,0
DA:69,1
DA:70,0
DA:71,0
DA:72,0
DA:74,0
LF:40
LH:10
BRDA:21,0,0,0
BRDA:21,0,1,0
BRDA:39,1,0,0
BRDA:39,1,1,0
BRDA:48,2,0,0
BRDA:48,2,1,0
BRF:6
BRH:0
end_of_record
TN:
SF:api\errors\AppError.js
FN:3,(anonymous_0)
FNF:1
FNH:1
FNDA:19,(anonymous_0)
DA:6,19
DA:8,19
DA:10,19
DA:12,19
DA:14,19
DA:16,19
DA:20,1
LF:7
LH:7
BRDA:3,0,0,0
BRDA:4,1,0,0
BRDA:4,2,0,0
BRDA:4,3,0,19
BRDA:4,4,0,19
BRDA:4,5,0,19
BRDA:12,6,0,19
BRDA:12,6,1,0
BRDA:14,7,0,19
BRDA:14,7,1,0
BRDA:16,8,0,19
BRDA:16,8,1,0
BRF:12
BRH:6
end_of_record
TN:
SF:api\errors\BadRequestError.js
FN:5,(anonymous_0)
FNF:1
FNH:1
FNDA:7,(anonymous_0)
DA:1,1
DA:7,7
DA:11,1
LF:3
LH:3
BRDA:5,0,0,0
BRDA:5,1,0,7
BRF:2
BRH:1
end_of_record
TN:
SF:api\errors\DbError.js
FN:5,(anonymous_0)
FNF:1
FNH:0
FNDA:0,(anonymous_0)
DA:1,1
DA:7,0
DA:11,1
LF:3
LH:2
BRDA:5,0,0,0
BRDA:5,1,0,0
BRF:2
BRH:0
end_of_record
TN:
SF:api\errors\NotFoundError.js
FN:5,(anonymous_0)
FNF:1
FNH:0
FNDA:0,(anonymous_0)
DA:1,1
DA:7,0
DA:11,1
LF:3
LH:2
BRDA:5,0,0,0
BRDA:5,1,0,0
BRF:2
BRH:0
end_of_record
TN:
SF:api\errors\UnauthorizedError.js
FN:5,(anonymous_0)
FNF:1
FNH:0
FNDA:0,(anonymous_0)
DA:1,1
DA:7,0
DA:11,1
LF:3
LH:2
BRDA:5,0,0,0
BRDA:5,1,0,0
BRF:2
BRH:0
end_of_record
TN:
SF:api\errors\ValidationError.js
FN:5,(anonymous_0)
FNF:1
FNH:1
FNDA:12,(anonymous_0)
DA:1,1
DA:7,12
DA:11,1
LF:3
LH:3
BRDA:5,0,0,0
BRDA:5,1,0,12
BRF:2
BRH:1
end_of_record
TN:
SF:api\errors\index.js
FNF:0
FNH:0
DA:1,1
LF:1
LH:1
BRF:0
BRH:0
end_of_record
TN:
SF:api\middlewares\authMiddleware.js
FN:5,(anonymous_0)
FN:23,(anonymous_1)
FNF:2
FNH:0
FNDA:0,(anonymous_0)
FNDA:0,(anonymous_1)
DA:1,1
DA:3,1
DA:5,1
DA:7,0
DA:9,0
DA:11,0
DA:13,0
DA:17,0
DA:20,0
DA:23,1
DA:25,0
DA:27,0
LF:12
LH:4
BRDA:7,0,0,0
BRDA:7,0,1,0
BRDA:9,1,0,0
BRDA:9,1,1,0
BRDA:25,2,0,0
BRDA:25,2,1,0
BRDA:25,3,0,0
BRDA:25,3,1,0
BRF:8
BRH:0
end_of_record
TN:
SF:api\middlewares\errorHandler.js
FN:3,notFound
FN:8,showError
FNF:2
FNH:1
FNDA:0,notFound
FNDA:19,showError
DA:1,1
DA:5,0
DA:10,19
DA:12,0
DA:20,19
DA:22,19
DA:24,19
DA:31,1
LF:8
LH:6
BRDA:10,0,0,0
BRDA:10,0,1,19
BRDA:15,1,0,0
BRDA:15,1,1,0
BRDA:16,2,0,0
BRDA:16,2,1,0
BRDA:20,3,0,19
BRDA:20,3,1,0
BRDA:22,4,0,19
BRDA:22,4,1,0
BRF:10
BRH:3
end_of_record
TN:
SF:api\middlewares\paramHandler.js
FN:1,paramPage
FN:6,paramUserId
FN:11,paramUniqIdentifier
FN:16,paramAction
FN:21,paramPostId
FN:26,paramItemId
FN:31,paramEmail
FNF:7
FNH:2
FNDA:2,paramPage
FNDA:14,paramUserId
FNDA:0,paramUniqIdentifier
FNDA:0,paramAction
FNDA:0,paramPostId
FNDA:0,paramItemId
FNDA:0,paramEmail
DA:2,2
DA:3,2
DA:7,14
DA:8,14
DA:12,0
DA:13,0
DA:17,0
DA:18,0
DA:22,0
DA:23,0
DA:27,0
DA:28,0
DA:32,0
DA:33,0
DA:38,1
LF:15
LH:5
BRF:0
BRH:0
end_of_record
TN:
SF:api\middlewares\uploadMiddleware.js
FN:3,(anonymous_0)
FNF:1
FNH:0
FNDA:0,(anonymous_0)
DA:1,1
DA:3,1
DA:4,0
DA:5,0
DA:7,0
LF:5
LH:2
BRDA:4,0,0,0
BRDA:4,0,1,0
BRF:2
BRH:0
end_of_record
TN:
SF:api\models\Advertisement.js
FN:3,(anonymous_0)
FNF:1
FNH:1
FNDA:1,(anonymous_0)
DA:1,1
DA:3,1
DA:8,1
DA:60,1
LF:4
LH:4
BRF:0
BRH:0
end_of_record
TN:
SF:api\models\Connections.js
FN:3,(anonymous_0)
FNF:1
FNH:1
FNDA:1,(anonymous_0)
DA:1,1
DA:3,1
DA:8,1
DA:53,1
LF:4
LH:4
BRF:0
BRH:0
end_of_record
TN:
SF:api\models\Kick.js
FN:3,(anonymous_0)
FNF:1
FNH:1
FNDA:1,(anonymous_0)
DA:1,1
DA:3,1
DA:8,1
DA:59,1
LF:4
LH:4
BRF:0
BRH:0
end_of_record
TN:
SF:api\models\Settings.js
FN:3,(anonymous_0)
FNF:1
FNH:1
FNDA:1,(anonymous_0)
DA:1,1
DA:3,1
DA:7,1
DA:48,1
LF:4
LH:4
BRF:0
BRH:0
end_of_record
TN:
SF:api\models\User.js
FN:3,(anonymous_0)
FN:30,(anonymous_1)
FN:34,(anonymous_2)
FNF:3
FNH:3
FNDA:1,(anonymous_0)
FNDA:6,(anonymous_1)
FNDA:84,(anonymous_2)
DA:1,1
DA:3,1
DA:8,1
DA:31,6
DA:36,84
DA:96,1
LF:6
LH:6
BRF:0
BRH:0
end_of_record
TN:
SF:api\models\User_Post.js
FN:3,(anonymous_0)
FNF:1
FNH:1
FNDA:1,(anonymous_0)
DA:1,1
DA:3,1
DA:8,1
DA:91,1
LF:4
LH:4
BRF:0
BRH:0
end_of_record
TN:
SF:api\models\User_Post_Comment.js
FN:3,(anonymous_0)
FNF:1
FNH:1
FNDA:1,(anonymous_0)
DA:1,1
DA:3,1
DA:8,1
DA:65,1
LF:4
LH:4
BRF:0
BRH:0
end_of_record
TN:
SF:api\models\User_Post_Reaction.js
FN:3,(anonymous_0)
FNF:1
FNH:1
FNDA:1,(anonymous_0)
DA:1,1
DA:3,1
DA:8,1
DA:65,1
LF:4
LH:4
BRF:0
BRH:0
end_of_record
TN:
SF:api\models\User_Profile.js
FN:3,(anonymous_0)
FN:7,(anonymous_1)
FN:77,(anonymous_2)
FN:87,(anonymous_3)
FN:96,(anonymous_4)
FN:210,(anonymous_5)
FNF:6
FNH:2
FNDA:1,(anonymous_0)
FNDA:0,(anonymous_1)
FNDA:0,(anonymous_2)
FNDA:0,(anonymous_3)
FNDA:0,(anonymous_4)
FNDA:1,(anonymous_5)
DA:1,1
DA:3,1
DA:8,0
DA:9,0
DA:12,0
DA:13,0
DA:16,0
DA:18,0
DA:23,0
DA:24,0
DA:25,0
DA:26,0
DA:29,0
DA:30,0
DA:31,0
DA:32,0
DA:34,0
DA:37,0
DA:38,0
DA:42,0
DA:45,0
DA:46,0
DA:50,0
DA:61,0
DA:62,0
DA:65,0
DA:67,0
DA:68,0
DA:70,0
DA:78,0
DA:79,0
DA:80,0
DA:81,0
DA:88,0
DA:89,0
DA:90,0
DA:97,0
DA:98,0
DA:99,0
DA:103,1
DA:210,1
DA:212,1
DA:213,1
DA:216,1
DA:217,0
DA:218,1
DA:219,0
DA:221,1
DA:224,1
DA:225,0
DA:226,1
DA:227,0
DA:229,1
DA:233,1
LF:54
LH:13
BRDA:7,0,0,0
BRDA:8,1,0,0
BRDA:8,1,1,0
BRDA:8,2,0,0
BRDA:8,2,1,0
BRDA:13,3,0,0
BRDA:13,3,1,0
BRDA:24,4,0,0
BRDA:24,4,1,0
BRDA:25,5,0,0
BRDA:25,5,1,0
BRDA:37,6,0,0
BRDA:37,6,1,0
BRDA:45,7,0,0
BRDA:45,7,1,0
BRDA:61,8,0,0
BRDA:61,8,1,0
BRDA:61,9,0,0
BRDA:61,9,1,0
BRDA:67,10,0,0
BRDA:67,10,1,0
BRDA:79,11,0,0
BRDA:79,11,1,0
BRDA:80,12,0,0
BRDA:80,12,1,0
BRDA:89,13,0,0
BRDA:89,13,1,0
BRDA:98,14,0,0
BRDA:98,14,1,0
BRDA:216,15,0,0
BRDA:216,15,1,1
BRDA:216,16,0,1
BRDA:216,16,1,1
BRDA:218,17,0,0
BRDA:218,17,1,1
BRDA:224,18,0,0
BRDA:224,18,1,1
BRDA:224,19,0,1
BRDA:224,19,1,1
BRDA:226,20,0,0
BRDA:226,20,1,1
BRF:41
BRH:8
end_of_record
TN:
SF:api\models\Verify_Code.js
FN:3,(anonymous_0)
FN:43,(anonymous_1)
FNF:2
FNH:1
FNDA:1,(anonymous_0)
FNDA:0,(anonymous_1)
DA:1,1
DA:3,1
DA:8,1
DA:43,0
DA:69,1
LF:5
LH:4
BRF:0
BRH:0
end_of_record
TN:
SF:api\models\index.js
FN:3,(anonymous_0)
FNF:1
FNH:1
FNDA:1,(anonymous_0)
DA:1,1
DA:3,1
DA:4,1
DA:5,1
DA:6,1
DA:7,1
DA:8,1
DA:9,1
DA:10,1
DA:11,1
DA:12,1
DA:13,1
DA:16,1
DA:20,1
DA:27,1
DA:31,1
DA:38,1
DA:42,1
DA:48,1
DA:52,1
DA:59,1
DA:63,1
DA:69,1
DA:73,1
DA:82,1
DA:87,1
DA:92,1
DA:97,1
DA:105,1
DA:111,1
DA:123,1
DA:131,1
DA:144,1
LF:33
LH:33
BRF:0
BRH:0
end_of_record
TN:
SF:api\repositories\AdvertisementRepository.js
FN:5,(anonymous_0)
FN:10,(anonymous_1)
FN:18,(anonymous_2)
FN:28,(anonymous_3)
FN:38,(anonymous_4)
FN:47,(anonymous_5)
FNF:6
FNH:1
FNDA:216,(anonymous_0)
FNDA:0,(anonymous_1)
FNDA:0,(anonymous_2)
FNDA:0,(anonymous_3)
FNDA:0,(anonymous_4)
FNDA:0,(anonymous_5)
DA:2,1
DA:6,216
DA:7,216
DA:11,0
DA:12,0
DA:14,0
DA:19,0
DA:20,0
DA:24,0
DA:29,0
DA:30,0
DA:34,0
DA:39,0
DA:40,0
DA:41,0
DA:43,0
DA:48,0
DA:49,0
DA:51,0
DA:60,1
LF:20
LH:4
BRF:0
BRH:0
end_of_record
TN:
SF:api\repositories\ConnectionsRepository.js
FN:4,(anonymous_0)
FN:10,(anonymous_1)
FN:18,(anonymous_2)
FN:41,(anonymous_3)
FN:56,(anonymous_4)
FN:69,(anonymous_5)
FN:81,(anonymous_6)
FN:97,(anonymous_7)
FN:113,(anonymous_8)
FN:138,(anonymous_9)
FN:149,(anonymous_10)
FNF:11
FNH:1
FNDA:216,(anonymous_0)
FNDA:0,(anonymous_1)
FNDA:0,(anonymous_2)
FNDA:0,(anonymous_3)
FNDA:0,(anonymous_4)
FNDA:0,(anonymous_5)
FNDA:0,(anonymous_6)
FNDA:0,(anonymous_7)
FNDA:0,(anonymous_8)
FNDA:0,(anonymous_9)
FNDA:0,(anonymous_10)
DA:1,1
DA:5,216
DA:6,216
DA:7,216
DA:11,0
DA:12,0
DA:14,0
DA:19,0
DA:20,0
DA:37,0
DA:42,0
DA:43,0
DA:52,0
DA:57,0
DA:58,0
DA:65,0
DA:70,0
DA:71,0
DA:77,0
DA:82,0
DA:83,0
DA:93,0
DA:98,0
DA:99,0
DA:109,0
DA:114,0
DA:116,0
DA:117,0
DA:132,0
DA:134,0
DA:139,0
DA:140,0
DA:142,0
DA:150,0
DA:151,0
DA:158,0
DA:160,0
DA:165,1
LF:38
LH:5
BRF:0
BRH:0
end_of_record
TN:
SF:api\repositories\KickRepository.js
FN:4,(anonymous_0)
FN:10,(anonymous_1)
FN:18,(anonymous_2)
FN:32,(anonymous_3)
FN:43,(anonymous_4)
FN:53,(anonymous_5)
FN:67,(anonymous_6)
FN:76,(anonymous_7)
FN:87,(anonymous_8)
FNF:9
FNH:1
FNDA:216,(anonymous_0)
FNDA:0,(anonymous_1)
FNDA:0,(anonymous_2)
FNDA:0,(anonymous_3)
FNDA:0,(anonymous_4)
FNDA:0,(anonymous_5)
FNDA:0,(anonymous_6)
FNDA:0,(anonymous_7)
FNDA:0,(anonymous_8)
DA:1,1
DA:5,216
DA:6,216
DA:7,216
DA:11,0
DA:12,0
DA:14,0
DA:19,0
DA:20,0
DA:27,0
DA:33,0
DA:34,0
DA:38,0
DA:44,0
DA:45,0
DA:49,0
DA:54,0
DA:55,0
DA:56,0
DA:57,0
DA:63,0
DA:68,0
DA:69,0
DA:70,0
DA:72,0
DA:77,0
DA:78,0
DA:80,0
DA:88,0
DA:89,0
DA:97,0
DA:99,0
DA:104,1
LF:33
LH:5
BRF:0
BRH:0
end_of_record
TN:
SF:api\repositories\UserRepository.js
FN:4,(anonymous_0)
FN:11,(anonymous_1)
FN:27,(anonymous_2)
FN:44,(anonymous_3)
FN:62,(anonymous_4)
FN:73,(anonymous_5)
FN:90,(anonymous_6)
FN:104,(anonymous_7)
FN:113,(anonymous_8)
FN:126,(anonymous_9)
FN:137,(anonymous_10)
FN:148,(anonymous_11)
FNF:12
FNH:2
FNDA:216,(anonymous_0)
FNDA:0,(anonymous_1)
FNDA:0,(anonymous_2)
FNDA:0,(anonymous_3)
FNDA:21,(anonymous_4)
FNDA:0,(anonymous_5)
FNDA:0,(anonymous_6)
FNDA:0,(anonymous_7)
FNDA:0,(anonymous_8)
FNDA:0,(anonymous_9)
FNDA:0,(anonymous_10)
FNDA:0,(anonymous_11)
DA:1,1
DA:5,216
DA:6,216
DA:7,216
DA:8,216
DA:12,0
DA:13,0
DA:23,0
DA:28,0
DA:29,0
DA:40,0
DA:45,0
DA:46,0
DA:58,0
DA:63,21
DA:64,21
DA:69,0
DA:74,0
DA:75,0
DA:86,0
DA:91,0
DA:92,0
DA:93,0
DA:94,0
DA:100,0
DA:105,0
DA:106,0
DA:107,0
DA:109,0
DA:114,0
DA:115,0
DA:119,0
DA:127,0
DA:128,0
DA:131,0
DA:133,0
DA:138,0
DA:139,0
DA:142,0
DA:144,0
DA:149,0
DA:150,0
DA:154,0
DA:159,1
LF:44
LH:8
BRDA:44,0,0,0
BRDA:62,1,0,11
BRDA:113,2,0,0
BRF:3
BRH:1
end_of_record
TN:
SF:api\repositories\User_PostRepository.js
FN:4,(anonymous_0)
FN:12,(anonymous_1)
FN:31,(anonymous_2)
FN:70,(anonymous_3)
FN:80,(anonymous_4)
FN:90,(anonymous_5)
FN:100,(anonymous_6)
FN:113,(anonymous_7)
FN:126,(anonymous_8)
FNF:9
FNH:1
FNDA:216,(anonymous_0)
FNDA:0,(anonymous_1)
FNDA:0,(anonymous_2)
FNDA:0,(anonymous_3)
FNDA:0,(anonymous_4)
FNDA:0,(anonymous_5)
FNDA:0,(anonymous_6)
FNDA:0,(anonymous_7)
FNDA:0,(anonymous_8)
DA:1,1
DA:5,216
DA:6,216
DA:7,216
DA:8,216
DA:13,0
DA:14,0
DA:27,0
DA:32,0
DA:33,0
DA:34,0
DA:36,0
DA:37,0
DA:39,0
DA:41,0
DA:59,0
DA:61,0
DA:66,0
DA:71,0
DA:72,0
DA:76,0
DA:81,0
DA:82,0
DA:86,0
DA:91,0
DA:92,0
DA:94,0
DA:96,0
DA:101,0
DA:102,0
DA:106,0
DA:114,0
DA:115,0
DA:120,0
DA:122,0
DA:127,0
DA:128,0
DA:132,0
DA:137,1
LF:39
LH:6
BRDA:63,0,0,0
BRDA:63,0,1,0
BRDA:100,1,0,0
BRDA:113,2,0,0
BRF:4
BRH:0
end_of_record
TN:
SF:api\repositories\User_Post_CommentRepository.js
FN:4,(anonymous_0)
FN:9,(anonymous_1)
FN:17,(anonymous_2)
FN:27,(anonymous_3)
FN:40,(anonymous_4)
FN:53,(anonymous_5)
FNF:6
FNH:1
FNDA:216,(anonymous_0)
FNDA:0,(anonymous_1)
FNDA:0,(anonymous_2)
FNDA:0,(anonymous_3)
FNDA:0,(anonymous_4)
FNDA:0,(anonymous_5)
DA:1,1
DA:5,216
DA:6,216
DA:10,0
DA:11,0
DA:13,0
DA:18,0
DA:19,0
DA:23,0
DA:28,0
DA:29,0
DA:34,0
DA:36,0
DA:41,0
DA:42,0
DA:46,0
DA:54,0
DA:55,0
DA:60,0
DA:62,0
DA:68,1
LF:21
LH:4
BRDA:27,0,0,0
BRDA:40,1,0,0
BRDA:53,2,0,0
BRF:3
BRH:0
end_of_record
TN:
SF:api\repositories\User_Post_ReactionRepository.js
FN:4,(anonymous_0)
FN:9,(anonymous_1)
FN:19,(anonymous_2)
FN:33,(anonymous_3)
FN:46,(anonymous_4)
FN:60,(anonymous_5)
FNF:6
FNH:1
FNDA:216,(anonymous_0)
FNDA:0,(anonymous_1)
FNDA:0,(anonymous_2)
FNDA:0,(anonymous_3)
FNDA:0,(anonymous_4)
FNDA:0,(anonymous_5)
DA:1,1
DA:5,216
DA:6,216
DA:10,0
DA:11,0
DA:15,0
DA:20,0
DA:21,0
DA:29,0
DA:34,0
DA:35,0
DA:40,0
DA:42,0
DA:48,0
DA:49,0
DA:53,0
DA:61,0
DA:62,0
DA:70,0
DA:72,0
DA:77,1
LF:21
LH:4
BRDA:9,0,0,0
BRDA:19,1,0,0
BRDA:33,2,0,0
BRDA:46,3,0,0
BRDA:60,4,0,0
BRF:5
BRH:0
end_of_record
TN:
SF:api\repositories\User_ProfileRepository.js
FN:4,(anonymous_0)
FN:13,(anonymous_1)
FN:21,(anonymous_2)
FN:34,(anonymous_3)
FN:46,(anonymous_4)
FN:56,(anonymous_5)
FN:70,(anonymous_6)
FNF:7
FNH:7
FNDA:216,(anonymous_0)
FNDA:1,(anonymous_1)
FNDA:1,(anonymous_2)
FNDA:2,(anonymous_3)
FNDA:2,(anonymous_4)
FNDA:2,(anonymous_5)
FNDA:4,(anonymous_6)
DA:1,1
DA:5,216
DA:6,216
DA:7,216
DA:8,216
DA:9,216
DA:14,1
DA:15,1
DA:17,0
DA:22,1
DA:23,1
DA:27,0
DA:35,2
DA:36,2
DA:40,2
DA:42,0
DA:47,2
DA:48,2
DA:50,2
DA:52,0
DA:57,2
DA:58,2
DA:59,2
DA:60,2
DA:66,0
DA:71,4
DA:72,4
DA:75,4
DA:79,4
DA:99,4
DA:101,4
DA:106,4
DA:111,4
DA:112,4
DA:114,4
DA:116,0
DA:121,1
LF:37
LH:31
BRDA:21,0,0,0
BRDA:70,1,0,2
BRDA:72,2,0,0
BRDA:72,2,1,4
BRDA:75,3,0,4
BRDA:75,3,1,0
BRDA:99,4,0,0
BRDA:99,4,1,4
BRF:8
BRH:4
end_of_record
TN:
SF:api\repositories\User_SettingsRepository.js
FN:4,(anonymous_0)
FN:10,(anonymous_1)
FN:18,(anonymous_2)
FN:28,(anonymous_3)
FN:38,(anonymous_4)
FN:47,(anonymous_5)
FN:58,(anonymous_6)
FN:71,(anonymous_7)
FNF:8
FNH:1
FNDA:216,(anonymous_0)
FNDA:0,(anonymous_1)
FNDA:0,(anonymous_2)
FNDA:0,(anonymous_3)
FNDA:0,(anonymous_4)
FNDA:0,(anonymous_5)
FNDA:0,(anonymous_6)
FNDA:0,(anonymous_7)
DA:1,1
DA:5,216
DA:6,216
DA:11,0
DA:12,0
DA:14,0
DA:19,0
DA:20,0
DA:24,0
DA:29,0
DA:30,0
DA:34,0
DA:39,0
DA:40,0
DA:41,0
DA:43,0
DA:48,0
DA:49,0
DA:51,0
DA:59,0
DA:60,0
DA:64,0
DA:72,0
DA:73,0
DA:76,0
DA:78,0
DA:84,1
LF:27
LH:4
BRF:0
BRH:0
end_of_record
TN:
SF:api\repositories\Verify_CodeRepository.js
FN:4,(anonymous_0)
FN:9,(anonymous_1)
FN:17,(anonymous_2)
FN:29,(anonymous_3)
FN:41,(anonymous_4)
FN:51,(anonymous_5)
FN:61,(anonymous_6)
FN:72,(anonymous_7)
FN:84,(anonymous_8)
FNF:9
FNH:1
FNDA:216,(anonymous_0)
FNDA:0,(anonymous_1)
FNDA:0,(anonymous_2)
FNDA:0,(anonymous_3)
FNDA:0,(anonymous_4)
FNDA:0,(anonymous_5)
FNDA:0,(anonymous_6)
FNDA:0,(anonymous_7)
FNDA:0,(anonymous_8)
DA:1,1
DA:5,216
DA:6,216
DA:10,0
DA:11,0
DA:13,0
DA:18,0
DA:19,0
DA:25,0
DA:30,0
DA:31,0
DA:37,0
DA:42,0
DA:43,0
DA:45,0
DA:47,0
DA:52,0
DA:53,0
DA:55,0
DA:57,0
DA:62,0
DA:63,0
DA:65,0
DA:73,0
DA:74,0
DA:78,0
DA:80,0
DA:85,0
DA:86,0
DA:90,0
DA:92,0
DA:97,1
LF:32
LH:4
BRF:0
BRH:0
end_of_record
TN:
SF:api\repositories\index.js
FN:12,(anonymous_0)
FNF:1
FNH:1
FNDA:216,(anonymous_0)
DA:1,1
DA:2,1
DA:3,1
DA:4,1
DA:5,1
DA:6,1
DA:7,1
DA:8,1
DA:9,1
DA:10,1
DA:12,1
DA:14,216
DA:15,216
DA:16,216
DA:17,216
DA:18,216
DA:19,216
DA:20,216
DA:21,216
DA:22,216
DA:23,216
DA:25,216
LF:22
LH:22
BRF:0
BRH:0
end_of_record
TN:
SF:api\routes\advertisementRoute.js
FNF:0
FNH:0
DA:1,1
DA:2,1
DA:3,1
DA:4,1
DA:5,1
DA:6,1
DA:9,1
DA:11,1
DA:14,1
DA:16,1
DA:18,1
DA:22,1
DA:24,1
DA:28,1
LF:14
LH:14
BRF:0
BRH:0
end_of_record
TN:
SF:api\routes\authRoutes.js
FNF:0
FNH:0
DA:1,1
DA:2,1
DA:4,1
DA:5,1
DA:8,1
DA:9,1
DA:10,1
DA:12,1
DA:14,1
DA:16,1
DA:18,1
DA:20,1
DA:22,1
DA:25,1
DA:26,1
DA:27,1
DA:35,1
LF:17
LH:17
BRF:0
BRH:0
end_of_record
TN:
SF:api\routes\cloudRoutes.js
FNF:0
FNH:0
DA:1,1
DA:2,1
DA:3,1
DA:4,1
DA:7,1
DA:9,1
DA:11,1
LF:7
LH:7
BRF:0
BRH:0
end_of_record
TN:
SF:api\routes\connectionsRoute.js
FN:18,(anonymous_0)
FNF:1
FNH:0
FNDA:0,(anonymous_0)
DA:1,1
DA:2,1
DA:3,1
DA:4,1
DA:7,1
DA:8,1
DA:11,1
DA:14,1
DA:15,1
DA:18,1
DA:19,0
DA:20,0
DA:24,1
DA:26,1
DA:29,1
DA:31,1
DA:32,1
DA:34,1
DA:37,1
LF:19
LH:17
BRF:0
BRH:0
end_of_record
TN:
SF:api\routes\kickRoutes.js
FNF:0
FNH:0
DA:1,1
DA:2,1
DA:3,1
DA:4,1
DA:7,1
DA:8,1
DA:12,1
DA:13,1
DA:14,1
DA:15,1
DA:17,1
DA:19,1
DA:22,1
LF:13
LH:13
BRF:0
BRH:0
end_of_record
TN:
SF:api\routes\userRoutes.js
FNF:0
FNH:0
DA:1,1
DA:2,1
DA:3,1
DA:4,1
DA:7,1
DA:8,1
DA:9,1
DA:12,1
DA:14,1
DA:18,1
DA:21,1
DA:23,1
DA:25,1
DA:29,1
LF:14
LH:14
BRF:0
BRH:0
end_of_record
TN:
SF:api\routes\user_postRoutes.js
FNF:0
FNH:0
DA:1,1
DA:2,1
DA:3,1
DA:4,1
DA:6,1
DA:7,1
DA:11,1
DA:12,1
DA:13,1
DA:15,1
DA:17,1
DA:19,1
DA:22,1
DA:24,1
DA:26,1
DA:28,1
LF:16
LH:16
BRF:0
BRH:0
end_of_record
TN:
SF:api\routes\user_post_commentRoutes.js
FNF:0
FNH:0
DA:1,1
DA:2,1
DA:3,1
DA:4,1
DA:8,1
DA:11,1
DA:13,1
DA:15,1
DA:17,1
DA:19,1
DA:21,1
LF:11
LH:11
BRF:0
BRH:0
end_of_record
TN:
SF:api\routes\user_post_reactionRoutes.js
FNF:0
FNH:0
DA:1,1
DA:2,1
DA:3,1
DA:4,1
DA:8,1
DA:11,1
DA:13,1
DA:15,1
DA:17,1
DA:20,1
LF:10
LH:10
BRF:0
BRH:0
end_of_record
TN:
SF:api\routes\user_profileRoutes.js
FNF:0
FNH:0
DA:1,1
DA:2,1
DA:3,1
DA:4,1
DA:6,1
DA:7,1
DA:8,1
DA:10,1
DA:11,1
DA:14,1
DA:16,1
DA:18,1
DA:21,1
DA:23,1
DA:25,1
DA:28,1
LF:16
LH:16
BRF:0
BRH:0
end_of_record
TN:
SF:api\routes\user_settingsRoutes.js
FNF:0
FNH:0
DA:1,1
DA:2,1
DA:3,1
DA:6,1
DA:9,1
DA:11,1
DA:13,1
DA:16,1
LF:8
LH:8
BRF:0
BRH:0
end_of_record
TN:
SF:api\routes\verify_codeRoutes.js
FNF:0
FNH:0
DA:1,1
DA:2,1
DA:3,1
DA:4,1
DA:7,1
DA:8,1
DA:12,1
DA:14,1
DA:16,1
DA:19,1
DA:21,1
DA:23,1
DA:25,1
DA:27,1
DA:30,1
LF:15
LH:15
BRF:0
BRH:0
end_of_record
TN:
SF:api\services\AdvertisementService.js
FN:7,(anonymous_0)
FN:12,(anonymous_1)
FN:17,(anonymous_2)
FN:30,(anonymous_3)
FN:38,(anonymous_4)
FN:61,(anonymous_5)
FNF:6
FNH:1
FNDA:12,(anonymous_0)
FNDA:0,(anonymous_1)
FNDA:0,(anonymous_2)
FNDA:0,(anonymous_3)
FNDA:0,(anonymous_4)
FNDA:0,(anonymous_5)
DA:1,1
DA:2,1
DA:9,12
DA:14,0
DA:18,0
DA:19,0
DA:22,0
DA:23,0
DA:24,0
DA:27,0
DA:31,0
DA:32,0
DA:33,0
DA:35,0
DA:40,0
DA:41,0
DA:45,0
DA:46,0
DA:47,0
DA:51,0
DA:54,0
DA:55,0
DA:56,0
DA:58,0
DA:63,0
DA:64,0
DA:66,0
DA:67,0
DA:71,0
DA:75,1
LF:30
LH:4
BRDA:18,0,0,0
BRDA:18,0,1,0
BRDA:23,1,0,0
BRDA:23,1,1,0
BRDA:32,2,0,0
BRDA:32,2,1,0
BRDA:40,3,0,0
BRDA:40,3,1,0
BRDA:46,4,0,0
BRDA:46,4,1,0
BRDA:55,5,0,0
BRDA:55,5,1,0
BRDA:63,6,0,0
BRDA:63,6,1,0
BRDA:66,7,0,0
BRDA:66,7,1,0
BRF:16
BRH:0
end_of_record
TN:
SF:api\services\ConnectionsService.js
FN:6,(anonymous_0)
FN:12,(anonymous_1)
FN:16,(anonymous_2)
FN:20,(anonymous_3)
FN:48,(anonymous_4)
FN:53,(anonymous_5)
FN:56,(anonymous_6)
FN:63,(anonymous_7)
FN:68,(anonymous_8)
FN:75,(anonymous_9)
FN:82,(anonymous_10)
FN:85,(anonymous_11)
FN:92,(anonymous_12)
FN:100,(anonymous_13)
FN:123,(anonymous_14)
FN:194,(anonymous_15)
FNF:16
FNH:2
FNDA:12,(anonymous_0)
FNDA:12,(anonymous_1)
FNDA:0,(anonymous_2)
FNDA:0,(anonymous_3)
FNDA:0,(anonymous_4)
FNDA:0,(anonymous_5)
FNDA:0,(anonymous_6)
FNDA:0,(anonymous_7)
FNDA:0,(anonymous_8)
FNDA:0,(anonymous_9)
FNDA:0,(anonymous_10)
FNDA:0,(anonymous_11)
FNDA:0,(anonymous_12)
FNDA:0,(anonymous_13)
FNDA:0,(anonymous_14)
FNDA:0,(anonymous_15)
DA:1,1
DA:2,1
DA:7,12
DA:8,12
DA:9,12
DA:13,12
DA:17,0
DA:21,0
DA:22,0
DA:23,0
DA:25,0
DA:26,0
DA:27,0
DA:29,0
DA:30,0
DA:37,0
DA:42,0
DA:45,0
DA:49,0
DA:51,0
DA:53,0
DA:57,0
DA:60,0
DA:64,0
DA:66,0
DA:68,0
DA:69,0
DA:74,0
DA:75,0
DA:79,0
DA:83,0
DA:85,0
DA:86,0
DA:91,0
DA:92,0
DA:97,0
DA:101,0
DA:102,0
DA:104,0
DA:105,0
DA:108,0
DA:110,0
DA:111,0
DA:112,0
DA:115,0
DA:117,0
DA:118,0
DA:120,0
DA:124,0
DA:125,0
DA:126,0
DA:127,0
DA:129,0
DA:130,0
DA:132,0
DA:136,0
DA:137,0
DA:138,0
DA:143,0
DA:144,0
DA:146,0
DA:147,0
DA:148,0
DA:149,0
DA:150,0
DA:151,0
DA:156,0
DA:159,0
DA:160,0
DA:162,0
DA:163,0
DA:164,0
DA:167,0
DA:169,0
DA:170,0
DA:172,0
DA:174,0
DA:180,0
DA:181,0
DA:183,0
DA:184,0
DA:186,0
DA:195,0
DA:196,0
DA:197,0
DA:199,0
DA:200,0
DA:202,0
DA:203,0
DA:208,0
DA:209,0
DA:210,0
DA:213,0
DA:216,0
DA:217,0
DA:221,0
DA:222,0
DA:223,0
DA:228,0
DA:229,0
DA:230,0
DA:232,0
DA:234,0
DA:237,0
DA:239,0
DA:248,0
DA:249,0
DA:253,0
DA:254,0
DA:255,0
DA:258,0
DA:262,1
LF:112
LH:7
BRDA:29,0,0,0
BRDA:29,0,1,0
BRDA:29,1,0,0
BRDA:29,1,1,0
BRDA:38,2,0,0
BRDA:38,2,1,0
BRDA:70,3,0,0
BRDA:70,3,1,0
BRDA:87,4,0,0
BRDA:87,4,1,0
BRDA:101,5,0,0
BRDA:101,5,1,0
BRDA:104,6,0,0
BRDA:104,6,1,0
BRDA:111,7,0,0
BRDA:111,7,1,0
BRDA:117,8,0,0
BRDA:117,8,1,0
BRDA:124,9,0,0
BRDA:124,9,1,0
BRDA:126,10,0,0
BRDA:126,10,1,0
BRDA:129,11,0,0
BRDA:129,11,1,0
BRDA:129,12,0,0
BRDA:129,12,1,0
BRDA:137,13,0,0
BRDA:137,13,1,0
BRDA:143,14,0,0
BRDA:143,14,1,0
BRDA:146,15,0,0
BRDA:146,15,1,0
BRDA:150,16,0,0
BRDA:150,16,1,0
BRDA:159,17,0,0
BRDA:159,17,1,0
BRDA:159,18,0,0
BRDA:159,18,1,0
BRDA:159,18,2,0
BRDA:162,19,0,0
BRDA:162,19,1,0
BRDA:162,20,0,0
BRDA:162,20,1,0
BRDA:163,21,0,0
BRDA:163,21,1,0
BRDA:169,22,0,0
BRDA:169,22,1,0
BRDA:169,23,0,0
BRDA:169,23,1,0
BRDA:180,24,0,0
BRDA:180,24,1,0
BRDA:180,25,0,0
BRDA:180,25,1,0
BRDA:180,25,2,0
BRDA:183,26,0,0
BRDA:183,26,1,0
BRDA:195,27,0,0
BRDA:195,27,1,0
BRDA:196,28,0,0
BRDA:196,28,1,0
BRDA:199,29,0,0
BRDA:199,29,1,0
BRDA:202,30,0,0
BRDA:202,30,1,0
BRDA:202,31,0,0
BRDA:202,31,1,0
BRDA:209,32,0,0
BRDA:209,32,1,0
BRDA:216,33,0,0
BRDA:216,33,1,0
BRDA:222,34,0,0
BRDA:222,34,1,0
BRDA:229,35,0,0
BRDA:229,35,1,0
BRDA:232,36,0,0
BRDA:232,36,1,0
BRDA:232,37,0,0
BRDA:232,37,1,0
BRDA:237,38,0,0
BRDA:237,38,1,0
BRDA:237,39,0,0
BRDA:237,39,1,0
BRDA:248,40,0,0
BRDA:248,40,1,0
BRDA:254,41,0,0
BRDA:254,41,1,0
BRF:86
BRH:0
end_of_record
TN:
SF:api\services\KickService.js
FN:5,(anonymous_0)
FN:10,(anonymous_1)
FN:15,(anonymous_2)
FN:22,(anonymous_3)
FN:38,(anonymous_4)
FN:46,(anonymous_5)
FN:54,(anonymous_6)
FN:62,(anonymous_7)
FN:76,(anonymous_8)
FN:110,(anonymous_9)
FNF:10
FNH:1
FNDA:12,(anonymous_0)
FNDA:0,(anonymous_1)
FNDA:0,(anonymous_2)
FNDA:0,(anonymous_3)
FNDA:0,(anonymous_4)
FNDA:0,(anonymous_5)
FNDA:0,(anonymous_6)
FNDA:0,(anonymous_7)
FNDA:0,(anonymous_8)
FNDA:0,(anonymous_9)
DA:1,1
DA:2,1
DA:6,12
DA:7,12
DA:11,0
DA:16,0
DA:17,0
DA:19,0
DA:23,0
DA:24,0
DA:25,0
DA:29,0
DA:34,0
DA:39,0
DA:40,0
DA:42,0
DA:47,0
DA:48,0
DA:50,0
DA:55,0
DA:56,0
DA:59,0
DA:63,0
DA:64,0
DA:68,0
DA:70,0
DA:71,0
DA:73,0
DA:77,0
DA:78,0
DA:80,0
DA:81,0
DA:86,0
DA:87,0
DA:88,0
DA:93,0
DA:97,0
DA:98,0
DA:99,0
DA:101,0
DA:104,0
DA:111,0
DA:112,0
DA:113,0
DA:115,0
DA:116,0
DA:120,0
DA:121,0
DA:122,0
DA:125,0
DA:127,0
DA:128,0
DA:131,0
DA:133,0
DA:134,0
DA:136,0
DA:140,1
LF:57
LH:5
BRDA:16,0,0,0
BRDA:16,0,1,0
BRDA:23,1,0,0
BRDA:23,1,1,0
BRDA:25,2,0,0
BRDA:25,2,1,0
BRDA:39,3,0,0
BRDA:39,3,1,0
BRDA:47,4,0,0
BRDA:47,4,1,0
BRDA:55,5,0,0
BRDA:55,5,1,0
BRDA:63,6,0,0
BRDA:63,6,1,0
BRDA:70,7,0,0
BRDA:70,7,1,0
BRDA:77,8,0,0
BRDA:77,8,1,0
BRDA:78,9,0,0
BRDA:78,9,1,0
BRDA:87,10,0,0
BRDA:87,10,1,0
BRDA:93,11,0,0
BRDA:93,11,1,0
BRDA:98,12,0,0
BRDA:98,12,1,0
BRDA:111,13,0,0
BRDA:111,13,1,0
BRDA:112,14,0,0
BRDA:112,14,1,0
BRDA:115,15,0,0
BRDA:115,15,1,0
BRDA:121,16,0,0
BRDA:121,16,1,0
BRDA:127,17,0,0
BRDA:127,17,1,0
BRDA:133,18,0,0
BRDA:133,18,1,0
BRF:38
BRH:0
end_of_record
TN:
SF:api\services\NotificationService.js
FN:8,(anonymous_0)
FN:15,(anonymous_1)
FN:25,(anonymous_2)
FN:37,(anonymous_3)
FN:79,(anonymous_4)
FN:159,(anonymous_5)
FN:178,(anonymous_6)
FN:216,(anonymous_7)
FN:245,(anonymous_8)
FN:257,(anonymous_9)
FNF:10
FNH:1
FNDA:12,(anonymous_0)
FNDA:0,(anonymous_1)
FNDA:0,(anonymous_2)
FNDA:0,(anonymous_3)
FNDA:0,(anonymous_4)
FNDA:0,(anonymous_5)
FNDA:0,(anonymous_6)
FNDA:0,(anonymous_7)
FNDA:0,(anonymous_8)
FNDA:0,(anonymous_9)
DA:1,1
DA:2,1
DA:3,1
DA:4,1
DA:5,1
DA:9,12
DA:10,12
DA:11,12
DA:12,12
DA:16,0
DA:18,0
DA:19,0
DA:22,0
DA:24,0
DA:25,0
DA:32,0
DA:33,0
DA:38,0
DA:39,0
DA:41,0
DA:42,0
DA:46,0
DA:48,0
DA:51,0
DA:54,0
DA:55,0
DA:56,0
DA:57,0
DA:60,0
DA:62,0
DA:66,0
DA:67,0
DA:72,0
DA:73,0
DA:81,0
DA:83,0
DA:84,0
DA:90,0
DA:91,0
DA:95,0
DA:97,0
DA:98,0
DA:103,0
DA:107,0
DA:108,0
DA:109,0
DA:110,0
DA:113,0
DA:116,0
DA:117,0
DA:118,0
DA:119,0
DA:122,0
DA:125,0
DA:126,0
DA:127,0
DA:128,0
DA:131,0
DA:134,0
DA:135,0
DA:136,0
DA:137,0
DA:140,0
DA:142,0
DA:146,0
DA:148,0
DA:153,0
DA:154,0
DA:160,0
DA:163,0
DA:165,0
DA:166,0
DA:167,0
DA:170,0
DA:172,0
DA:173,0
DA:179,0
DA:180,0
DA:181,0
DA:184,0
DA:185,0
DA:186,0
DA:189,0
DA:191,0
DA:193,0
DA:194,0
DA:195,0
DA:198,0
DA:201,0
DA:203,0
DA:204,0
DA:205,0
DA:208,0
DA:210,0
DA:211,0
DA:217,0
DA:218,0
DA:220,0
DA:221,0
DA:225,0
DA:226,0
DA:227,0
DA:232,0
DA:234,0
DA:235,0
DA:240,0
DA:241,0
DA:242,0
DA:245,0
DA:253,0
DA:258,0
DA:259,0
DA:261,0
DA:262,0
DA:267,0
DA:268,0
DA:269,0
DA:275,0
DA:276,0
DA:277,0
DA:281,0
DA:282,0
DA:283,0
DA:287,0
DA:291,1
LF:125
LH:10
BRDA:18,0,0,0
BRDA:18,0,1,0
BRDA:42,1,0,0
BRDA:42,1,1,0
BRDA:51,2,0,0
BRDA:51,2,1,0
BRDA:66,3,0,0
BRDA:66,3,1,0
BRDA:83,4,0,0
BRDA:83,4,1,0
BRDA:91,5,0,0
BRDA:91,5,1,0
BRDA:103,6,0,0
BRDA:103,6,1,0
BRDA:103,6,2,0
BRDA:103,6,3,0
BRDA:103,6,4,0
BRDA:146,7,0,0
BRDA:146,7,1,0
BRDA:180,8,0,0
BRDA:180,8,1,0
BRDA:185,9,0,0
BRDA:185,9,1,0
BRDA:194,10,0,0
BRDA:194,10,1,0
BRDA:217,11,0,0
BRDA:217,11,1,0
BRDA:220,12,0,0
BRDA:220,12,1,0
BRDA:226,13,0,0
BRDA:226,13,1,0
BRDA:232,14,0,0
BRDA:232,14,1,0
BRDA:234,15,0,0
BRDA:234,15,1,0
BRDA:241,16,0,0
BRDA:241,16,1,0
BRDA:258,17,0,0
BRDA:258,17,1,0
BRDA:261,18,0,0
BRDA:261,18,1,0
BRDA:268,19,0,0
BRDA:268,19,1,0
BRDA:276,20,0,0
BRDA:276,20,1,0
BRDA:282,21,0,0
BRDA:282,21,1,0
BRF:47
BRH:0
end_of_record
TN:
SF:api\services\UserService.js
FN:9,(anonymous_0)
FN:14,(anonymous_1)
FN:19,(anonymous_2)
FN:24,(anonymous_3)
FN:29,(anonymous_4)
FN:34,(anonymous_5)
FN:39,(anonymous_6)
FN:48,(anonymous_7)
FN:54,(anonymous_8)
FN:68,(anonymous_9)
FN:79,(anonymous_10)
FN:117,(anonymous_11)
FN:144,(anonymous_12)
FN:167,(anonymous_13)
FNF:14
FNH:1
FNDA:12,(anonymous_0)
FNDA:0,(anonymous_1)
FNDA:0,(anonymous_2)
FNDA:0,(anonymous_3)
FNDA:0,(anonymous_4)
FNDA:0,(anonymous_5)
FNDA:0,(anonymous_6)
FNDA:0,(anonymous_7)
FNDA:0,(anonymous_8)
FNDA:0,(anonymous_9)
FNDA:0,(anonymous_10)
FNDA:0,(anonymous_11)
FNDA:0,(anonymous_12)
FNDA:0,(anonymous_13)
DA:1,1
DA:2,1
DA:3,1
DA:4,1
DA:5,1
DA:11,12
DA:16,0
DA:21,0
DA:26,0
DA:31,0
DA:36,0
DA:41,0
DA:42,0
DA:45,0
DA:50,0
DA:51,0
DA:56,0
DA:57,0
DA:60,0
DA:62,0
DA:63,0
DA:65,0
DA:71,0
DA:72,0
DA:73,0
DA:76,0
DA:82,0
DA:83,0
DA:85,0
DA:86,0
DA:88,0
DA:89,0
DA:91,0
DA:92,0
DA:94,0
DA:95,0
DA:96,0
DA:98,0
DA:99,0
DA:101,0
DA:102,0
DA:104,0
DA:105,0
DA:107,0
DA:108,0
DA:110,0
DA:111,0
DA:114,0
DA:119,0
DA:120,0
DA:121,0
DA:123,0
DA:124,0
DA:126,0
DA:127,0
DA:129,0
DA:131,0
DA:132,0
DA:133,0
DA:136,0
DA:138,0
DA:139,0
DA:141,0
DA:146,0
DA:147,0
DA:148,0
DA:151,0
DA:153,0
DA:154,0
DA:157,0
DA:159,0
DA:160,0
DA:162,0
DA:169,0
DA:170,0
DA:171,0
DA:172,0
DA:175,0
DA:177,0
DA:178,0
DA:181,0
DA:187,1
LF:82
LH:7
BRDA:41,0,0,0
BRDA:41,0,1,0
BRDA:56,1,0,0
BRDA:56,1,1,0
BRDA:62,2,0,0
BRDA:62,2,1,0
BRDA:68,3,0,0
BRDA:72,4,0,0
BRDA:72,4,1,0
BRDA:82,5,0,0
BRDA:82,5,1,0
BRDA:85,6,0,0
BRDA:85,6,1,0
BRDA:88,7,0,0
BRDA:88,7,1,0
BRDA:91,8,0,0
BRDA:91,8,1,0
BRDA:95,9,0,0
BRDA:95,9,1,0
BRDA:98,10,0,0
BRDA:98,10,1,0
BRDA:101,11,0,0
BRDA:101,11,1,0
BRDA:104,12,0,0
BRDA:104,12,1,0
BRDA:107,13,0,0
BRDA:107,13,1,0
BRDA:110,14,0,0
BRDA:110,14,1,0
BRDA:119,15,0,0
BRDA:119,15,1,0
BRDA:120,16,0,0
BRDA:120,16,1,0
BRDA:123,17,0,0
BRDA:123,17,1,0
BRDA:126,18,0,0
BRDA:126,18,1,0
BRDA:132,19,0,0
BRDA:132,19,1,0
BRDA:138,20,0,0
BRDA:138,20,1,0
BRDA:146,21,0,0
BRDA:146,21,1,0
BRDA:147,22,0,0
BRDA:147,22,1,0
BRDA:153,23,0,0
BRDA:153,23,1,0
BRDA:159,24,0,0
BRDA:159,24,1,0
BRDA:169,25,0,0
BRDA:169,25,1,0
BRDA:171,26,0,0
BRDA:171,26,1,0
BRDA:177,27,0,0
BRDA:177,27,1,0
BRF:55
BRH:0
end_of_record
TN:
SF:api\services\User_PostService.js
FN:5,(anonymous_0)
FN:13,(anonymous_1)
FN:17,(anonymous_2)
FN:21,(anonymous_3)
FN:29,(anonymous_4)
FN:33,(anonymous_5)
FN:37,(anonymous_6)
FN:50,(anonymous_7)
FN:85,(anonymous_8)
FN:103,(anonymous_9)
FN:123,(anonymous_10)
FNF:11
FNH:2
FNDA:12,(anonymous_0)
FNDA:12,(anonymous_1)
FNDA:0,(anonymous_2)
FNDA:0,(anonymous_3)
FNDA:0,(anonymous_4)
FNDA:0,(anonymous_5)
FNDA:0,(anonymous_6)
FNDA:0,(anonymous_7)
FNDA:0,(anonymous_8)
FNDA:0,(anonymous_9)
FNDA:0,(anonymous_10)
DA:1,1
DA:2,1
DA:6,12
DA:7,12
DA:8,12
DA:9,12
DA:10,12
DA:14,12
DA:18,0
DA:22,0
DA:23,0
DA:26,0
DA:30,0
DA:34,0
DA:38,0
DA:39,0
DA:42,0
DA:44,0
DA:45,0
DA:47,0
DA:51,0
DA:52,0
DA:53,0
DA:57,0
DA:58,0
DA:60,0
DA:61,0
DA:63,0
DA:64,0
DA:66,0
DA:67,0
DA:69,0
DA:70,0
DA:72,0
DA:73,0
DA:77,0
DA:78,0
DA:79,0
DA:85,0
DA:87,0
DA:92,0
DA:99,0
DA:103,0
DA:104,0
DA:110,0
DA:117,0
DA:118,0
DA:124,0
DA:125,0
DA:126,0
DA:128,0
DA:129,0
DA:131,0
DA:132,0
DA:134,0
DA:135,0
DA:137,0
DA:138,0
DA:140,0
DA:141,0
DA:145,0
DA:146,0
DA:147,0
DA:150,0
DA:152,0
DA:153,0
DA:156,0
DA:158,0
DA:159,0
DA:161,0
DA:166,1
LF:71
LH:9
BRDA:22,0,0,0
BRDA:22,0,1,0
BRDA:22,1,0,0
BRDA:22,1,1,0
BRDA:38,2,0,0
BRDA:38,2,1,0
BRDA:44,3,0,0
BRDA:44,3,1,0
BRDA:57,4,0,0
BRDA:57,4,1,0
BRDA:60,5,0,0
BRDA:60,5,1,0
BRDA:63,6,0,0
BRDA:63,6,1,0
BRDA:66,7,0,0
BRDA:66,7,1,0
BRDA:69,8,0,0
BRDA:69,8,1,0
BRDA:72,9,0,0
BRDA:72,9,1,0
BRDA:78,10,0,0
BRDA:78,10,1,0
BRDA:124,11,0,0
BRDA:124,11,1,0
BRDA:125,12,0,0
BRDA:125,12,1,0
BRDA:128,13,0,0
BRDA:128,13,1,0
BRDA:131,14,0,0
BRDA:131,14,1,0
BRDA:134,15,0,0
BRDA:134,15,1,0
BRDA:137,16,0,0
BRDA:137,16,1,0
BRDA:140,17,0,0
BRDA:140,17,1,0
BRDA:146,18,0,0
BRDA:146,18,1,0
BRDA:152,19,0,0
BRDA:152,19,1,0
BRDA:158,20,0,0
BRDA:158,20,1,0
BRF:42
BRH:0
end_of_record
TN:
SF:api\services\User_Post_CommentService.js
FN:5,(anonymous_0)
FN:14,(anonymous_1)
FN:18,(anonymous_2)
FN:22,(anonymous_3)
FN:26,(anonymous_4)
FN:39,(anonymous_5)
FN:61,(anonymous_6)
FN:101,(anonymous_7)
FN:122,(anonymous_8)
FN:156,(anonymous_9)
FNF:10
FNH:2
FNDA:12,(anonymous_0)
FNDA:12,(anonymous_1)
FNDA:0,(anonymous_2)
FNDA:0,(anonymous_3)
FNDA:0,(anonymous_4)
FNDA:0,(anonymous_5)
FNDA:0,(anonymous_6)
FNDA:0,(anonymous_7)
FNDA:0,(anonymous_8)
FNDA:0,(anonymous_9)
DA:1,1
DA:2,1
DA:6,12
DA:7,12
DA:8,12
DA:9,12
DA:10,12
DA:11,12
DA:15,12
DA:19,0
DA:23,0
DA:27,0
DA:28,0
DA:31,0
DA:33,0
DA:34,0
DA:36,0
DA:40,0
DA:41,0
DA:42,0
DA:45,0
DA:48,0
DA:49,0
DA:50,0
DA:54,0
DA:55,0
DA:56,0
DA:61,0
DA:64,0
DA:69,0
DA:70,0
DA:75,0
DA:76,0
DA:77,0
DA:84,0
DA:92,0
DA:101,0
DA:102,0
DA:108,0
DA:115,0
DA:116,0
DA:123,0
DA:124,0
DA:126,0
DA:127,0
DA:129,0
DA:130,0
DA:132,0
DA:133,0
DA:137,0
DA:138,0
DA:139,0
DA:142,0
DA:143,0
DA:146,0
DA:147,0
DA:148,0
DA:151,0
DA:157,0
DA:158,0
DA:160,0
DA:161,0
DA:163,0
DA:164,0
DA:168,0
DA:169,0
DA:171,0
DA:172,0
DA:177,1
LF:69
LH:10
BRDA:27,0,0,0
BRDA:27,0,1,0
BRDA:33,1,0,0
BRDA:33,1,1,0
BRDA:49,2,0,0
BRDA:49,2,1,0
BRDA:55,3,0,0
BRDA:55,3,1,0
BRDA:69,4,0,0
BRDA:69,4,1,0
BRDA:126,5,0,0
BRDA:126,5,1,0
BRDA:129,6,0,0
BRDA:129,6,1,0
BRDA:132,7,0,0
BRDA:132,7,1,0
BRDA:138,8,0,0
BRDA:138,8,1,0
BRDA:142,9,0,0
BRDA:142,9,1,0
BRDA:147,10,0,0
BRDA:147,10,1,0
BRDA:157,11,0,0
BRDA:157,11,1,0
BRDA:160,12,0,0
BRDA:160,12,1,0
BRDA:163,13,0,0
BRDA:163,13,1,0
BRDA:168,14,0,0
BRDA:168,14,1,0
BRDA:171,15,0,0
BRDA:171,15,1,0
BRF:32
BRH:0
end_of_record
TN:
SF:api\services\User_Post_ReactionService.js
FN:5,(anonymous_0)
FN:14,(anonymous_1)
FN:19,(anonymous_2)
FN:23,(anonymous_3)
FN:28,(anonymous_4)
FN:42,(anonymous_5)
FN:65,(anonymous_6)
FN:95,(anonymous_7)
FN:117,(anonymous_8)
FN:129,(anonymous_9)
FN:150,(anonymous_10)
FN:183,(anonymous_11)
FN:216,(anonymous_12)
FNF:13
FNH:2
FNDA:12,(anonymous_0)
FNDA:12,(anonymous_1)
FNDA:0,(anonymous_2)
FNDA:0,(anonymous_3)
FNDA:0,(anonymous_4)
FNDA:0,(anonymous_5)
FNDA:0,(anonymous_6)
FNDA:0,(anonymous_7)
FNDA:0,(anonymous_8)
FNDA:0,(anonymous_9)
FNDA:0,(anonymous_10)
FNDA:0,(anonymous_11)
FNDA:0,(anonymous_12)
DA:1,1
DA:2,1
DA:6,12
DA:7,12
DA:8,12
DA:9,12
DA:10,12
DA:11,12
DA:15,12
DA:20,0
DA:24,0
DA:25,0
DA:29,0
DA:30,0
DA:33,0
DA:35,0
DA:36,0
DA:39,0
DA:43,0
DA:44,0
DA:45,0
DA:48,0
DA:51,0
DA:52,0
DA:53,0
DA:57,0
DA:58,0
DA:59,0
DA:65,0
DA:70,0
DA:78,0
DA:79,0
DA:80,0
DA:82,0
DA:85,0
DA:90,0
DA:95,0
DA:96,0
DA:102,0
DA:109,0
DA:110,0
DA:118,0
DA:119,0
DA:121,0
DA:122,0
DA:124,0
DA:125,0
DA:130,0
DA:135,0
DA:136,0
DA:137,0
DA:138,0
DA:142,0
DA:143,0
DA:145,0
DA:152,0
DA:158,0
DA:159,0
DA:165,0
DA:166,0
DA:170,0
DA:171,0
DA:176,0
DA:180,0
DA:185,0
DA:188,0
DA:191,0
DA:200,0
DA:206,0
DA:207,0
DA:209,0
DA:210,0
DA:213,0
DA:218,0
DA:221,0
DA:227,0
DA:233,0
DA:234,0
DA:236,0
DA:237,0
DA:241,0
DA:242,0
DA:244,0
DA:248,0
DA:253,1
LF:85
LH:10
BRDA:29,0,0,0
BRDA:29,0,1,0
BRDA:35,1,0,0
BRDA:35,1,1,0
BRDA:52,2,0,0
BRDA:52,2,1,0
BRDA:58,3,0,0
BRDA:58,3,1,0
BRDA:78,4,0,0
BRDA:78,4,1,0
BRDA:79,5,0,0
BRDA:79,5,1,0
BRDA:118,6,0,0
BRDA:118,6,1,0
BRDA:121,7,0,0
BRDA:121,7,1,0
BRDA:124,8,0,0
BRDA:124,8,1,0
BRDA:131,9,0,0
BRDA:131,9,1,0
BRDA:132,10,0,0
BRDA:132,10,1,0
BRDA:135,11,0,0
BRDA:135,11,1,0
BRDA:136,12,0,0
BRDA:136,12,1,0
BRDA:137,13,0,0
BRDA:137,13,1,0
BRDA:138,14,0,0
BRDA:138,14,1,0
BRDA:165,15,0,0
BRDA:165,15,1,0
BRDA:206,16,0,0
BRDA:206,16,1,0
BRDA:209,17,0,0
BRDA:209,17,1,0
BRDA:233,18,0,0
BRDA:233,18,1,0
BRDA:236,19,0,0
BRDA:236,19,1,0
BRF:40
BRH:0
end_of_record
TN:
SF:api\services\User_ProfileService.js
FN:5,(anonymous_0)
FN:10,(anonymous_1)
FN:14,(anonymous_2)
FN:21,(anonymous_3)
FN:29,(anonymous_4)
FN:42,(anonymous_5)
FN:81,(anonymous_6)
FN:136,(anonymous_7)
FNF:8
FNH:7
FNDA:12,(anonymous_0)
FNDA:1,(anonymous_1)
FNDA:2,(anonymous_2)
FNDA:2,(anonymous_3)
FNDA:2,(anonymous_4)
FNDA:10,(anonymous_5)
FNDA:11,(anonymous_6)
FNDA:0,(anonymous_7)
DA:1,1
DA:2,1
DA:6,12
DA:7,12
DA:11,1
DA:15,2
DA:16,0
DA:18,2
DA:22,2
DA:23,0
DA:26,2
DA:30,2
DA:31,0
DA:34,2
DA:36,2
DA:37,1
DA:39,1
DA:43,10
DA:45,10
DA:46,1
DA:48,9
DA:49,1
DA:51,8
DA:52,1
DA:54,7
DA:55,1
DA:57,6
DA:58,1
DA:62,5
DA:63,1
DA:65,4
DA:66,1
DA:68,3
DA:69,1
DA:71,2
DA:72,0
DA:74,2
DA:75,1
DA:78,1
DA:82,11
DA:83,11
DA:85,11
DA:86,1
DA:88,10
DA:89,1
DA:91,9
DA:92,1
DA:94,8
DA:95,1
DA:97,7
DA:98,1
DA:103,6
DA:104,1
DA:106,5
DA:107,1
DA:109,4
DA:110,1
DA:112,3
DA:113,0
DA:115,3
DA:116,1
DA:119,2
DA:122,2
DA:123,0
DA:126,2
DA:128,2
DA:129,0
DA:131,2
DA:137,0
DA:138,0
DA:139,0
DA:143,0
DA:144,0
DA:145,0
DA:149,0
DA:150,0
DA:151,0
DA:155,0
DA:156,0
DA:159,0
DA:160,0
DA:164,0
DA:165,0
DA:171,1
LF:84
LH:62
BRDA:14,0,0,1
BRDA:15,1,0,0
BRDA:15,1,1,2
BRDA:22,2,0,0
BRDA:22,2,1,2
BRDA:30,3,0,0
BRDA:30,3,1,2
BRDA:36,4,0,1
BRDA:36,4,1,1
BRDA:42,5,0,10
BRDA:45,6,0,1
BRDA:45,6,1,9
BRDA:48,7,0,1
BRDA:48,7,1,8
BRDA:51,8,0,1
BRDA:51,8,1,7
BRDA:54,9,0,1
BRDA:54,9,1,6
BRDA:57,10,0,1
BRDA:57,10,1,5
BRDA:62,11,0,1
BRDA:62,11,1,4
BRDA:65,12,0,1
BRDA:65,12,1,3
BRDA:68,13,0,1
BRDA:68,13,1,2
BRDA:71,14,0,0
BRDA:71,14,1,2
BRDA:74,15,0,1
BRDA:74,15,1,1
BRDA:82,16,0,0
BRDA:82,16,1,11
BRDA:85,17,0,1
BRDA:85,17,1,10
BRDA:88,18,0,1
BRDA:88,18,1,9
BRDA:91,19,0,1
BRDA:91,19,1,8
BRDA:94,20,0,1
BRDA:94,20,1,7
BRDA:97,21,0,1
BRDA:97,21,1,6
BRDA:103,22,0,1
BRDA:103,22,1,5
BRDA:106,23,0,1
BRDA:106,23,1,4
BRDA:106,24,0,5
BRDA:106,24,1,5
BRDA:109,25,0,1
BRDA:109,25,1,3
BRDA:112,26,0,0
BRDA:112,26,1,3
BRDA:115,27,0,1
BRDA:115,27,1,2
BRDA:122,28,0,0
BRDA:122,28,1,2
BRDA:128,29,0,0
BRDA:128,29,1,2
BRDA:137,30,0,0
BRDA:137,30,1,0
BRDA:138,31,0,0
BRDA:138,31,1,0
BRDA:138,32,0,0
BRDA:138,32,1,0
BRDA:144,33,0,0
BRDA:144,33,1,0
BRDA:150,34,0,0
BRDA:150,34,1,0
BRDA:155,35,0,0
BRDA:155,35,1,0
BRDA:155,36,0,0
BRDA:155,36,1,0
BRDA:159,37,0,0
BRDA:159,37,1,0
BRF:74
BRH:50
end_of_record
TN:
SF:api\services\User_SettingsService.js
FN:5,(anonymous_0)
FN:9,(anonymous_1)
FN:13,(anonymous_2)
FN:19,(anonymous_3)
FN:23,(anonymous_4)
FN:39,(anonymous_5)
FN:45,(anonymous_6)
FN:51,(anonymous_7)
FNF:8
FNH:1
FNDA:12,(anonymous_0)
FNDA:0,(anonymous_1)
FNDA:0,(anonymous_2)
FNDA:0,(anonymous_3)
FNDA:0,(anonymous_4)
FNDA:0,(anonymous_5)
FNDA:0,(anonymous_6)
FNDA:0,(anonymous_7)
DA:1,1
DA:2,1
DA:6,12
DA:10,0
DA:14,0
DA:16,0
DA:20,0
DA:24,0
DA:25,0
DA:27,0
DA:28,0
DA:31,0
DA:33,0
DA:34,0
DA:36,0
DA:40,0
DA:42,0
DA:47,0
DA:52,0
DA:53,0
DA:55,0
DA:56,0
DA:59,0
DA:60,0
DA:61,0
DA:64,0
DA:66,0
DA:67,0
DA:69,0
DA:73,1
LF:30
LH:4
BRDA:27,0,0,0
BRDA:27,0,1,0
BRDA:33,1,0,0
BRDA:33,1,1,0
BRDA:45,2,0,0
BRDA:55,3,0,0
BRDA:55,3,1,0
BRDA:60,4,0,0
BRDA:60,4,1,0
BRDA:66,5,0,0
BRDA:66,5,1,0
BRF:11
BRH:0
end_of_record
TN:
SF:api\services\Verify_CodeService.js
FN:5,(anonymous_0)
FN:9,(anonymous_1)
FN:13,(anonymous_2)
FN:17,(anonymous_3)
FN:21,(anonymous_4)
FN:34,(anonymous_5)
FN:47,(anonymous_6)
FN:58,(anonymous_7)
FN:78,(anonymous_8)
FNF:9
FNH:1
FNDA:12,(anonymous_0)
FNDA:0,(anonymous_1)
FNDA:0,(anonymous_2)
FNDA:0,(anonymous_3)
FNDA:0,(anonymous_4)
FNDA:0,(anonymous_5)
FNDA:0,(anonymous_6)
FNDA:0,(anonymous_7)
FNDA:0,(anonymous_8)
DA:1,1
DA:2,1
DA:6,12
DA:10,0
DA:14,0
DA:18,0
DA:22,0
DA:23,0
DA:26,0
DA:28,0
DA:29,0
DA:31,0
DA:35,0
DA:36,0
DA:39,0
DA:41,0
DA:42,0
DA:44,0
DA:48,0
DA:49,0
DA:51,0
DA:52,0
DA:54,0
DA:55,0
DA:59,0
DA:60,0
DA:61,0
DA:64,0
DA:66,0
DA:67,0
DA:70,0
DA:72,0
DA:73,0
DA:75,0
DA:79,0
DA:80,0
DA:82,0
DA:83,0
DA:85,0
DA:87,0
DA:88,0
DA:91,0
DA:93,0
DA:94,0
DA:97,0
DA:102,0
DA:107,1
LF:47
LH:4
BRDA:22,0,0,0
BRDA:22,0,1,0
BRDA:28,1,0,0
BRDA:28,1,1,0
BRDA:35,2,0,0
BRDA:35,2,1,0
BRDA:41,3,0,0
BRDA:41,3,1,0
BRDA:48,4,0,0
BRDA:48,4,1,0
BRDA:51,5,0,0
BRDA:51,5,1,0
BRDA:59,6,0,0
BRDA:59,6,1,0
BRDA:60,7,0,0
BRDA:60,7,1,0
BRDA:66,8,0,0
BRDA:66,8,1,0
BRDA:72,9,0,0
BRDA:72,9,1,0
BRDA:79,10,0,0
BRDA:79,10,1,0
BRDA:80,11,0,0
BRDA:80,11,1,0
BRDA:82,12,0,0
BRDA:82,12,1,0
BRDA:87,13,0,0
BRDA:87,13,1,0
BRDA:93,14,0,0
BRDA:93,14,1,0
BRF:30
BRH:0
end_of_record
TN:
SF:api\services\index.js
FN:13,(anonymous_0)
FNF:1
FNH:1
FNDA:12,(anonymous_0)
DA:1,1
DA:2,1
DA:3,1
DA:4,1
DA:5,1
DA:6,1
DA:7,1
DA:8,1
DA:9,1
DA:10,1
DA:11,1
DA:13,1
DA:15,12
DA:16,12
DA:17,12
DA:18,12
DA:19,12
DA:20,12
DA:21,12
DA:22,12
DA:23,12
DA:24,12
DA:25,12
DA:29,12
DA:30,12
DA:31,12
DA:32,12
DA:35,12
LF:28
LH:28
BRF:0
BRH:0
end_of_record
TN:
SF:api\utilities\authUtils.js
FN:7,(anonymous_0)
FN:13,(anonymous_1)
FN:23,(anonymous_2)
FN:32,(anonymous_3)
FN:43,(anonymous_4)
FN:47,(anonymous_5)
FN:51,(anonymous_6)
FN:55,(anonymous_7)
FN:60,(anonymous_8)
FN:65,(anonymous_9)
FN:72,(anonymous_10)
FN:74,(anonymous_11)
FN:79,(anonymous_12)
FN:84,(anonymous_13)
FN:89,(anonymous_14)
FN:105,(anonymous_15)
FN:110,(anonymous_16)
FN:115,(anonymous_17)
FN:120,(anonymous_18)
FN:124,(anonymous_19)
FNF:20
FNH:9
FNDA:0,(anonymous_0)
FNDA:0,(anonymous_1)
FNDA:0,(anonymous_2)
FNDA:0,(anonymous_3)
FNDA:84,(anonymous_4)
FNDA:0,(anonymous_5)
FNDA:0,(anonymous_6)
FNDA:0,(anonymous_7)
FNDA:0,(anonymous_8)
FNDA:0,(anonymous_9)
FNDA:40,(anonymous_10)
FNDA:17,(anonymous_11)
FNDA:13,(anonymous_12)
FNDA:11,(anonymous_13)
FNDA:9,(anonymous_14)
FNDA:7,(anonymous_15)
FNDA:5,(anonymous_16)
FNDA:5,(anonymous_17)
FNDA:0,(anonymous_18)
FNDA:0,(anonymous_19)
DA:1,1
DA:3,1
DA:5,1
DA:7,1
DA:8,0
DA:13,1
DA:14,0
DA:15,0
DA:18,0
DA:23,1
DA:24,0
DA:25,0
DA:32,1
DA:33,0
DA:43,1
DA:44,84
DA:47,1
DA:48,0
DA:51,1
DA:52,0
DA:55,1
DA:56,0
DA:57,0
DA:60,1
DA:61,0
DA:62,0
DA:65,1
DA:66,0
DA:67,0
DA:72,40
DA:74,1
DA:75,17
DA:76,17
DA:79,1
DA:80,13
DA:81,13
DA:84,1
DA:85,11
DA:86,2
DA:89,1
DA:90,9
DA:91,3
DA:93,3
DA:94,3
DA:96,3
DA:97,3
DA:98,3
DA:99,3
DA:100,3
DA:102,3
DA:105,1
DA:106,7
DA:107,2
DA:110,1
DA:111,5
DA:112,0
DA:115,1
DA:116,5
DA:117,3
DA:120,1
DA:121,0
DA:124,1
DA:125,0
LF:63
LH:45
BRDA:75,0,0,0
BRDA:75,0,1,17
BRDA:76,1,0,17
BRDA:76,1,1,15
BRDA:76,1,2,15
BRDA:80,2,0,0
BRDA:80,2,1,13
BRDA:81,3,0,13
BRDA:81,3,1,11
BRDA:81,3,2,11
BRDA:85,4,0,9
BRDA:85,4,1,2
BRDA:86,5,0,2
BRDA:86,5,1,0
BRDA:90,6,0,6
BRDA:90,6,1,3
BRDA:91,7,0,0
BRDA:91,7,1,3
BRDA:94,8,0,0
BRDA:94,8,1,3
BRDA:102,9,0,3
BRDA:102,9,1,3
BRDA:106,10,0,5
BRDA:106,10,1,2
BRDA:107,11,0,2
BRDA:107,11,1,0
BRDA:111,12,0,5
BRDA:111,12,1,0
BRDA:112,13,0,0
BRDA:112,13,1,0
BRDA:116,14,0,2
BRDA:116,14,1,3
BRDA:117,15,0,3
BRDA:117,15,1,1
BRDA:121,16,0,0
BRDA:121,16,1,0
BRDA:121,16,2,0
BRDA:125,17,0,0
BRDA:125,17,1,0
BRDA:125,17,2,0
BRF:40
BRH:25
end_of_record
TN:
SF:api\utilities\cloudUtils.js
FN:10,(anonymous_0)
FN:18,(anonymous_1)
FN:21,(anonymous_2)
FN:28,(anonymous_3)
FN:44,(anonymous_4)
FNF:5
FNH:1
FNDA:5,(anonymous_0)
FNDA:0,(anonymous_1)
FNDA:0,(anonymous_2)
FNDA:0,(anonymous_3)
FNDA:0,(anonymous_4)
DA:1,1
DA:2,1
DA:3,1
DA:4,1
DA:5,1
DA:10,1
DA:11,5
DA:13,5
DA:14,0
DA:17,5
DA:19,0
DA:23,0
DA:24,0
DA:28,5
DA:29,0
DA:31,0
DA:32,0
DA:34,0
DA:38,5
DA:44,1
DA:46,0
DA:48,0
DA:49,0
DA:50,0
DA:52,0
LF:25
LH:12
BRDA:13,0,0,0
BRDA:13,0,1,5
BRDA:31,1,0,0
BRDA:31,1,1,0
BRDA:48,2,0,0
BRDA:48,2,1,0
BRF:6
BRH:1
end_of_record
TN:
SF:api\utilities\email.js
FN:14,(anonymous_0)
FNF:1
FNH:0
FNDA:0,(anonymous_0)
DA:1,1
DA:2,1
DA:4,1
DA:14,1
DA:16,0
DA:17,0
DA:18,0
DA:19,0
DA:22,0
DA:23,0
DA:30,0
DA:31,0
DA:33,0
DA:35,0
DA:36,0
LF:15
LH:4
BRDA:6,0,0,1
BRDA:6,0,1,0
BRDA:16,1,0,0
BRDA:16,1,1,0
BRDA:30,2,0,0
BRDA:30,2,1,0
BRF:6
BRH:1
end_of_record
TN:
SF:api\utilities\emailTemplates.js
FN:1,(anonymous_0)
FN:14,(anonymous_1)
FN:27,(anonymous_2)
FN:40,(anonymous_3)
FN:53,(anonymous_4)
FN:65,(anonymous_5)
FN:77,(anonymous_6)
FNF:7
FNH:0
FNDA:0,(anonymous_0)
FNDA:0,(anonymous_1)
FNDA:0,(anonymous_2)
FNDA:0,(anonymous_3)
FNDA:0,(anonymous_4)
FNDA:0,(anonymous_5)
FNDA:0,(anonymous_6)
DA:1,1
DA:2,0
DA:6,0
DA:7,0
DA:11,0
DA:14,1
DA:15,0
DA:18,0
DA:19,0
DA:23,0
DA:27,1
DA:28,0
DA:31,0
DA:32,0
DA:36,0
DA:40,1
DA:41,0
DA:44,0
DA:45,0
DA:49,0
DA:53,1
DA:54,0
DA:57,0
DA:58,0
DA:62,0
DA:65,1
DA:66,0
DA:67,0
DA:74,0
DA:77,1
DA:78,0
DA:79,0
DA:84,0
LF:33
LH:7
BRF:0
BRH:0
end_of_record
